mode: atomic
github.com/CCoupel/GhostDrive/main.go:20.13,22.16 2 0
github.com/CCoupel/GhostDrive/main.go:22.16,24.3 1 0
github.com/CCoupel/GhostDrive/main.go:25.2,25.9 1 0
github.com/CCoupel/GhostDrive/main.go:25.9,28.3 2 0
github.com/CCoupel/GhostDrive/main.go:30.2,36.16 4 0
github.com/CCoupel/GhostDrive/main.go:36.16,38.3 1 0
github.com/CCoupel/GhostDrive/main.go:40.2,58.17 1 0
github.com/CCoupel/GhostDrive/main.go:58.17,60.3 1 0
github.com/CCoupel/GhostDrive/tray_other.go:9.30,9.31 0 0
github.com/CCoupel/GhostDrive/frontend/node_modules/flatted/golang/pkg/flatted/flatted.go:16.68,21.30 4 0
github.com/CCoupel/GhostDrive/frontend/node_modules/flatted/golang/pkg/flatted/flatted.go:21.30,27.3 5 0
github.com/CCoupel/GhostDrive/frontend/node_modules/flatted/golang/pkg/flatted/flatted.go:29.2,29.28 1 0
github.com/CCoupel/GhostDrive/frontend/node_modules/flatted/golang/pkg/flatted/flatted.go:29.28,30.15 1 0
github.com/CCoupel/GhostDrive/frontend/node_modules/flatted/golang/pkg/flatted/flatted.go:30.15,32.4 1 0
github.com/CCoupel/GhostDrive/frontend/node_modules/flatted/golang/pkg/flatted/flatted.go:33.3,35.100 3 0
github.com/CCoupel/GhostDrive/frontend/node_modules/flatted/golang/pkg/flatted/flatted.go:35.100,36.32 1 0
github.com/CCoupel/GhostDrive/frontend/node_modules/flatted/golang/pkg/flatted/flatted.go:36.32,37.31 1 0
github.com/CCoupel/GhostDrive/frontend/node_modules/flatted/golang/pkg/flatted/flatted.go:37.31,38.16 1 0
github.com/CCoupel/GhostDrive/frontend/node_modules/flatted/golang/pkg/flatted/flatted.go:38.16,40.7 1 0
github.com/CCoupel/GhostDrive/frontend/node_modules/flatted/golang/pkg/flatted/flatted.go:41.11,43.59 2 0
github.com/CCoupel/GhostDrive/frontend/node_modules/flatted/golang/pkg/flatted/flatted.go:43.59,45.7 1 0
github.com/CCoupel/GhostDrive/frontend/node_modules/flatted/golang/pkg/flatted/flatted.go:48.4,48.19 1 0
github.com/CCoupel/GhostDrive/frontend/node_modules/flatted/golang/pkg/flatted/flatted.go:50.3,50.11 1 0
github.com/CCoupel/GhostDrive/frontend/node_modules/flatted/golang/pkg/flatted/flatted.go:53.2,53.31 1 0
github.com/CCoupel/GhostDrive/frontend/node_modules/flatted/golang/pkg/flatted/flatted.go:53.31,55.20 2 0
github.com/CCoupel/GhostDrive/frontend/node_modules/flatted/golang/pkg/flatted/flatted.go:55.20,57.4 1 0
github.com/CCoupel/GhostDrive/frontend/node_modules/flatted/golang/pkg/flatted/flatted.go:58.3,58.38 1 0
github.com/CCoupel/GhostDrive/frontend/node_modules/flatted/golang/pkg/flatted/flatted.go:58.38,60.4 1 0
github.com/CCoupel/GhostDrive/frontend/node_modules/flatted/golang/pkg/flatted/flatted.go:62.3,62.47 1 0
github.com/CCoupel/GhostDrive/frontend/node_modules/flatted/golang/pkg/flatted/flatted.go:62.47,64.4 1 0
github.com/CCoupel/GhostDrive/frontend/node_modules/flatted/golang/pkg/flatted/flatted.go:65.3,65.20 1 0
github.com/CCoupel/GhostDrive/frontend/node_modules/flatted/golang/pkg/flatted/flatted.go:66.37,68.34 2 0
github.com/CCoupel/GhostDrive/frontend/node_modules/flatted/golang/pkg/flatted/flatted.go:68.34,70.5 1 0
github.com/CCoupel/GhostDrive/frontend/node_modules/flatted/golang/pkg/flatted/flatted.go:71.4,71.14 1 0
github.com/CCoupel/GhostDrive/frontend/node_modules/flatted/golang/pkg/flatted/flatted.go:72.20,75.41 3 0
github.com/CCoupel/GhostDrive/frontend/node_modules/flatted/golang/pkg/flatted/flatted.go:75.41,77.5 1 0
github.com/CCoupel/GhostDrive/frontend/node_modules/flatted/golang/pkg/flatted/flatted.go:79.4,80.29 2 0
github.com/CCoupel/GhostDrive/frontend/node_modules/flatted/golang/pkg/flatted/flatted.go:80.29,82.20 2 0
github.com/CCoupel/GhostDrive/frontend/node_modules/flatted/golang/pkg/flatted/flatted.go:82.20,84.34 2 0
github.com/CCoupel/GhostDrive/frontend/node_modules/flatted/golang/pkg/flatted/flatted.go:84.34,85.20 1 0
github.com/CCoupel/GhostDrive/frontend/node_modules/flatted/golang/pkg/flatted/flatted.go:85.20,87.13 2 0
github.com/CCoupel/GhostDrive/frontend/node_modules/flatted/golang/pkg/flatted/flatted.go:90.6,90.16 1 0
github.com/CCoupel/GhostDrive/frontend/node_modules/flatted/golang/pkg/flatted/flatted.go:90.16,91.15 1 0
github.com/CCoupel/GhostDrive/frontend/node_modules/flatted/golang/pkg/flatted/flatted.go:94.5,94.53 1 0
github.com/CCoupel/GhostDrive/frontend/node_modules/flatted/golang/pkg/flatted/flatted.go:96.4,96.14 1 0
github.com/CCoupel/GhostDrive/frontend/node_modules/flatted/golang/pkg/flatted/flatted.go:97.23,100.39 3 0
github.com/CCoupel/GhostDrive/frontend/node_modules/flatted/golang/pkg/flatted/flatted.go:100.39,102.28 2 0
github.com/CCoupel/GhostDrive/frontend/node_modules/flatted/golang/pkg/flatted/flatted.go:102.28,103.14 1 0
github.com/CCoupel/GhostDrive/frontend/node_modules/flatted/golang/pkg/flatted/flatted.go:105.5,106.48 2 0
github.com/CCoupel/GhostDrive/frontend/node_modules/flatted/golang/pkg/flatted/flatted.go:106.48,108.6 1 0
github.com/CCoupel/GhostDrive/frontend/node_modules/flatted/golang/pkg/flatted/flatted.go:109.5,109.48 1 0
github.com/CCoupel/GhostDrive/frontend/node_modules/flatted/golang/pkg/flatted/flatted.go:111.4,111.14 1 0
github.com/CCoupel/GhostDrive/frontend/node_modules/flatted/golang/pkg/flatted/flatted.go:112.11,113.12 1 0
github.com/CCoupel/GhostDrive/frontend/node_modules/flatted/golang/pkg/flatted/flatted.go:117.2,119.34 3 0
github.com/CCoupel/GhostDrive/frontend/node_modules/flatted/golang/pkg/flatted/flatted.go:119.34,121.3 1 0
github.com/CCoupel/GhostDrive/frontend/node_modules/flatted/golang/pkg/flatted/flatted.go:123.2,126.33 4 0
github.com/CCoupel/GhostDrive/frontend/node_modules/flatted/golang/pkg/flatted/flatted.go:126.33,128.3 1 0
github.com/CCoupel/GhostDrive/frontend/node_modules/flatted/golang/pkg/flatted/flatted.go:128.8,128.37 1 0
github.com/CCoupel/GhostDrive/frontend/node_modules/flatted/golang/pkg/flatted/flatted.go:128.37,130.3 1 0
github.com/CCoupel/GhostDrive/frontend/node_modules/flatted/golang/pkg/flatted/flatted.go:132.2,132.18 1 0
github.com/CCoupel/GhostDrive/frontend/node_modules/flatted/golang/pkg/flatted/flatted.go:132.18,134.3 1 0
github.com/CCoupel/GhostDrive/frontend/node_modules/flatted/golang/pkg/flatted/flatted.go:134.8,136.3 1 0
github.com/CCoupel/GhostDrive/frontend/node_modules/flatted/golang/pkg/flatted/flatted.go:138.2,138.16 1 0
github.com/CCoupel/GhostDrive/frontend/node_modules/flatted/golang/pkg/flatted/flatted.go:138.16,140.3 1 0
github.com/CCoupel/GhostDrive/frontend/node_modules/flatted/golang/pkg/flatted/flatted.go:141.2,141.23 1 0
github.com/CCoupel/GhostDrive/frontend/node_modules/flatted/golang/pkg/flatted/flatted.go:145.79,147.65 2 0
github.com/CCoupel/GhostDrive/frontend/node_modules/flatted/golang/pkg/flatted/flatted.go:147.65,149.3 1 0
github.com/CCoupel/GhostDrive/frontend/node_modules/flatted/golang/pkg/flatted/flatted.go:151.2,152.25 2 0
github.com/CCoupel/GhostDrive/frontend/node_modules/flatted/golang/pkg/flatted/flatted.go:152.25,153.30 1 0
github.com/CCoupel/GhostDrive/frontend/node_modules/flatted/golang/pkg/flatted/flatted.go:153.30,155.4 1 0
github.com/CCoupel/GhostDrive/frontend/node_modules/flatted/golang/pkg/flatted/flatted.go:156.3,156.31 1 0
github.com/CCoupel/GhostDrive/frontend/node_modules/flatted/golang/pkg/flatted/flatted.go:156.31,157.29 1 0
github.com/CCoupel/GhostDrive/frontend/node_modules/flatted/golang/pkg/flatted/flatted.go:157.29,159.5 1 0
github.com/CCoupel/GhostDrive/frontend/node_modules/flatted/golang/pkg/flatted/flatted.go:160.4,160.14 1 0
github.com/CCoupel/GhostDrive/frontend/node_modules/flatted/golang/pkg/flatted/flatted.go:162.3,162.38 1 0
github.com/CCoupel/GhostDrive/frontend/node_modules/flatted/golang/pkg/flatted/flatted.go:162.38,163.27 1 0
github.com/CCoupel/GhostDrive/frontend/node_modules/flatted/golang/pkg/flatted/flatted.go:163.27,165.5 1 0
github.com/CCoupel/GhostDrive/frontend/node_modules/flatted/golang/pkg/flatted/flatted.go:166.4,166.12 1 0
github.com/CCoupel/GhostDrive/frontend/node_modules/flatted/golang/pkg/flatted/flatted.go:168.3,168.11 1 0
github.com/CCoupel/GhostDrive/frontend/node_modules/flatted/golang/pkg/flatted/flatted.go:171.2,172.30 2 0
github.com/CCoupel/GhostDrive/frontend/node_modules/flatted/golang/pkg/flatted/flatted.go:172.30,174.3 1 0
github.com/CCoupel/GhostDrive/frontend/node_modules/flatted/golang/pkg/flatted/flatted.go:176.2,177.28 2 0
github.com/CCoupel/GhostDrive/frontend/node_modules/flatted/golang/pkg/flatted/flatted.go:177.28,178.37 1 0
github.com/CCoupel/GhostDrive/frontend/node_modules/flatted/golang/pkg/flatted/flatted.go:178.37,180.4 1 0
github.com/CCoupel/GhostDrive/frontend/node_modules/flatted/golang/pkg/flatted/flatted.go:180.9,182.4 1 0
github.com/CCoupel/GhostDrive/frontend/node_modules/flatted/golang/pkg/flatted/flatted.go:185.2,185.21 1 0
github.com/CCoupel/GhostDrive/frontend/node_modules/flatted/golang/pkg/flatted/flatted.go:185.21,187.3 1 0
github.com/CCoupel/GhostDrive/frontend/node_modules/flatted/golang/pkg/flatted/flatted.go:189.2,191.78 3 0
github.com/CCoupel/GhostDrive/frontend/node_modules/flatted/golang/pkg/flatted/flatted.go:191.78,195.21 4 0
github.com/CCoupel/GhostDrive/frontend/node_modules/flatted/golang/pkg/flatted/flatted.go:195.21,197.4 1 0
github.com/CCoupel/GhostDrive/frontend/node_modules/flatted/golang/pkg/flatted/flatted.go:198.3,198.18 1 0
github.com/CCoupel/GhostDrive/frontend/node_modules/flatted/golang/pkg/flatted/flatted.go:201.2,201.20 1 0
github.com/CCoupel/GhostDrive/frontend/node_modules/flatted/golang/pkg/flatted/flatted.go:201.20,203.3 1 0
github.com/CCoupel/GhostDrive/frontend/node_modules/flatted/golang/pkg/flatted/flatted.go:204.2,204.19 1 0
github.com/CCoupel/GhostDrive/frontend/node_modules/flatted/golang/pkg/flatted/flatted.go:207.75,208.34 1 0
github.com/CCoupel/GhostDrive/frontend/node_modules/flatted/golang/pkg/flatted/flatted.go:208.34,209.25 1 0
github.com/CCoupel/GhostDrive/frontend/node_modules/flatted/golang/pkg/flatted/flatted.go:209.25,211.4 1 0
github.com/CCoupel/GhostDrive/frontend/node_modules/flatted/golang/pkg/flatted/flatted.go:212.8,212.48 1 0
github.com/CCoupel/GhostDrive/frontend/node_modules/flatted/golang/pkg/flatted/flatted.go:212.48,214.20 2 0
github.com/CCoupel/GhostDrive/frontend/node_modules/flatted/golang/pkg/flatted/flatted.go:214.20,216.4 1 0
github.com/CCoupel/GhostDrive/frontend/node_modules/flatted/golang/pkg/flatted/flatted.go:217.3,218.26 2 0
github.com/CCoupel/GhostDrive/frontend/node_modules/flatted/golang/pkg/flatted/flatted.go:218.26,220.4 1 0
github.com/CCoupel/GhostDrive/frontend/node_modules/flatted/golang/pkg/flatted/flatted.go:222.2,222.28 1 0
github.com/CCoupel/GhostDrive/frontend/node_modules/flatted/golang/pkg/flatted/flatted.go:225.61,226.34 1 0
github.com/CCoupel/GhostDrive/frontend/node_modules/flatted/golang/pkg/flatted/flatted.go:226.34,227.25 1 0
github.com/CCoupel/GhostDrive/frontend/node_modules/flatted/golang/pkg/flatted/flatted.go:227.25,228.38 1 0
github.com/CCoupel/GhostDrive/frontend/node_modules/flatted/golang/pkg/flatted/flatted.go:228.38,231.5 2 0
github.com/CCoupel/GhostDrive/frontend/node_modules/flatted/golang/pkg/flatted/flatted.go:233.3,233.13 1 0
github.com/CCoupel/GhostDrive/frontend/node_modules/flatted/golang/pkg/flatted/flatted.go:235.2,235.41 1 0
github.com/CCoupel/GhostDrive/frontend/node_modules/flatted/golang/pkg/flatted/flatted.go:235.41,236.23 1 0
github.com/CCoupel/GhostDrive/frontend/node_modules/flatted/golang/pkg/flatted/flatted.go:236.23,237.38 1 0
github.com/CCoupel/GhostDrive/frontend/node_modules/flatted/golang/pkg/flatted/flatted.go:237.38,240.5 2 0
github.com/CCoupel/GhostDrive/frontend/node_modules/flatted/golang/pkg/flatted/flatted.go:242.3,242.11 1 0
github.com/CCoupel/GhostDrive/frontend/node_modules/flatted/golang/pkg/flatted/flatted.go:244.2,244.14 1 0
github.com/CCoupel/GhostDrive/frontend/node_modules/flatted/golang/pkg/flatted/flatted.go:247.60,249.78 2 0
github.com/CCoupel/GhostDrive/frontend/node_modules/flatted/golang/pkg/flatted/flatted.go:249.78,251.16 2 0
github.com/CCoupel/GhostDrive/frontend/node_modules/flatted/golang/pkg/flatted/flatted.go:251.16,254.4 2 0
github.com/CCoupel/GhostDrive/frontend/node_modules/flatted/golang/pkg/flatted/flatted.go:256.2,256.14 1 0
github.com/CCoupel/GhostDrive/frontend/node_modules/flatted/golang/pkg/flatted/flatted.go:260.37,262.16 2 0
github.com/CCoupel/GhostDrive/frontend/node_modules/flatted/golang/pkg/flatted/flatted.go:262.16,264.3 1 0
github.com/CCoupel/GhostDrive/frontend/node_modules/flatted/golang/pkg/flatted/flatted.go:265.2,267.17 3 0
github.com/CCoupel/GhostDrive/frontend/node_modules/flatted/golang/pkg/flatted/flatted.go:271.39,273.16 2 0
github.com/CCoupel/GhostDrive/frontend/node_modules/flatted/golang/pkg/flatted/flatted.go:273.16,275.3 1 0
github.com/CCoupel/GhostDrive/frontend/node_modules/flatted/golang/pkg/flatted/flatted.go:276.2,276.30 1 0
github.com/CCoupel/GhostDrive/cmd/ghostdrive/main.go:9.14,9.15 0 0
github.com/CCoupel/GhostDrive/plugins/sdk/go/plugin.go:26.64,30.2 1 0
github.com/CCoupel/GhostDrive/plugins/sdk/go/plugin.go:34.69,40.2 1 0
github.com/CCoupel/GhostDrive/internal/singleinstance/lock_unix.go:19.30,22.16 3 0
github.com/CCoupel/GhostDrive/internal/singleinstance/lock_unix.go:22.16,24.3 1 0
github.com/CCoupel/GhostDrive/internal/singleinstance/lock_unix.go:25.2,25.75 1 0
github.com/CCoupel/GhostDrive/internal/singleinstance/lock_unix.go:25.75,26.30 1 0
github.com/CCoupel/GhostDrive/internal/singleinstance/lock_unix.go:26.30,28.4 1 0
github.com/CCoupel/GhostDrive/internal/singleinstance/lock_unix.go:29.3,29.20 1 0
github.com/CCoupel/GhostDrive/internal/singleinstance/lock_unix.go:31.2,32.18 2 0
github.com/CCoupel/GhostDrive/plugins/moosefs/cmd/main.go:32.13,35.2 2 0
github.com/CCoupel/GhostDrive/plugins/proto/storage.pb.go:44.38,49.2 4 0
github.com/CCoupel/GhostDrive/plugins/proto/storage.pb.go:51.46,53.2 1 0
github.com/CCoupel/GhostDrive/plugins/proto/storage.pb.go:55.44,55.45 0 0
github.com/CCoupel/GhostDrive/plugins/proto/storage.pb.go:57.66,59.14 2 0
github.com/CCoupel/GhostDrive/plugins/proto/storage.pb.go:59.14,61.34 2 0
github.com/CCoupel/GhostDrive/plugins/proto/storage.pb.go:61.34,63.4 1 0
github.com/CCoupel/GhostDrive/plugins/proto/storage.pb.go:64.3,64.12 1 0
github.com/CCoupel/GhostDrive/plugins/proto/storage.pb.go:66.2,66.24 1 0
github.com/CCoupel/GhostDrive/plugins/proto/storage.pb.go:70.57,72.2 1 0
github.com/CCoupel/GhostDrive/plugins/proto/storage.pb.go:74.45,75.14 1 0
github.com/CCoupel/GhostDrive/plugins/proto/storage.pb.go:75.14,77.3 1 0
github.com/CCoupel/GhostDrive/plugins/proto/storage.pb.go:78.2,78.11 1 0
github.com/CCoupel/GhostDrive/plugins/proto/storage.pb.go:81.47,82.14 1 0
github.com/CCoupel/GhostDrive/plugins/proto/storage.pb.go:82.14,84.3 1 0
github.com/CCoupel/GhostDrive/plugins/proto/storage.pb.go:85.2,85.11 1 0
github.com/CCoupel/GhostDrive/plugins/proto/storage.pb.go:88.47,89.14 1 0
github.com/CCoupel/GhostDrive/plugins/proto/storage.pb.go:89.14,91.3 1 0
github.com/CCoupel/GhostDrive/plugins/proto/storage.pb.go:92.2,92.11 1 0
github.com/CCoupel/GhostDrive/plugins/proto/storage.pb.go:95.48,96.14 1 0
github.com/CCoupel/GhostDrive/plugins/proto/storage.pb.go:96.14,98.3 1 0
github.com/CCoupel/GhostDrive/plugins/proto/storage.pb.go:99.2,99.14 1 0
github.com/CCoupel/GhostDrive/plugins/proto/storage.pb.go:102.49,103.14 1 0
github.com/CCoupel/GhostDrive/plugins/proto/storage.pb.go:103.14,105.3 1 0
github.com/CCoupel/GhostDrive/plugins/proto/storage.pb.go:106.2,106.14 1 0
github.com/CCoupel/GhostDrive/plugins/proto/storage.pb.go:109.60,110.14 1 0
github.com/CCoupel/GhostDrive/plugins/proto/storage.pb.go:110.14,112.3 1 0
github.com/CCoupel/GhostDrive/plugins/proto/storage.pb.go:113.2,113.12 1 0
github.com/CCoupel/GhostDrive/plugins/proto/storage.pb.go:116.50,117.14 1 0
github.com/CCoupel/GhostDrive/plugins/proto/storage.pb.go:117.14,119.3 1 0
github.com/CCoupel/GhostDrive/plugins/proto/storage.pb.go:120.2,120.11 1 0
github.com/CCoupel/GhostDrive/plugins/proto/storage.pb.go:123.53,124.14 1 0
github.com/CCoupel/GhostDrive/plugins/proto/storage.pb.go:124.14,126.3 1 0
github.com/CCoupel/GhostDrive/plugins/proto/storage.pb.go:127.2,127.11 1 0
github.com/CCoupel/GhostDrive/plugins/proto/storage.pb.go:130.52,131.14 1 0
github.com/CCoupel/GhostDrive/plugins/proto/storage.pb.go:131.14,133.3 1 0
github.com/CCoupel/GhostDrive/plugins/proto/storage.pb.go:134.2,134.11 1 0
github.com/CCoupel/GhostDrive/plugins/proto/storage.pb.go:153.33,158.2 4 0
github.com/CCoupel/GhostDrive/plugins/proto/storage.pb.go:160.41,162.2 1 0
github.com/CCoupel/GhostDrive/plugins/proto/storage.pb.go:164.39,164.40 0 0
github.com/CCoupel/GhostDrive/plugins/proto/storage.pb.go:166.61,168.14 2 0
github.com/CCoupel/GhostDrive/plugins/proto/storage.pb.go:168.14,170.34 2 0
github.com/CCoupel/GhostDrive/plugins/proto/storage.pb.go:170.34,172.4 1 0
github.com/CCoupel/GhostDrive/plugins/proto/storage.pb.go:173.3,173.12 1 0
github.com/CCoupel/GhostDrive/plugins/proto/storage.pb.go:175.2,175.24 1 0
github.com/CCoupel/GhostDrive/plugins/proto/storage.pb.go:179.52,181.2 1 0
github.com/CCoupel/GhostDrive/plugins/proto/storage.pb.go:183.42,184.14 1 0
github.com/CCoupel/GhostDrive/plugins/proto/storage.pb.go:184.14,186.3 1 0
github.com/CCoupel/GhostDrive/plugins/proto/storage.pb.go:187.2,187.11 1 0
github.com/CCoupel/GhostDrive/plugins/proto/storage.pb.go:190.42,191.14 1 0
github.com/CCoupel/GhostDrive/plugins/proto/storage.pb.go:191.14,193.3 1 0
github.com/CCoupel/GhostDrive/plugins/proto/storage.pb.go:194.2,194.11 1 0
github.com/CCoupel/GhostDrive/plugins/proto/storage.pb.go:197.41,198.14 1 0
github.com/CCoupel/GhostDrive/plugins/proto/storage.pb.go:198.14,200.3 1 0
github.com/CCoupel/GhostDrive/plugins/proto/storage.pb.go:201.2,201.10 1 0
github.com/CCoupel/GhostDrive/plugins/proto/storage.pb.go:204.41,205.14 1 0
github.com/CCoupel/GhostDrive/plugins/proto/storage.pb.go:205.14,207.3 1 0
github.com/CCoupel/GhostDrive/plugins/proto/storage.pb.go:208.2,208.14 1 0
github.com/CCoupel/GhostDrive/plugins/proto/storage.pb.go:211.48,212.14 1 0
github.com/CCoupel/GhostDrive/plugins/proto/storage.pb.go:212.14,214.3 1 0
github.com/CCoupel/GhostDrive/plugins/proto/storage.pb.go:215.2,215.10 1 0
github.com/CCoupel/GhostDrive/plugins/proto/storage.pb.go:218.42,219.14 1 0
github.com/CCoupel/GhostDrive/plugins/proto/storage.pb.go:219.14,221.3 1 0
github.com/CCoupel/GhostDrive/plugins/proto/storage.pb.go:222.2,222.11 1 0
github.com/CCoupel/GhostDrive/plugins/proto/storage.pb.go:225.49,226.14 1 0
github.com/CCoupel/GhostDrive/plugins/proto/storage.pb.go:226.14,228.3 1 0
github.com/CCoupel/GhostDrive/plugins/proto/storage.pb.go:229.2,229.14 1 0
github.com/CCoupel/GhostDrive/plugins/proto/storage.pb.go:232.44,233.14 1 0
github.com/CCoupel/GhostDrive/plugins/proto/storage.pb.go:233.14,235.3 1 0
github.com/CCoupel/GhostDrive/plugins/proto/storage.pb.go:236.2,236.14 1 0
github.com/CCoupel/GhostDrive/plugins/proto/storage.pb.go:239.45,240.14 1 0
github.com/CCoupel/GhostDrive/plugins/proto/storage.pb.go:240.14,242.3 1 0
github.com/CCoupel/GhostDrive/plugins/proto/storage.pb.go:243.2,243.11 1 0
github.com/CCoupel/GhostDrive/plugins/proto/storage.pb.go:261.34,266.2 4 0
github.com/CCoupel/GhostDrive/plugins/proto/storage.pb.go:268.42,270.2 1 0
github.com/CCoupel/GhostDrive/plugins/proto/storage.pb.go:272.40,272.41 0 0
github.com/CCoupel/GhostDrive/plugins/proto/storage.pb.go:274.62,276.14 2 0
github.com/CCoupel/GhostDrive/plugins/proto/storage.pb.go:276.14,278.34 2 0
github.com/CCoupel/GhostDrive/plugins/proto/storage.pb.go:278.34,280.4 1 0
github.com/CCoupel/GhostDrive/plugins/proto/storage.pb.go:281.3,281.12 1 0
github.com/CCoupel/GhostDrive/plugins/proto/storage.pb.go:283.2,283.24 1 0
github.com/CCoupel/GhostDrive/plugins/proto/storage.pb.go:287.53,289.2 1 0
github.com/CCoupel/GhostDrive/plugins/proto/storage.pb.go:291.48,292.14 1 0
github.com/CCoupel/GhostDrive/plugins/proto/storage.pb.go:292.14,294.3 1 0
github.com/CCoupel/GhostDrive/plugins/proto/storage.pb.go:295.2,295.11 1 0
github.com/CCoupel/GhostDrive/plugins/proto/storage.pb.go:298.43,299.14 1 0
github.com/CCoupel/GhostDrive/plugins/proto/storage.pb.go:299.14,301.3 1 0
github.com/CCoupel/GhostDrive/plugins/proto/storage.pb.go:302.2,302.11 1 0
github.com/CCoupel/GhostDrive/plugins/proto/storage.pb.go:305.46,306.14 1 0
github.com/CCoupel/GhostDrive/plugins/proto/storage.pb.go:306.14,308.3 1 0
github.com/CCoupel/GhostDrive/plugins/proto/storage.pb.go:309.2,309.11 1 0
github.com/CCoupel/GhostDrive/plugins/proto/storage.pb.go:312.51,313.14 1 0
github.com/CCoupel/GhostDrive/plugins/proto/storage.pb.go:313.14,315.3 1 0
github.com/CCoupel/GhostDrive/plugins/proto/storage.pb.go:316.2,316.10 1 0
github.com/CCoupel/GhostDrive/plugins/proto/storage.pb.go:319.45,320.14 1 0
github.com/CCoupel/GhostDrive/plugins/proto/storage.pb.go:320.14,322.3 1 0
github.com/CCoupel/GhostDrive/plugins/proto/storage.pb.go:323.2,323.11 1 0
github.com/CCoupel/GhostDrive/plugins/proto/storage.pb.go:326.49,327.14 1 0
github.com/CCoupel/GhostDrive/plugins/proto/storage.pb.go:327.14,329.3 1 0
github.com/CCoupel/GhostDrive/plugins/proto/storage.pb.go:330.2,330.10 1 0
github.com/CCoupel/GhostDrive/plugins/proto/storage.pb.go:333.57,334.14 1 0
github.com/CCoupel/GhostDrive/plugins/proto/storage.pb.go:334.14,336.3 1 0
github.com/CCoupel/GhostDrive/plugins/proto/storage.pb.go:337.2,337.10 1 0
github.com/CCoupel/GhostDrive/plugins/proto/storage.pb.go:340.49,341.14 1 0
github.com/CCoupel/GhostDrive/plugins/proto/storage.pb.go:341.14,343.3 1 0
github.com/CCoupel/GhostDrive/plugins/proto/storage.pb.go:344.2,344.14 1 0
github.com/CCoupel/GhostDrive/plugins/proto/storage.pb.go:362.31,367.2 4 0
github.com/CCoupel/GhostDrive/plugins/proto/storage.pb.go:369.39,371.2 1 0
github.com/CCoupel/GhostDrive/plugins/proto/storage.pb.go:373.37,373.38 0 0
github.com/CCoupel/GhostDrive/plugins/proto/storage.pb.go:375.59,377.14 2 0
github.com/CCoupel/GhostDrive/plugins/proto/storage.pb.go:377.14,379.34 2 0
github.com/CCoupel/GhostDrive/plugins/proto/storage.pb.go:379.34,381.4 1 0
github.com/CCoupel/GhostDrive/plugins/proto/storage.pb.go:382.3,382.12 1 0
github.com/CCoupel/GhostDrive/plugins/proto/storage.pb.go:384.2,384.24 1 0
github.com/CCoupel/GhostDrive/plugins/proto/storage.pb.go:388.50,390.2 1 0
github.com/CCoupel/GhostDrive/plugins/proto/storage.pb.go:392.45,393.14 1 0
github.com/CCoupel/GhostDrive/plugins/proto/storage.pb.go:393.14,395.3 1 0
github.com/CCoupel/GhostDrive/plugins/proto/storage.pb.go:396.2,396.11 1 0
github.com/CCoupel/GhostDrive/plugins/proto/storage.pb.go:399.46,400.14 1 0
github.com/CCoupel/GhostDrive/plugins/proto/storage.pb.go:400.14,402.3 1 0
github.com/CCoupel/GhostDrive/plugins/proto/storage.pb.go:403.2,403.11 1 0
github.com/CCoupel/GhostDrive/plugins/proto/storage.pb.go:406.45,407.14 1 0
github.com/CCoupel/GhostDrive/plugins/proto/storage.pb.go:407.14,409.3 1 0
github.com/CCoupel/GhostDrive/plugins/proto/storage.pb.go:410.2,410.10 1 0
github.com/CCoupel/GhostDrive/plugins/proto/storage.pb.go:413.40,414.14 1 0
github.com/CCoupel/GhostDrive/plugins/proto/storage.pb.go:414.14,416.3 1 0
github.com/CCoupel/GhostDrive/plugins/proto/storage.pb.go:417.2,417.12 1 0
github.com/CCoupel/GhostDrive/plugins/proto/storage.pb.go:428.32,433.2 4 0
github.com/CCoupel/GhostDrive/plugins/proto/storage.pb.go:435.40,437.2 1 0
github.com/CCoupel/GhostDrive/plugins/proto/storage.pb.go:439.38,439.39 0 0
github.com/CCoupel/GhostDrive/plugins/proto/storage.pb.go:441.60,443.14 2 0
github.com/CCoupel/GhostDrive/plugins/proto/storage.pb.go:443.14,445.34 2 0
github.com/CCoupel/GhostDrive/plugins/proto/storage.pb.go:445.34,447.4 1 0
github.com/CCoupel/GhostDrive/plugins/proto/storage.pb.go:448.3,448.12 1 0
github.com/CCoupel/GhostDrive/plugins/proto/storage.pb.go:450.2,450.24 1 0
github.com/CCoupel/GhostDrive/plugins/proto/storage.pb.go:454.51,456.2 1 0
github.com/CCoupel/GhostDrive/plugins/proto/storage.pb.go:458.42,459.14 1 0
github.com/CCoupel/GhostDrive/plugins/proto/storage.pb.go:459.14,461.3 1 0
github.com/CCoupel/GhostDrive/plugins/proto/storage.pb.go:462.2,462.11 1 0
github.com/CCoupel/GhostDrive/plugins/proto/storage.pb.go:474.35,479.2 4 0
github.com/CCoupel/GhostDrive/plugins/proto/storage.pb.go:481.43,483.2 1 0
github.com/CCoupel/GhostDrive/plugins/proto/storage.pb.go:485.41,485.42 0 0
github.com/CCoupel/GhostDrive/plugins/proto/storage.pb.go:487.63,489.14 2 0
github.com/CCoupel/GhostDrive/plugins/proto/storage.pb.go:489.14,491.34 2 0
github.com/CCoupel/GhostDrive/plugins/proto/storage.pb.go:491.34,493.4 1 0
github.com/CCoupel/GhostDrive/plugins/proto/storage.pb.go:494.3,494.12 1 0
github.com/CCoupel/GhostDrive/plugins/proto/storage.pb.go:496.2,496.24 1 0
github.com/CCoupel/GhostDrive/plugins/proto/storage.pb.go:500.54,502.2 1 0
github.com/CCoupel/GhostDrive/plugins/proto/storage.pb.go:504.50,505.14 1 0
github.com/CCoupel/GhostDrive/plugins/proto/storage.pb.go:505.14,507.3 1 0
github.com/CCoupel/GhostDrive/plugins/proto/storage.pb.go:508.2,508.11 1 0
github.com/CCoupel/GhostDrive/plugins/proto/storage.pb.go:511.49,512.14 1 0
github.com/CCoupel/GhostDrive/plugins/proto/storage.pb.go:512.14,514.3 1 0
github.com/CCoupel/GhostDrive/plugins/proto/storage.pb.go:515.2,515.11 1 0
github.com/CCoupel/GhostDrive/plugins/proto/storage.pb.go:529.33,534.2 4 0
github.com/CCoupel/GhostDrive/plugins/proto/storage.pb.go:536.41,538.2 1 0
github.com/CCoupel/GhostDrive/plugins/proto/storage.pb.go:540.39,540.40 0 0
github.com/CCoupel/GhostDrive/plugins/proto/storage.pb.go:542.61,544.14 2 0
github.com/CCoupel/GhostDrive/plugins/proto/storage.pb.go:544.14,546.34 2 0
github.com/CCoupel/GhostDrive/plugins/proto/storage.pb.go:546.34,548.4 1 0
github.com/CCoupel/GhostDrive/plugins/proto/storage.pb.go:549.3,549.12 1 0
github.com/CCoupel/GhostDrive/plugins/proto/storage.pb.go:551.2,551.24 1 0
github.com/CCoupel/GhostDrive/plugins/proto/storage.pb.go:555.52,557.2 1 0
github.com/CCoupel/GhostDrive/plugins/proto/storage.pb.go:559.42,560.14 1 0
github.com/CCoupel/GhostDrive/plugins/proto/storage.pb.go:560.14,562.3 1 0
github.com/CCoupel/GhostDrive/plugins/proto/storage.pb.go:563.2,563.12 1 0
github.com/CCoupel/GhostDrive/plugins/proto/storage.pb.go:566.46,567.14 1 0
github.com/CCoupel/GhostDrive/plugins/proto/storage.pb.go:567.14,569.3 1 0
github.com/CCoupel/GhostDrive/plugins/proto/storage.pb.go:570.2,570.10 1 0
github.com/CCoupel/GhostDrive/plugins/proto/storage.pb.go:573.47,574.14 1 0
github.com/CCoupel/GhostDrive/plugins/proto/storage.pb.go:574.14,576.3 1 0
github.com/CCoupel/GhostDrive/plugins/proto/storage.pb.go:577.2,577.10 1 0
github.com/CCoupel/GhostDrive/plugins/proto/storage.pb.go:580.43,581.14 1 0
github.com/CCoupel/GhostDrive/plugins/proto/storage.pb.go:581.14,583.3 1 0
github.com/CCoupel/GhostDrive/plugins/proto/storage.pb.go:584.2,584.11 1 0
github.com/CCoupel/GhostDrive/plugins/proto/storage.pb.go:593.31,598.2 4 0
github.com/CCoupel/GhostDrive/plugins/proto/storage.pb.go:600.39,602.2 1 0
github.com/CCoupel/GhostDrive/plugins/proto/storage.pb.go:604.37,604.38 0 0
github.com/CCoupel/GhostDrive/plugins/proto/storage.pb.go:606.59,608.14 2 0
github.com/CCoupel/GhostDrive/plugins/proto/storage.pb.go:608.14,610.34 2 0
github.com/CCoupel/GhostDrive/plugins/proto/storage.pb.go:610.34,612.4 1 0
github.com/CCoupel/GhostDrive/plugins/proto/storage.pb.go:613.3,613.12 1 0
github.com/CCoupel/GhostDrive/plugins/proto/storage.pb.go:615.2,615.24 1 0
github.com/CCoupel/GhostDrive/plugins/proto/storage.pb.go:619.50,621.2 1 0
github.com/CCoupel/GhostDrive/plugins/proto/storage.pb.go:630.32,635.2 4 0
github.com/CCoupel/GhostDrive/plugins/proto/storage.pb.go:637.40,639.2 1 0
github.com/CCoupel/GhostDrive/plugins/proto/storage.pb.go:641.38,641.39 0 0
github.com/CCoupel/GhostDrive/plugins/proto/storage.pb.go:643.60,645.14 2 0
github.com/CCoupel/GhostDrive/plugins/proto/storage.pb.go:645.14,647.34 2 0
github.com/CCoupel/GhostDrive/plugins/proto/storage.pb.go:647.34,649.4 1 0
github.com/CCoupel/GhostDrive/plugins/proto/storage.pb.go:650.3,650.12 1 0
github.com/CCoupel/GhostDrive/plugins/proto/storage.pb.go:652.2,652.24 1 0
github.com/CCoupel/GhostDrive/plugins/proto/storage.pb.go:656.51,658.2 1 0
github.com/CCoupel/GhostDrive/plugins/proto/storage.pb.go:660.41,661.14 1 0
github.com/CCoupel/GhostDrive/plugins/proto/storage.pb.go:661.14,663.3 1 0
github.com/CCoupel/GhostDrive/plugins/proto/storage.pb.go:664.2,664.11 1 0
github.com/CCoupel/GhostDrive/plugins/proto/storage.pb.go:674.34,679.2 4 0
github.com/CCoupel/GhostDrive/plugins/proto/storage.pb.go:681.42,683.2 1 0
github.com/CCoupel/GhostDrive/plugins/proto/storage.pb.go:685.40,685.41 0 0
github.com/CCoupel/GhostDrive/plugins/proto/storage.pb.go:687.62,689.14 2 0
github.com/CCoupel/GhostDrive/plugins/proto/storage.pb.go:689.14,691.34 2 0
github.com/CCoupel/GhostDrive/plugins/proto/storage.pb.go:691.34,693.4 1 0
github.com/CCoupel/GhostDrive/plugins/proto/storage.pb.go:694.3,694.12 1 0
github.com/CCoupel/GhostDrive/plugins/proto/storage.pb.go:696.2,696.24 1 0
github.com/CCoupel/GhostDrive/plugins/proto/storage.pb.go:700.53,702.2 1 0
github.com/CCoupel/GhostDrive/plugins/proto/storage.pb.go:704.58,705.14 1 0
github.com/CCoupel/GhostDrive/plugins/proto/storage.pb.go:705.14,707.3 1 0
github.com/CCoupel/GhostDrive/plugins/proto/storage.pb.go:708.2,708.12 1 0
github.com/CCoupel/GhostDrive/plugins/proto/storage.pb.go:718.35,723.2 4 0
github.com/CCoupel/GhostDrive/plugins/proto/storage.pb.go:725.43,727.2 1 0
github.com/CCoupel/GhostDrive/plugins/proto/storage.pb.go:729.41,729.42 0 0
github.com/CCoupel/GhostDrive/plugins/proto/storage.pb.go:731.63,733.14 2 0
github.com/CCoupel/GhostDrive/plugins/proto/storage.pb.go:733.14,735.34 2 0
github.com/CCoupel/GhostDrive/plugins/proto/storage.pb.go:735.34,737.4 1 0
github.com/CCoupel/GhostDrive/plugins/proto/storage.pb.go:738.3,738.12 1 0
github.com/CCoupel/GhostDrive/plugins/proto/storage.pb.go:740.2,740.24 1 0
github.com/CCoupel/GhostDrive/plugins/proto/storage.pb.go:744.54,746.2 1 0
github.com/CCoupel/GhostDrive/plugins/proto/storage.pb.go:748.45,749.14 1 0
github.com/CCoupel/GhostDrive/plugins/proto/storage.pb.go:749.14,751.3 1 0
github.com/CCoupel/GhostDrive/plugins/proto/storage.pb.go:752.2,752.11 1 0
github.com/CCoupel/GhostDrive/plugins/proto/storage.pb.go:761.37,766.2 4 0
github.com/CCoupel/GhostDrive/plugins/proto/storage.pb.go:768.45,770.2 1 0
github.com/CCoupel/GhostDrive/plugins/proto/storage.pb.go:772.43,772.44 0 0
github.com/CCoupel/GhostDrive/plugins/proto/storage.pb.go:774.65,776.14 2 0
github.com/CCoupel/GhostDrive/plugins/proto/storage.pb.go:776.14,778.34 2 0
github.com/CCoupel/GhostDrive/plugins/proto/storage.pb.go:778.34,780.4 1 0
github.com/CCoupel/GhostDrive/plugins/proto/storage.pb.go:781.3,781.12 1 0
github.com/CCoupel/GhostDrive/plugins/proto/storage.pb.go:783.2,783.24 1 0
github.com/CCoupel/GhostDrive/plugins/proto/storage.pb.go:787.56,789.2 1 0
github.com/CCoupel/GhostDrive/plugins/proto/storage.pb.go:798.38,803.2 4 0
github.com/CCoupel/GhostDrive/plugins/proto/storage.pb.go:805.46,807.2 1 0
github.com/CCoupel/GhostDrive/plugins/proto/storage.pb.go:809.44,809.45 0 0
github.com/CCoupel/GhostDrive/plugins/proto/storage.pb.go:811.66,813.14 2 0
github.com/CCoupel/GhostDrive/plugins/proto/storage.pb.go:813.14,815.34 2 0
github.com/CCoupel/GhostDrive/plugins/proto/storage.pb.go:815.34,817.4 1 0
github.com/CCoupel/GhostDrive/plugins/proto/storage.pb.go:818.3,818.12 1 0
github.com/CCoupel/GhostDrive/plugins/proto/storage.pb.go:820.2,820.24 1 0
github.com/CCoupel/GhostDrive/plugins/proto/storage.pb.go:824.57,826.2 1 0
github.com/CCoupel/GhostDrive/plugins/proto/storage.pb.go:828.48,829.14 1 0
github.com/CCoupel/GhostDrive/plugins/proto/storage.pb.go:829.14,831.3 1 0
github.com/CCoupel/GhostDrive/plugins/proto/storage.pb.go:832.2,832.11 1 0
github.com/CCoupel/GhostDrive/plugins/proto/storage.pb.go:841.38,846.2 4 0
github.com/CCoupel/GhostDrive/plugins/proto/storage.pb.go:848.46,850.2 1 0
github.com/CCoupel/GhostDrive/plugins/proto/storage.pb.go:852.44,852.45 0 0
github.com/CCoupel/GhostDrive/plugins/proto/storage.pb.go:854.66,856.14 2 0
github.com/CCoupel/GhostDrive/plugins/proto/storage.pb.go:856.14,858.34 2 0
github.com/CCoupel/GhostDrive/plugins/proto/storage.pb.go:858.34,860.4 1 0
github.com/CCoupel/GhostDrive/plugins/proto/storage.pb.go:861.3,861.12 1 0
github.com/CCoupel/GhostDrive/plugins/proto/storage.pb.go:863.2,863.24 1 0
github.com/CCoupel/GhostDrive/plugins/proto/storage.pb.go:867.57,869.2 1 0
github.com/CCoupel/GhostDrive/plugins/proto/storage.pb.go:878.39,883.2 4 0
github.com/CCoupel/GhostDrive/plugins/proto/storage.pb.go:885.47,887.2 1 0
github.com/CCoupel/GhostDrive/plugins/proto/storage.pb.go:889.45,889.46 0 0
github.com/CCoupel/GhostDrive/plugins/proto/storage.pb.go:891.67,893.14 2 0
github.com/CCoupel/GhostDrive/plugins/proto/storage.pb.go:893.14,895.34 2 0
github.com/CCoupel/GhostDrive/plugins/proto/storage.pb.go:895.34,897.4 1 0
github.com/CCoupel/GhostDrive/plugins/proto/storage.pb.go:898.3,898.12 1 0
github.com/CCoupel/GhostDrive/plugins/proto/storage.pb.go:900.2,900.24 1 0
github.com/CCoupel/GhostDrive/plugins/proto/storage.pb.go:904.58,906.2 1 0
github.com/CCoupel/GhostDrive/plugins/proto/storage.pb.go:908.51,909.14 1 0
github.com/CCoupel/GhostDrive/plugins/proto/storage.pb.go:909.14,911.3 1 0
github.com/CCoupel/GhostDrive/plugins/proto/storage.pb.go:912.2,912.14 1 0
github.com/CCoupel/GhostDrive/plugins/proto/storage.pb.go:922.33,927.2 4 0
github.com/CCoupel/GhostDrive/plugins/proto/storage.pb.go:929.41,931.2 1 0
github.com/CCoupel/GhostDrive/plugins/proto/storage.pb.go:933.39,933.40 0 0
github.com/CCoupel/GhostDrive/plugins/proto/storage.pb.go:935.61,937.14 2 0
github.com/CCoupel/GhostDrive/plugins/proto/storage.pb.go:937.14,939.34 2 0
github.com/CCoupel/GhostDrive/plugins/proto/storage.pb.go:939.34,941.4 1 0
github.com/CCoupel/GhostDrive/plugins/proto/storage.pb.go:942.3,942.12 1 0
github.com/CCoupel/GhostDrive/plugins/proto/storage.pb.go:944.2,944.24 1 0
github.com/CCoupel/GhostDrive/plugins/proto/storage.pb.go:948.52,950.2 1 0
github.com/CCoupel/GhostDrive/plugins/proto/storage.pb.go:952.42,953.14 1 0
github.com/CCoupel/GhostDrive/plugins/proto/storage.pb.go:953.14,955.3 1 0
github.com/CCoupel/GhostDrive/plugins/proto/storage.pb.go:956.2,956.11 1 0
github.com/CCoupel/GhostDrive/plugins/proto/storage.pb.go:966.34,971.2 4 0
github.com/CCoupel/GhostDrive/plugins/proto/storage.pb.go:973.42,975.2 1 0
github.com/CCoupel/GhostDrive/plugins/proto/storage.pb.go:977.40,977.41 0 0
github.com/CCoupel/GhostDrive/plugins/proto/storage.pb.go:979.62,981.14 2 0
github.com/CCoupel/GhostDrive/plugins/proto/storage.pb.go:981.14,983.34 2 0
github.com/CCoupel/GhostDrive/plugins/proto/storage.pb.go:983.34,985.4 1 0
github.com/CCoupel/GhostDrive/plugins/proto/storage.pb.go:986.3,986.12 1 0
github.com/CCoupel/GhostDrive/plugins/proto/storage.pb.go:988.2,988.24 1 0
github.com/CCoupel/GhostDrive/plugins/proto/storage.pb.go:992.53,994.2 1 0
github.com/CCoupel/GhostDrive/plugins/proto/storage.pb.go:996.44,997.14 1 0
github.com/CCoupel/GhostDrive/plugins/proto/storage.pb.go:997.14,999.3 1 0
github.com/CCoupel/GhostDrive/plugins/proto/storage.pb.go:1000.2,1000.11 1 0
github.com/CCoupel/GhostDrive/plugins/proto/storage.pb.go:1011.31,1016.2 4 0
github.com/CCoupel/GhostDrive/plugins/proto/storage.pb.go:1018.39,1020.2 1 0
github.com/CCoupel/GhostDrive/plugins/proto/storage.pb.go:1022.37,1022.38 0 0
github.com/CCoupel/GhostDrive/plugins/proto/storage.pb.go:1024.59,1026.14 2 0
github.com/CCoupel/GhostDrive/plugins/proto/storage.pb.go:1026.14,1028.34 2 0
github.com/CCoupel/GhostDrive/plugins/proto/storage.pb.go:1028.34,1030.4 1 0
github.com/CCoupel/GhostDrive/plugins/proto/storage.pb.go:1031.3,1031.12 1 0
github.com/CCoupel/GhostDrive/plugins/proto/storage.pb.go:1033.2,1033.24 1 0
github.com/CCoupel/GhostDrive/plugins/proto/storage.pb.go:1037.50,1039.2 1 0
github.com/CCoupel/GhostDrive/plugins/proto/storage.pb.go:1041.43,1042.14 1 0
github.com/CCoupel/GhostDrive/plugins/proto/storage.pb.go:1042.14,1044.3 1 0
github.com/CCoupel/GhostDrive/plugins/proto/storage.pb.go:1045.2,1045.11 1 0
github.com/CCoupel/GhostDrive/plugins/proto/storage.pb.go:1048.43,1049.14 1 0
github.com/CCoupel/GhostDrive/plugins/proto/storage.pb.go:1049.14,1051.3 1 0
github.com/CCoupel/GhostDrive/plugins/proto/storage.pb.go:1052.2,1052.11 1 0
github.com/CCoupel/GhostDrive/plugins/proto/storage.pb.go:1062.32,1067.2 4 0
github.com/CCoupel/GhostDrive/plugins/proto/storage.pb.go:1069.40,1071.2 1 0
github.com/CCoupel/GhostDrive/plugins/proto/storage.pb.go:1073.38,1073.39 0 0
github.com/CCoupel/GhostDrive/plugins/proto/storage.pb.go:1075.60,1077.14 2 0
github.com/CCoupel/GhostDrive/plugins/proto/storage.pb.go:1077.14,1079.34 2 0
github.com/CCoupel/GhostDrive/plugins/proto/storage.pb.go:1079.34,1081.4 1 0
github.com/CCoupel/GhostDrive/plugins/proto/storage.pb.go:1082.3,1082.12 1 0
github.com/CCoupel/GhostDrive/plugins/proto/storage.pb.go:1084.2,1084.24 1 0
github.com/CCoupel/GhostDrive/plugins/proto/storage.pb.go:1088.51,1090.2 1 0
github.com/CCoupel/GhostDrive/plugins/proto/storage.pb.go:1092.42,1093.14 1 0
github.com/CCoupel/GhostDrive/plugins/proto/storage.pb.go:1093.14,1095.3 1 0
github.com/CCoupel/GhostDrive/plugins/proto/storage.pb.go:1096.2,1096.11 1 0
github.com/CCoupel/GhostDrive/plugins/proto/storage.pb.go:1106.31,1111.2 4 0
github.com/CCoupel/GhostDrive/plugins/proto/storage.pb.go:1113.39,1115.2 1 0
github.com/CCoupel/GhostDrive/plugins/proto/storage.pb.go:1117.37,1117.38 0 0
github.com/CCoupel/GhostDrive/plugins/proto/storage.pb.go:1119.59,1121.14 2 0
github.com/CCoupel/GhostDrive/plugins/proto/storage.pb.go:1121.14,1123.34 2 0
github.com/CCoupel/GhostDrive/plugins/proto/storage.pb.go:1123.34,1125.4 1 0
github.com/CCoupel/GhostDrive/plugins/proto/storage.pb.go:1126.3,1126.12 1 0
github.com/CCoupel/GhostDrive/plugins/proto/storage.pb.go:1128.2,1128.24 1 0
github.com/CCoupel/GhostDrive/plugins/proto/storage.pb.go:1132.50,1134.2 1 0
github.com/CCoupel/GhostDrive/plugins/proto/storage.pb.go:1136.40,1137.14 1 0
github.com/CCoupel/GhostDrive/plugins/proto/storage.pb.go:1137.14,1139.3 1 0
github.com/CCoupel/GhostDrive/plugins/proto/storage.pb.go:1140.2,1140.11 1 0
github.com/CCoupel/GhostDrive/plugins/proto/storage.pb.go:1151.32,1156.2 4 0
github.com/CCoupel/GhostDrive/plugins/proto/storage.pb.go:1158.40,1160.2 1 0
github.com/CCoupel/GhostDrive/plugins/proto/storage.pb.go:1162.38,1162.39 0 0
github.com/CCoupel/GhostDrive/plugins/proto/storage.pb.go:1164.60,1166.14 2 0
github.com/CCoupel/GhostDrive/plugins/proto/storage.pb.go:1166.14,1168.34 2 0
github.com/CCoupel/GhostDrive/plugins/proto/storage.pb.go:1168.34,1170.4 1 0
github.com/CCoupel/GhostDrive/plugins/proto/storage.pb.go:1171.3,1171.12 1 0
github.com/CCoupel/GhostDrive/plugins/proto/storage.pb.go:1173.2,1173.24 1 0
github.com/CCoupel/GhostDrive/plugins/proto/storage.pb.go:1177.51,1179.2 1 0
github.com/CCoupel/GhostDrive/plugins/proto/storage.pb.go:1181.52,1182.14 1 0
github.com/CCoupel/GhostDrive/plugins/proto/storage.pb.go:1182.14,1184.3 1 0
github.com/CCoupel/GhostDrive/plugins/proto/storage.pb.go:1185.2,1185.12 1 0
github.com/CCoupel/GhostDrive/plugins/proto/storage.pb.go:1188.42,1189.14 1 0
github.com/CCoupel/GhostDrive/plugins/proto/storage.pb.go:1189.14,1191.3 1 0
github.com/CCoupel/GhostDrive/plugins/proto/storage.pb.go:1192.2,1192.11 1 0
github.com/CCoupel/GhostDrive/plugins/proto/storage.pb.go:1202.31,1207.2 4 0
github.com/CCoupel/GhostDrive/plugins/proto/storage.pb.go:1209.39,1211.2 1 0
github.com/CCoupel/GhostDrive/plugins/proto/storage.pb.go:1213.37,1213.38 0 0
github.com/CCoupel/GhostDrive/plugins/proto/storage.pb.go:1215.59,1217.14 2 0
github.com/CCoupel/GhostDrive/plugins/proto/storage.pb.go:1217.14,1219.34 2 0
github.com/CCoupel/GhostDrive/plugins/proto/storage.pb.go:1219.34,1221.4 1 0
github.com/CCoupel/GhostDrive/plugins/proto/storage.pb.go:1222.3,1222.12 1 0
github.com/CCoupel/GhostDrive/plugins/proto/storage.pb.go:1224.2,1224.24 1 0
github.com/CCoupel/GhostDrive/plugins/proto/storage.pb.go:1228.50,1230.2 1 0
github.com/CCoupel/GhostDrive/plugins/proto/storage.pb.go:1232.40,1233.14 1 0
github.com/CCoupel/GhostDrive/plugins/proto/storage.pb.go:1233.14,1235.3 1 0
github.com/CCoupel/GhostDrive/plugins/proto/storage.pb.go:1236.2,1236.11 1 0
github.com/CCoupel/GhostDrive/plugins/proto/storage.pb.go:1247.32,1252.2 4 0
github.com/CCoupel/GhostDrive/plugins/proto/storage.pb.go:1254.40,1256.2 1 0
github.com/CCoupel/GhostDrive/plugins/proto/storage.pb.go:1258.38,1258.39 0 0
github.com/CCoupel/GhostDrive/plugins/proto/storage.pb.go:1260.60,1262.14 2 0
github.com/CCoupel/GhostDrive/plugins/proto/storage.pb.go:1262.14,1264.34 2 0
github.com/CCoupel/GhostDrive/plugins/proto/storage.pb.go:1264.34,1266.4 1 0
github.com/CCoupel/GhostDrive/plugins/proto/storage.pb.go:1267.3,1267.12 1 0
github.com/CCoupel/GhostDrive/plugins/proto/storage.pb.go:1269.2,1269.24 1 0
github.com/CCoupel/GhostDrive/plugins/proto/storage.pb.go:1273.51,1275.2 1 0
github.com/CCoupel/GhostDrive/plugins/proto/storage.pb.go:1277.49,1278.14 1 0
github.com/CCoupel/GhostDrive/plugins/proto/storage.pb.go:1278.14,1280.3 1 0
github.com/CCoupel/GhostDrive/plugins/proto/storage.pb.go:1281.2,1281.12 1 0
github.com/CCoupel/GhostDrive/plugins/proto/storage.pb.go:1284.42,1285.14 1 0
github.com/CCoupel/GhostDrive/plugins/proto/storage.pb.go:1285.14,1287.3 1 0
github.com/CCoupel/GhostDrive/plugins/proto/storage.pb.go:1288.2,1288.11 1 0
github.com/CCoupel/GhostDrive/plugins/proto/storage.pb.go:1298.36,1303.2 4 0
github.com/CCoupel/GhostDrive/plugins/proto/storage.pb.go:1305.44,1307.2 1 0
github.com/CCoupel/GhostDrive/plugins/proto/storage.pb.go:1309.42,1309.43 0 0
github.com/CCoupel/GhostDrive/plugins/proto/storage.pb.go:1311.64,1313.14 2 0
github.com/CCoupel/GhostDrive/plugins/proto/storage.pb.go:1313.14,1315.34 2 0
github.com/CCoupel/GhostDrive/plugins/proto/storage.pb.go:1315.34,1317.4 1 0
github.com/CCoupel/GhostDrive/plugins/proto/storage.pb.go:1318.3,1318.12 1 0
github.com/CCoupel/GhostDrive/plugins/proto/storage.pb.go:1320.2,1320.24 1 0
github.com/CCoupel/GhostDrive/plugins/proto/storage.pb.go:1324.55,1326.2 1 0
github.com/CCoupel/GhostDrive/plugins/proto/storage.pb.go:1328.45,1329.14 1 0
github.com/CCoupel/GhostDrive/plugins/proto/storage.pb.go:1329.14,1331.3 1 0
github.com/CCoupel/GhostDrive/plugins/proto/storage.pb.go:1332.2,1332.11 1 0
github.com/CCoupel/GhostDrive/plugins/proto/storage.pb.go:1342.37,1347.2 4 0
github.com/CCoupel/GhostDrive/plugins/proto/storage.pb.go:1349.45,1351.2 1 0
github.com/CCoupel/GhostDrive/plugins/proto/storage.pb.go:1353.43,1353.44 0 0
github.com/CCoupel/GhostDrive/plugins/proto/storage.pb.go:1355.65,1357.14 2 0
github.com/CCoupel/GhostDrive/plugins/proto/storage.pb.go:1357.14,1359.34 2 0
github.com/CCoupel/GhostDrive/plugins/proto/storage.pb.go:1359.34,1361.4 1 0
github.com/CCoupel/GhostDrive/plugins/proto/storage.pb.go:1362.3,1362.12 1 0
github.com/CCoupel/GhostDrive/plugins/proto/storage.pb.go:1364.2,1364.24 1 0
github.com/CCoupel/GhostDrive/plugins/proto/storage.pb.go:1368.56,1370.2 1 0
github.com/CCoupel/GhostDrive/plugins/proto/storage.pb.go:1372.47,1373.14 1 0
github.com/CCoupel/GhostDrive/plugins/proto/storage.pb.go:1373.14,1375.3 1 0
github.com/CCoupel/GhostDrive/plugins/proto/storage.pb.go:1376.2,1376.11 1 0
github.com/CCoupel/GhostDrive/plugins/proto/storage.pb.go:1386.32,1391.2 4 0
github.com/CCoupel/GhostDrive/plugins/proto/storage.pb.go:1393.40,1395.2 1 0
github.com/CCoupel/GhostDrive/plugins/proto/storage.pb.go:1397.38,1397.39 0 0
github.com/CCoupel/GhostDrive/plugins/proto/storage.pb.go:1399.60,1401.14 2 0
github.com/CCoupel/GhostDrive/plugins/proto/storage.pb.go:1401.14,1403.34 2 0
github.com/CCoupel/GhostDrive/plugins/proto/storage.pb.go:1403.34,1405.4 1 0
github.com/CCoupel/GhostDrive/plugins/proto/storage.pb.go:1406.3,1406.12 1 0
github.com/CCoupel/GhostDrive/plugins/proto/storage.pb.go:1408.2,1408.24 1 0
github.com/CCoupel/GhostDrive/plugins/proto/storage.pb.go:1412.51,1414.2 1 0
github.com/CCoupel/GhostDrive/plugins/proto/storage.pb.go:1416.41,1417.14 1 0
github.com/CCoupel/GhostDrive/plugins/proto/storage.pb.go:1417.14,1419.3 1 0
github.com/CCoupel/GhostDrive/plugins/proto/storage.pb.go:1420.2,1420.11 1 0
github.com/CCoupel/GhostDrive/plugins/proto/storage.pb.go:1432.30,1437.2 4 0
github.com/CCoupel/GhostDrive/plugins/proto/storage.pb.go:1439.38,1441.2 1 0
github.com/CCoupel/GhostDrive/plugins/proto/storage.pb.go:1443.36,1443.37 0 0
github.com/CCoupel/GhostDrive/plugins/proto/storage.pb.go:1445.58,1447.14 2 0
github.com/CCoupel/GhostDrive/plugins/proto/storage.pb.go:1447.14,1449.34 2 0
github.com/CCoupel/GhostDrive/plugins/proto/storage.pb.go:1449.34,1451.4 1 0
github.com/CCoupel/GhostDrive/plugins/proto/storage.pb.go:1452.3,1452.12 1 0
github.com/CCoupel/GhostDrive/plugins/proto/storage.pb.go:1454.2,1454.24 1 0
github.com/CCoupel/GhostDrive/plugins/proto/storage.pb.go:1458.49,1460.2 1 0
github.com/CCoupel/GhostDrive/plugins/proto/storage.pb.go:1462.49,1463.14 1 0
github.com/CCoupel/GhostDrive/plugins/proto/storage.pb.go:1463.14,1465.3 1 0
github.com/CCoupel/GhostDrive/plugins/proto/storage.pb.go:1466.2,1466.12 1 0
github.com/CCoupel/GhostDrive/plugins/proto/storage.pb.go:1469.40,1470.14 1 0
github.com/CCoupel/GhostDrive/plugins/proto/storage.pb.go:1470.14,1472.3 1 0
github.com/CCoupel/GhostDrive/plugins/proto/storage.pb.go:1473.2,1473.11 1 0
github.com/CCoupel/GhostDrive/plugins/proto/storage.pb.go:1482.32,1487.2 4 0
github.com/CCoupel/GhostDrive/plugins/proto/storage.pb.go:1489.40,1491.2 1 0
github.com/CCoupel/GhostDrive/plugins/proto/storage.pb.go:1493.38,1493.39 0 0
github.com/CCoupel/GhostDrive/plugins/proto/storage.pb.go:1495.60,1497.14 2 0
github.com/CCoupel/GhostDrive/plugins/proto/storage.pb.go:1497.14,1499.34 2 0
github.com/CCoupel/GhostDrive/plugins/proto/storage.pb.go:1499.34,1501.4 1 0
github.com/CCoupel/GhostDrive/plugins/proto/storage.pb.go:1502.3,1502.12 1 0
github.com/CCoupel/GhostDrive/plugins/proto/storage.pb.go:1504.2,1504.24 1 0
github.com/CCoupel/GhostDrive/plugins/proto/storage.pb.go:1508.51,1510.2 1 0
github.com/CCoupel/GhostDrive/plugins/proto/storage.pb.go:1525.33,1530.2 4 0
github.com/CCoupel/GhostDrive/plugins/proto/storage.pb.go:1532.41,1534.2 1 0
github.com/CCoupel/GhostDrive/plugins/proto/storage.pb.go:1536.39,1536.40 0 0
github.com/CCoupel/GhostDrive/plugins/proto/storage.pb.go:1538.61,1540.14 2 0
github.com/CCoupel/GhostDrive/plugins/proto/storage.pb.go:1540.14,1542.34 2 0
github.com/CCoupel/GhostDrive/plugins/proto/storage.pb.go:1542.34,1544.4 1 0
github.com/CCoupel/GhostDrive/plugins/proto/storage.pb.go:1545.3,1545.12 1 0
github.com/CCoupel/GhostDrive/plugins/proto/storage.pb.go:1547.2,1547.24 1 0
github.com/CCoupel/GhostDrive/plugins/proto/storage.pb.go:1551.52,1553.2 1 0
github.com/CCoupel/GhostDrive/plugins/proto/storage.pb.go:1555.41,1556.14 1 0
github.com/CCoupel/GhostDrive/plugins/proto/storage.pb.go:1556.14,1558.3 1 0
github.com/CCoupel/GhostDrive/plugins/proto/storage.pb.go:1559.2,1559.10 1 0
github.com/CCoupel/GhostDrive/plugins/proto/storage.pb.go:1562.42,1563.14 1 0
github.com/CCoupel/GhostDrive/plugins/proto/storage.pb.go:1563.14,1565.3 1 0
github.com/CCoupel/GhostDrive/plugins/proto/storage.pb.go:1566.2,1566.10 1 0
github.com/CCoupel/GhostDrive/plugins/proto/storage.pb.go:1569.43,1570.14 1 0
github.com/CCoupel/GhostDrive/plugins/proto/storage.pb.go:1570.14,1572.3 1 0
github.com/CCoupel/GhostDrive/plugins/proto/storage.pb.go:1573.2,1573.11 1 0
github.com/CCoupel/GhostDrive/plugins/proto/storage.pb.go:1586.33,1591.2 4 0
github.com/CCoupel/GhostDrive/plugins/proto/storage.pb.go:1593.41,1595.2 1 0
github.com/CCoupel/GhostDrive/plugins/proto/storage.pb.go:1597.39,1597.40 0 0
github.com/CCoupel/GhostDrive/plugins/proto/storage.pb.go:1599.61,1601.14 2 0
github.com/CCoupel/GhostDrive/plugins/proto/storage.pb.go:1601.14,1603.34 2 0
github.com/CCoupel/GhostDrive/plugins/proto/storage.pb.go:1603.34,1605.4 1 0
github.com/CCoupel/GhostDrive/plugins/proto/storage.pb.go:1606.3,1606.12 1 0
github.com/CCoupel/GhostDrive/plugins/proto/storage.pb.go:1608.2,1608.24 1 0
github.com/CCoupel/GhostDrive/plugins/proto/storage.pb.go:1612.52,1614.2 1 0
github.com/CCoupel/GhostDrive/plugins/proto/storage.pb.go:1616.48,1617.14 1 0
github.com/CCoupel/GhostDrive/plugins/proto/storage.pb.go:1617.14,1619.3 1 0
github.com/CCoupel/GhostDrive/plugins/proto/storage.pb.go:1620.2,1620.11 1 0
github.com/CCoupel/GhostDrive/plugins/proto/storage.pb.go:1623.43,1624.14 1 0
github.com/CCoupel/GhostDrive/plugins/proto/storage.pb.go:1624.14,1626.3 1 0
github.com/CCoupel/GhostDrive/plugins/proto/storage.pb.go:1627.2,1627.10 1 0
github.com/CCoupel/GhostDrive/plugins/proto/storage.pb.go:1630.43,1631.14 1 0
github.com/CCoupel/GhostDrive/plugins/proto/storage.pb.go:1631.14,1633.3 1 0
github.com/CCoupel/GhostDrive/plugins/proto/storage.pb.go:1634.2,1634.10 1 0
github.com/CCoupel/GhostDrive/plugins/proto/storage.pb.go:1646.34,1651.2 4 0
github.com/CCoupel/GhostDrive/plugins/proto/storage.pb.go:1653.42,1655.2 1 0
github.com/CCoupel/GhostDrive/plugins/proto/storage.pb.go:1657.40,1657.41 0 0
github.com/CCoupel/GhostDrive/plugins/proto/storage.pb.go:1659.62,1661.14 2 0
github.com/CCoupel/GhostDrive/plugins/proto/storage.pb.go:1661.14,1663.34 2 0
github.com/CCoupel/GhostDrive/plugins/proto/storage.pb.go:1663.34,1665.4 1 0
github.com/CCoupel/GhostDrive/plugins/proto/storage.pb.go:1666.3,1666.12 1 0
github.com/CCoupel/GhostDrive/plugins/proto/storage.pb.go:1668.2,1668.24 1 0
github.com/CCoupel/GhostDrive/plugins/proto/storage.pb.go:1672.53,1674.2 1 0
github.com/CCoupel/GhostDrive/plugins/proto/storage.pb.go:1676.43,1677.14 1 0
github.com/CCoupel/GhostDrive/plugins/proto/storage.pb.go:1677.14,1679.3 1 0
github.com/CCoupel/GhostDrive/plugins/proto/storage.pb.go:1680.2,1680.12 1 0
github.com/CCoupel/GhostDrive/plugins/proto/storage.pb.go:1683.44,1684.14 1 0
github.com/CCoupel/GhostDrive/plugins/proto/storage.pb.go:1684.14,1686.3 1 0
github.com/CCoupel/GhostDrive/plugins/proto/storage.pb.go:1687.2,1687.11 1 0
github.com/CCoupel/GhostDrive/plugins/proto/storage.pb.go:1697.36,1702.2 4 0
github.com/CCoupel/GhostDrive/plugins/proto/storage.pb.go:1704.44,1706.2 1 0
github.com/CCoupel/GhostDrive/plugins/proto/storage.pb.go:1708.42,1708.43 0 0
github.com/CCoupel/GhostDrive/plugins/proto/storage.pb.go:1710.64,1712.14 2 0
github.com/CCoupel/GhostDrive/plugins/proto/storage.pb.go:1712.14,1714.34 2 0
github.com/CCoupel/GhostDrive/plugins/proto/storage.pb.go:1714.34,1716.4 1 0
github.com/CCoupel/GhostDrive/plugins/proto/storage.pb.go:1717.3,1717.12 1 0
github.com/CCoupel/GhostDrive/plugins/proto/storage.pb.go:1719.2,1719.24 1 0
github.com/CCoupel/GhostDrive/plugins/proto/storage.pb.go:1723.55,1725.2 1 0
github.com/CCoupel/GhostDrive/plugins/proto/storage.pb.go:1736.37,1741.2 4 0
github.com/CCoupel/GhostDrive/plugins/proto/storage.pb.go:1743.45,1745.2 1 0
github.com/CCoupel/GhostDrive/plugins/proto/storage.pb.go:1747.43,1747.44 0 0
github.com/CCoupel/GhostDrive/plugins/proto/storage.pb.go:1749.65,1751.14 2 0
github.com/CCoupel/GhostDrive/plugins/proto/storage.pb.go:1751.14,1753.34 2 0
github.com/CCoupel/GhostDrive/plugins/proto/storage.pb.go:1753.34,1755.4 1 0
github.com/CCoupel/GhostDrive/plugins/proto/storage.pb.go:1756.3,1756.12 1 0
github.com/CCoupel/GhostDrive/plugins/proto/storage.pb.go:1758.2,1758.24 1 0
github.com/CCoupel/GhostDrive/plugins/proto/storage.pb.go:1762.56,1764.2 1 0
github.com/CCoupel/GhostDrive/plugins/proto/storage.pb.go:1766.50,1767.14 1 0
github.com/CCoupel/GhostDrive/plugins/proto/storage.pb.go:1767.14,1769.3 1 0
github.com/CCoupel/GhostDrive/plugins/proto/storage.pb.go:1770.2,1770.10 1 0
github.com/CCoupel/GhostDrive/plugins/proto/storage.pb.go:1787.34,1792.2 4 0
github.com/CCoupel/GhostDrive/plugins/proto/storage.pb.go:1794.42,1796.2 1 0
github.com/CCoupel/GhostDrive/plugins/proto/storage.pb.go:1798.40,1798.41 0 0
github.com/CCoupel/GhostDrive/plugins/proto/storage.pb.go:1800.62,1802.14 2 0
github.com/CCoupel/GhostDrive/plugins/proto/storage.pb.go:1802.14,1804.34 2 0
github.com/CCoupel/GhostDrive/plugins/proto/storage.pb.go:1804.34,1806.4 1 0
github.com/CCoupel/GhostDrive/plugins/proto/storage.pb.go:1807.3,1807.12 1 0
github.com/CCoupel/GhostDrive/plugins/proto/storage.pb.go:1809.2,1809.24 1 0
github.com/CCoupel/GhostDrive/plugins/proto/storage.pb.go:1813.53,1815.2 1 0
github.com/CCoupel/GhostDrive/plugins/proto/storage.pb.go:1817.42,1818.14 1 0
github.com/CCoupel/GhostDrive/plugins/proto/storage.pb.go:1818.14,1820.3 1 0
github.com/CCoupel/GhostDrive/plugins/proto/storage.pb.go:1821.2,1821.11 1 0
github.com/CCoupel/GhostDrive/plugins/proto/storage.pb.go:1824.44,1825.14 1 0
github.com/CCoupel/GhostDrive/plugins/proto/storage.pb.go:1825.14,1827.3 1 0
github.com/CCoupel/GhostDrive/plugins/proto/storage.pb.go:1828.2,1828.11 1 0
github.com/CCoupel/GhostDrive/plugins/proto/storage.pb.go:1831.43,1832.14 1 0
github.com/CCoupel/GhostDrive/plugins/proto/storage.pb.go:1832.14,1834.3 1 0
github.com/CCoupel/GhostDrive/plugins/proto/storage.pb.go:1835.2,1835.11 1 0
github.com/CCoupel/GhostDrive/plugins/proto/storage.pb.go:1838.45,1839.14 1 0
github.com/CCoupel/GhostDrive/plugins/proto/storage.pb.go:1839.14,1841.3 1 0
github.com/CCoupel/GhostDrive/plugins/proto/storage.pb.go:1842.2,1842.14 1 0
github.com/CCoupel/GhostDrive/plugins/proto/storage.pb.go:1845.49,1846.14 1 0
github.com/CCoupel/GhostDrive/plugins/proto/storage.pb.go:1846.14,1848.3 1 0
github.com/CCoupel/GhostDrive/plugins/proto/storage.pb.go:1849.2,1849.11 1 0
github.com/CCoupel/GhostDrive/plugins/proto/storage.pb.go:1852.50,1853.14 1 0
github.com/CCoupel/GhostDrive/plugins/proto/storage.pb.go:1853.14,1855.3 1 0
github.com/CCoupel/GhostDrive/plugins/proto/storage.pb.go:1856.2,1856.11 1 0
github.com/CCoupel/GhostDrive/plugins/proto/storage.pb.go:1859.48,1860.14 1 0
github.com/CCoupel/GhostDrive/plugins/proto/storage.pb.go:1860.14,1862.3 1 0
github.com/CCoupel/GhostDrive/plugins/proto/storage.pb.go:1863.2,1863.12 1 0
github.com/CCoupel/GhostDrive/plugins/proto/storage.pb.go:1866.47,1867.14 1 0
github.com/CCoupel/GhostDrive/plugins/proto/storage.pb.go:1867.14,1869.3 1 0
github.com/CCoupel/GhostDrive/plugins/proto/storage.pb.go:1870.2,1870.11 1 0
github.com/CCoupel/GhostDrive/plugins/proto/storage.pb.go:1879.35,1884.2 4 0
github.com/CCoupel/GhostDrive/plugins/proto/storage.pb.go:1886.43,1888.2 1 0
github.com/CCoupel/GhostDrive/plugins/proto/storage.pb.go:1890.41,1890.42 0 0
github.com/CCoupel/GhostDrive/plugins/proto/storage.pb.go:1892.63,1894.14 2 0
github.com/CCoupel/GhostDrive/plugins/proto/storage.pb.go:1894.14,1896.34 2 0
github.com/CCoupel/GhostDrive/plugins/proto/storage.pb.go:1896.34,1898.4 1 0
github.com/CCoupel/GhostDrive/plugins/proto/storage.pb.go:1899.3,1899.12 1 0
github.com/CCoupel/GhostDrive/plugins/proto/storage.pb.go:1901.2,1901.24 1 0
github.com/CCoupel/GhostDrive/plugins/proto/storage.pb.go:1905.54,1907.2 1 0
github.com/CCoupel/GhostDrive/plugins/proto/storage.pb.go:1920.36,1925.2 4 0
github.com/CCoupel/GhostDrive/plugins/proto/storage.pb.go:1927.44,1929.2 1 0
github.com/CCoupel/GhostDrive/plugins/proto/storage.pb.go:1931.42,1931.43 0 0
github.com/CCoupel/GhostDrive/plugins/proto/storage.pb.go:1933.64,1935.14 2 0
github.com/CCoupel/GhostDrive/plugins/proto/storage.pb.go:1935.14,1937.34 2 0
github.com/CCoupel/GhostDrive/plugins/proto/storage.pb.go:1937.34,1939.4 1 0
github.com/CCoupel/GhostDrive/plugins/proto/storage.pb.go:1940.3,1940.12 1 0
github.com/CCoupel/GhostDrive/plugins/proto/storage.pb.go:1942.2,1942.24 1 0
github.com/CCoupel/GhostDrive/plugins/proto/storage.pb.go:1946.55,1948.2 1 0
github.com/CCoupel/GhostDrive/plugins/proto/storage.pb.go:1950.45,1951.14 1 0
github.com/CCoupel/GhostDrive/plugins/proto/storage.pb.go:1951.14,1953.3 1 0
github.com/CCoupel/GhostDrive/plugins/proto/storage.pb.go:1954.2,1954.11 1 0
github.com/CCoupel/GhostDrive/plugins/proto/storage.pb.go:1957.52,1958.14 1 0
github.com/CCoupel/GhostDrive/plugins/proto/storage.pb.go:1958.14,1960.3 1 0
github.com/CCoupel/GhostDrive/plugins/proto/storage.pb.go:1961.2,1961.11 1 0
github.com/CCoupel/GhostDrive/plugins/proto/storage.pb.go:1964.52,1965.14 1 0
github.com/CCoupel/GhostDrive/plugins/proto/storage.pb.go:1965.14,1967.3 1 0
github.com/CCoupel/GhostDrive/plugins/proto/storage.pb.go:1968.2,1968.11 1 0
github.com/CCoupel/GhostDrive/plugins/proto/storage.pb.go:1971.58,1972.14 1 0
github.com/CCoupel/GhostDrive/plugins/proto/storage.pb.go:1972.14,1974.3 1 0
github.com/CCoupel/GhostDrive/plugins/proto/storage.pb.go:1975.2,1975.12 1 0
github.com/CCoupel/GhostDrive/plugins/proto/storage.pb.go:1978.48,1979.14 1 0
github.com/CCoupel/GhostDrive/plugins/proto/storage.pb.go:1979.14,1981.3 1 0
github.com/CCoupel/GhostDrive/plugins/proto/storage.pb.go:1982.2,1982.11 1 0
github.com/CCoupel/GhostDrive/plugins/proto/storage.pb.go:2148.60,2149.57 1 0
github.com/CCoupel/GhostDrive/plugins/proto/storage.pb.go:2149.57,2151.3 1 0
github.com/CCoupel/GhostDrive/plugins/proto/storage.pb.go:2152.2,2152.53 1 0
github.com/CCoupel/GhostDrive/plugins/proto/storage.pb.go:2241.13,2241.56 1 0
github.com/CCoupel/GhostDrive/plugins/proto/storage.pb.go:2242.46,2243.45 1 0
github.com/CCoupel/GhostDrive/plugins/proto/storage.pb.go:2243.45,2245.3 1 0
github.com/CCoupel/GhostDrive/plugins/proto/storage.pb.go:2246.2,2262.48 5 0
github.com/CCoupel/GhostDrive/plugins/proto/storage_grpc.pb.go:78.80,80.2 1 0
github.com/CCoupel/GhostDrive/plugins/proto/storage_grpc.pb.go:82.123,86.16 4 0
github.com/CCoupel/GhostDrive/plugins/proto/storage_grpc.pb.go:86.16,88.3 1 0
github.com/CCoupel/GhostDrive/plugins/proto/storage_grpc.pb.go:89.2,89.17 1 0
github.com/CCoupel/GhostDrive/plugins/proto/storage_grpc.pb.go:92.132,96.16 4 0
github.com/CCoupel/GhostDrive/plugins/proto/storage_grpc.pb.go:96.16,98.3 1 0
github.com/CCoupel/GhostDrive/plugins/proto/storage_grpc.pb.go:99.2,99.17 1 0
github.com/CCoupel/GhostDrive/plugins/proto/storage_grpc.pb.go:102.141,106.16 4 0
github.com/CCoupel/GhostDrive/plugins/proto/storage_grpc.pb.go:106.16,108.3 1 0
github.com/CCoupel/GhostDrive/plugins/proto/storage_grpc.pb.go:109.2,109.17 1 0
github.com/CCoupel/GhostDrive/plugins/proto/storage_grpc.pb.go:112.144,116.16 4 0
github.com/CCoupel/GhostDrive/plugins/proto/storage_grpc.pb.go:116.16,118.3 1 0
github.com/CCoupel/GhostDrive/plugins/proto/storage_grpc.pb.go:119.2,119.17 1 0
github.com/CCoupel/GhostDrive/plugins/proto/storage_grpc.pb.go:122.148,125.16 3 0
github.com/CCoupel/GhostDrive/plugins/proto/storage_grpc.pb.go:125.16,127.3 1 0
github.com/CCoupel/GhostDrive/plugins/proto/storage_grpc.pb.go:128.2,129.15 2 0
github.com/CCoupel/GhostDrive/plugins/proto/storage_grpc.pb.go:135.159,138.16 3 0
github.com/CCoupel/GhostDrive/plugins/proto/storage_grpc.pb.go:138.16,140.3 1 0
github.com/CCoupel/GhostDrive/plugins/proto/storage_grpc.pb.go:141.2,142.51 2 0
github.com/CCoupel/GhostDrive/plugins/proto/storage_grpc.pb.go:142.51,144.3 1 0
github.com/CCoupel/GhostDrive/plugins/proto/storage_grpc.pb.go:145.2,145.51 1 0
github.com/CCoupel/GhostDrive/plugins/proto/storage_grpc.pb.go:145.51,147.3 1 0
github.com/CCoupel/GhostDrive/plugins/proto/storage_grpc.pb.go:148.2,148.15 1 0
github.com/CCoupel/GhostDrive/plugins/proto/storage_grpc.pb.go:154.129,158.16 4 0
github.com/CCoupel/GhostDrive/plugins/proto/storage_grpc.pb.go:158.16,160.3 1 0
github.com/CCoupel/GhostDrive/plugins/proto/storage_grpc.pb.go:161.2,161.17 1 0
github.com/CCoupel/GhostDrive/plugins/proto/storage_grpc.pb.go:164.123,168.16 4 0
github.com/CCoupel/GhostDrive/plugins/proto/storage_grpc.pb.go:168.16,170.3 1 0
github.com/CCoupel/GhostDrive/plugins/proto/storage_grpc.pb.go:171.2,171.17 1 0
github.com/CCoupel/GhostDrive/plugins/proto/storage_grpc.pb.go:174.123,178.16 4 0
github.com/CCoupel/GhostDrive/plugins/proto/storage_grpc.pb.go:178.16,180.3 1 0
github.com/CCoupel/GhostDrive/plugins/proto/storage_grpc.pb.go:181.2,181.17 1 0
github.com/CCoupel/GhostDrive/plugins/proto/storage_grpc.pb.go:184.123,188.16 4 0
github.com/CCoupel/GhostDrive/plugins/proto/storage_grpc.pb.go:188.16,190.3 1 0
github.com/CCoupel/GhostDrive/plugins/proto/storage_grpc.pb.go:191.2,191.17 1 0
github.com/CCoupel/GhostDrive/plugins/proto/storage_grpc.pb.go:194.138,198.16 4 0
github.com/CCoupel/GhostDrive/plugins/proto/storage_grpc.pb.go:198.16,200.3 1 0
github.com/CCoupel/GhostDrive/plugins/proto/storage_grpc.pb.go:201.2,201.17 1 0
github.com/CCoupel/GhostDrive/plugins/proto/storage_grpc.pb.go:204.150,207.16 3 0
github.com/CCoupel/GhostDrive/plugins/proto/storage_grpc.pb.go:207.16,209.3 1 0
github.com/CCoupel/GhostDrive/plugins/proto/storage_grpc.pb.go:210.2,211.51 2 0
github.com/CCoupel/GhostDrive/plugins/proto/storage_grpc.pb.go:211.51,213.3 1 0
github.com/CCoupel/GhostDrive/plugins/proto/storage_grpc.pb.go:214.2,214.51 1 0
github.com/CCoupel/GhostDrive/plugins/proto/storage_grpc.pb.go:214.51,216.3 1 0
github.com/CCoupel/GhostDrive/plugins/proto/storage_grpc.pb.go:217.2,217.15 1 0
github.com/CCoupel/GhostDrive/plugins/proto/storage_grpc.pb.go:223.129,227.16 4 0
github.com/CCoupel/GhostDrive/plugins/proto/storage_grpc.pb.go:227.16,229.3 1 0
github.com/CCoupel/GhostDrive/plugins/proto/storage_grpc.pb.go:230.2,230.17 1 0
github.com/CCoupel/GhostDrive/plugins/proto/storage_grpc.pb.go:233.135,237.16 4 0
github.com/CCoupel/GhostDrive/plugins/proto/storage_grpc.pb.go:237.16,239.3 1 0
github.com/CCoupel/GhostDrive/plugins/proto/storage_grpc.pb.go:240.2,240.17 1 0
github.com/CCoupel/GhostDrive/plugins/proto/storage_grpc.pb.go:243.129,247.16 4 0
github.com/CCoupel/GhostDrive/plugins/proto/storage_grpc.pb.go:247.16,249.3 1 0
github.com/CCoupel/GhostDrive/plugins/proto/storage_grpc.pb.go:250.2,250.17 1 0
github.com/CCoupel/GhostDrive/plugins/proto/storage_grpc.pb.go:253.138,257.16 4 0
github.com/CCoupel/GhostDrive/plugins/proto/storage_grpc.pb.go:257.16,259.3 1 0
github.com/CCoupel/GhostDrive/plugins/proto/storage_grpc.pb.go:260.2,260.17 1 0
github.com/CCoupel/GhostDrive/plugins/proto/storage_grpc.pb.go:305.101,307.2 1 0
github.com/CCoupel/GhostDrive/plugins/proto/storage_grpc.pb.go:308.110,310.2 1 0
github.com/CCoupel/GhostDrive/plugins/proto/storage_grpc.pb.go:311.119,313.2 1 0
github.com/CCoupel/GhostDrive/plugins/proto/storage_grpc.pb.go:314.122,316.2 1 0
github.com/CCoupel/GhostDrive/plugins/proto/storage_grpc.pb.go:317.110,319.2 1 0
github.com/CCoupel/GhostDrive/plugins/proto/storage_grpc.pb.go:320.118,322.2 1 0
github.com/CCoupel/GhostDrive/plugins/proto/storage_grpc.pb.go:323.107,325.2 1 0
github.com/CCoupel/GhostDrive/plugins/proto/storage_grpc.pb.go:326.101,328.2 1 0
github.com/CCoupel/GhostDrive/plugins/proto/storage_grpc.pb.go:329.101,331.2 1 0
github.com/CCoupel/GhostDrive/plugins/proto/storage_grpc.pb.go:332.101,334.2 1 0
github.com/CCoupel/GhostDrive/plugins/proto/storage_grpc.pb.go:335.116,337.2 1 0
github.com/CCoupel/GhostDrive/plugins/proto/storage_grpc.pb.go:338.109,340.2 1 0
github.com/CCoupel/GhostDrive/plugins/proto/storage_grpc.pb.go:341.107,343.2 1 0
github.com/CCoupel/GhostDrive/plugins/proto/storage_grpc.pb.go:344.113,346.2 1 0
github.com/CCoupel/GhostDrive/plugins/proto/storage_grpc.pb.go:347.107,349.2 1 0
github.com/CCoupel/GhostDrive/plugins/proto/storage_grpc.pb.go:350.116,352.2 1 0
github.com/CCoupel/GhostDrive/plugins/proto/storage_grpc.pb.go:353.88,353.89 0 0
github.com/CCoupel/GhostDrive/plugins/proto/storage_grpc.pb.go:354.88,354.89 0 0
github.com/CCoupel/GhostDrive/plugins/proto/storage_grpc.pb.go:363.86,368.59 1 0
github.com/CCoupel/GhostDrive/plugins/proto/storage_grpc.pb.go:368.59,370.3 1 0
github.com/CCoupel/GhostDrive/plugins/proto/storage_grpc.pb.go:371.2,371.53 1 0
github.com/CCoupel/GhostDrive/plugins/proto/storage_grpc.pb.go:374.164,376.32 2 0
github.com/CCoupel/GhostDrive/plugins/proto/storage_grpc.pb.go:376.32,378.3 1 0
github.com/CCoupel/GhostDrive/plugins/proto/storage_grpc.pb.go:379.2,379.24 1 0
github.com/CCoupel/GhostDrive/plugins/proto/storage_grpc.pb.go:379.24,381.3 1 0
github.com/CCoupel/GhostDrive/plugins/proto/storage_grpc.pb.go:382.2,386.77 2 0
github.com/CCoupel/GhostDrive/plugins/proto/storage_grpc.pb.go:386.77,388.3 1 0
github.com/CCoupel/GhostDrive/plugins/proto/storage_grpc.pb.go:389.2,389.44 1 0
github.com/CCoupel/GhostDrive/plugins/proto/storage_grpc.pb.go:392.167,394.32 2 0
github.com/CCoupel/GhostDrive/plugins/proto/storage_grpc.pb.go:394.32,396.3 1 0
github.com/CCoupel/GhostDrive/plugins/proto/storage_grpc.pb.go:397.2,397.24 1 0
github.com/CCoupel/GhostDrive/plugins/proto/storage_grpc.pb.go:397.24,399.3 1 0
github.com/CCoupel/GhostDrive/plugins/proto/storage_grpc.pb.go:400.2,404.77 2 0
github.com/CCoupel/GhostDrive/plugins/proto/storage_grpc.pb.go:404.77,406.3 1 0
github.com/CCoupel/GhostDrive/plugins/proto/storage_grpc.pb.go:407.2,407.44 1 0
github.com/CCoupel/GhostDrive/plugins/proto/storage_grpc.pb.go:410.170,412.32 2 0
github.com/CCoupel/GhostDrive/plugins/proto/storage_grpc.pb.go:412.32,414.3 1 0
github.com/CCoupel/GhostDrive/plugins/proto/storage_grpc.pb.go:415.2,415.24 1 0
github.com/CCoupel/GhostDrive/plugins/proto/storage_grpc.pb.go:415.24,417.3 1 0
github.com/CCoupel/GhostDrive/plugins/proto/storage_grpc.pb.go:418.2,422.77 2 0
github.com/CCoupel/GhostDrive/plugins/proto/storage_grpc.pb.go:422.77,424.3 1 0
github.com/CCoupel/GhostDrive/plugins/proto/storage_grpc.pb.go:425.2,425.44 1 0
github.com/CCoupel/GhostDrive/plugins/proto/storage_grpc.pb.go:428.171,430.32 2 0
github.com/CCoupel/GhostDrive/plugins/proto/storage_grpc.pb.go:430.32,432.3 1 0
github.com/CCoupel/GhostDrive/plugins/proto/storage_grpc.pb.go:433.2,433.24 1 0
github.com/CCoupel/GhostDrive/plugins/proto/storage_grpc.pb.go:433.24,435.3 1 0
github.com/CCoupel/GhostDrive/plugins/proto/storage_grpc.pb.go:436.2,440.77 2 0
github.com/CCoupel/GhostDrive/plugins/proto/storage_grpc.pb.go:440.77,442.3 1 0
github.com/CCoupel/GhostDrive/plugins/proto/storage_grpc.pb.go:443.2,443.44 1 0
github.com/CCoupel/GhostDrive/plugins/proto/storage_grpc.pb.go:446.86,448.2 1 0
github.com/CCoupel/GhostDrive/plugins/proto/storage_grpc.pb.go:453.88,455.42 2 0
github.com/CCoupel/GhostDrive/plugins/proto/storage_grpc.pb.go:455.42,457.3 1 0
github.com/CCoupel/GhostDrive/plugins/proto/storage_grpc.pb.go:458.2,458.128 1 0
github.com/CCoupel/GhostDrive/plugins/proto/storage_grpc.pb.go:464.166,466.32 2 0
github.com/CCoupel/GhostDrive/plugins/proto/storage_grpc.pb.go:466.32,468.3 1 0
github.com/CCoupel/GhostDrive/plugins/proto/storage_grpc.pb.go:469.2,469.24 1 0
github.com/CCoupel/GhostDrive/plugins/proto/storage_grpc.pb.go:469.24,471.3 1 0
github.com/CCoupel/GhostDrive/plugins/proto/storage_grpc.pb.go:472.2,476.77 2 0
github.com/CCoupel/GhostDrive/plugins/proto/storage_grpc.pb.go:476.77,478.3 1 0
github.com/CCoupel/GhostDrive/plugins/proto/storage_grpc.pb.go:479.2,479.44 1 0
github.com/CCoupel/GhostDrive/plugins/proto/storage_grpc.pb.go:482.164,484.32 2 0
github.com/CCoupel/GhostDrive/plugins/proto/storage_grpc.pb.go:484.32,486.3 1 0
github.com/CCoupel/GhostDrive/plugins/proto/storage_grpc.pb.go:487.2,487.24 1 0
github.com/CCoupel/GhostDrive/plugins/proto/storage_grpc.pb.go:487.24,489.3 1 0
github.com/CCoupel/GhostDrive/plugins/proto/storage_grpc.pb.go:490.2,494.77 2 0
github.com/CCoupel/GhostDrive/plugins/proto/storage_grpc.pb.go:494.77,496.3 1 0
github.com/CCoupel/GhostDrive/plugins/proto/storage_grpc.pb.go:497.2,497.44 1 0
github.com/CCoupel/GhostDrive/plugins/proto/storage_grpc.pb.go:500.164,502.32 2 0
github.com/CCoupel/GhostDrive/plugins/proto/storage_grpc.pb.go:502.32,504.3 1 0
github.com/CCoupel/GhostDrive/plugins/proto/storage_grpc.pb.go:505.2,505.24 1 0
github.com/CCoupel/GhostDrive/plugins/proto/storage_grpc.pb.go:505.24,507.3 1 0
github.com/CCoupel/GhostDrive/plugins/proto/storage_grpc.pb.go:508.2,512.77 2 0
github.com/CCoupel/GhostDrive/plugins/proto/storage_grpc.pb.go:512.77,514.3 1 0
github.com/CCoupel/GhostDrive/plugins/proto/storage_grpc.pb.go:515.2,515.44 1 0
github.com/CCoupel/GhostDrive/plugins/proto/storage_grpc.pb.go:518.164,520.32 2 0
github.com/CCoupel/GhostDrive/plugins/proto/storage_grpc.pb.go:520.32,522.3 1 0
github.com/CCoupel/GhostDrive/plugins/proto/storage_grpc.pb.go:523.2,523.24 1 0
github.com/CCoupel/GhostDrive/plugins/proto/storage_grpc.pb.go:523.24,525.3 1 0
github.com/CCoupel/GhostDrive/plugins/proto/storage_grpc.pb.go:526.2,530.77 2 0
github.com/CCoupel/GhostDrive/plugins/proto/storage_grpc.pb.go:530.77,532.3 1 0
github.com/CCoupel/GhostDrive/plugins/proto/storage_grpc.pb.go:533.2,533.44 1 0
github.com/CCoupel/GhostDrive/plugins/proto/storage_grpc.pb.go:536.169,538.32 2 0
github.com/CCoupel/GhostDrive/plugins/proto/storage_grpc.pb.go:538.32,540.3 1 0
github.com/CCoupel/GhostDrive/plugins/proto/storage_grpc.pb.go:541.2,541.24 1 0
github.com/CCoupel/GhostDrive/plugins/proto/storage_grpc.pb.go:541.24,543.3 1 0
github.com/CCoupel/GhostDrive/plugins/proto/storage_grpc.pb.go:544.2,548.77 2 0
github.com/CCoupel/GhostDrive/plugins/proto/storage_grpc.pb.go:548.77,550.3 1 0
github.com/CCoupel/GhostDrive/plugins/proto/storage_grpc.pb.go:551.2,551.44 1 0
github.com/CCoupel/GhostDrive/plugins/proto/storage_grpc.pb.go:554.85,556.42 2 0
github.com/CCoupel/GhostDrive/plugins/proto/storage_grpc.pb.go:556.42,558.3 1 0
github.com/CCoupel/GhostDrive/plugins/proto/storage_grpc.pb.go:559.2,559.119 1 0
github.com/CCoupel/GhostDrive/plugins/proto/storage_grpc.pb.go:565.168,567.32 2 0
github.com/CCoupel/GhostDrive/plugins/proto/storage_grpc.pb.go:567.32,569.3 1 0
github.com/CCoupel/GhostDrive/plugins/proto/storage_grpc.pb.go:570.2,570.24 1 0
github.com/CCoupel/GhostDrive/plugins/proto/storage_grpc.pb.go:570.24,572.3 1 0
github.com/CCoupel/GhostDrive/plugins/proto/storage_grpc.pb.go:573.2,577.77 2 0
github.com/CCoupel/GhostDrive/plugins/proto/storage_grpc.pb.go:577.77,579.3 1 0
github.com/CCoupel/GhostDrive/plugins/proto/storage_grpc.pb.go:580.2,580.44 1 0
github.com/CCoupel/GhostDrive/plugins/proto/storage_grpc.pb.go:583.168,585.32 2 0
github.com/CCoupel/GhostDrive/plugins/proto/storage_grpc.pb.go:585.32,587.3 1 0
github.com/CCoupel/GhostDrive/plugins/proto/storage_grpc.pb.go:588.2,588.24 1 0
github.com/CCoupel/GhostDrive/plugins/proto/storage_grpc.pb.go:588.24,590.3 1 0
github.com/CCoupel/GhostDrive/plugins/proto/storage_grpc.pb.go:591.2,595.77 2 0
github.com/CCoupel/GhostDrive/plugins/proto/storage_grpc.pb.go:595.77,597.3 1 0
github.com/CCoupel/GhostDrive/plugins/proto/storage_grpc.pb.go:598.2,598.44 1 0
github.com/CCoupel/GhostDrive/plugins/proto/storage_grpc.pb.go:601.166,603.32 2 0
github.com/CCoupel/GhostDrive/plugins/proto/storage_grpc.pb.go:603.32,605.3 1 0
github.com/CCoupel/GhostDrive/plugins/proto/storage_grpc.pb.go:606.2,606.24 1 0
github.com/CCoupel/GhostDrive/plugins/proto/storage_grpc.pb.go:606.24,608.3 1 0
github.com/CCoupel/GhostDrive/plugins/proto/storage_grpc.pb.go:609.2,613.77 2 0
github.com/CCoupel/GhostDrive/plugins/proto/storage_grpc.pb.go:613.77,615.3 1 0
github.com/CCoupel/GhostDrive/plugins/proto/storage_grpc.pb.go:616.2,616.44 1 0
github.com/CCoupel/GhostDrive/plugins/proto/storage_grpc.pb.go:619.169,621.32 2 0
github.com/CCoupel/GhostDrive/plugins/proto/storage_grpc.pb.go:621.32,623.3 1 0
github.com/CCoupel/GhostDrive/plugins/proto/storage_grpc.pb.go:624.2,624.24 1 0
github.com/CCoupel/GhostDrive/plugins/proto/storage_grpc.pb.go:624.24,626.3 1 0
github.com/CCoupel/GhostDrive/plugins/proto/storage_grpc.pb.go:627.2,631.77 2 0
github.com/CCoupel/GhostDrive/plugins/proto/storage_grpc.pb.go:631.77,633.3 1 0
github.com/CCoupel/GhostDrive/plugins/proto/storage_grpc.pb.go:634.2,634.44 1 0
github.com/CCoupel/GhostDrive/plugins/webdav/cmd/main.go:32.13,35.2 2 0
github.com/CCoupel/GhostDrive/plugins/registry.go:23.59,27.2 3 8
github.com/CCoupel/GhostDrive/plugins/registry.go:31.47,35.9 4 5
github.com/CCoupel/GhostDrive/plugins/registry.go:35.9,37.3 1 1
github.com/CCoupel/GhostDrive/plugins/registry.go:38.2,38.23 1 4
github.com/CCoupel/GhostDrive/plugins/registry.go:42.28,47.2 4 0
github.com/CCoupel/GhostDrive/plugins/registry.go:51.30,55.29 4 4
github.com/CCoupel/GhostDrive/plugins/registry.go:55.29,57.3 1 5
github.com/CCoupel/GhostDrive/plugins/registry.go:58.2,59.14 2 4
github.com/CCoupel/GhostDrive/internal/logging/store.go:45.24,47.2 1 4
github.com/CCoupel/GhostDrive/internal/logging/store.go:51.42,55.2 3 1
github.com/CCoupel/GhostDrive/internal/logging/store.go:59.52,61.16 2 7
github.com/CCoupel/GhostDrive/internal/logging/store.go:61.16,63.3 1 0
github.com/CCoupel/GhostDrive/internal/logging/store.go:65.2,71.34 6 7
github.com/CCoupel/GhostDrive/internal/logging/store.go:71.34,75.3 2 0
github.com/CCoupel/GhostDrive/internal/logging/store.go:76.2,80.15 4 7
github.com/CCoupel/GhostDrive/internal/logging/store.go:80.15,82.3 1 2
github.com/CCoupel/GhostDrive/internal/logging/store.go:83.2,83.20 1 7
github.com/CCoupel/GhostDrive/internal/logging/store.go:88.51,92.18 3 4
github.com/CCoupel/GhostDrive/internal/logging/store.go:92.18,96.3 3 3
github.com/CCoupel/GhostDrive/internal/logging/store.go:98.2,99.30 2 1
github.com/CCoupel/GhostDrive/internal/logging/store.go:99.30,100.21 1 3
github.com/CCoupel/GhostDrive/internal/logging/store.go:100.21,102.4 1 1
github.com/CCoupel/GhostDrive/internal/logging/store.go:104.2,104.15 1 1
github.com/CCoupel/GhostDrive/internal/logging/store.go:108.25,112.2 3 1
github.com/CCoupel/GhostDrive/internal/logging/store.go:124.35,133.76 3 18
github.com/CCoupel/GhostDrive/internal/logging/store.go:133.76,135.88 2 10
github.com/CCoupel/GhostDrive/internal/logging/store.go:135.88,137.4 1 10
github.com/CCoupel/GhostDrive/internal/logging/store.go:138.3,138.18 1 10
github.com/CCoupel/GhostDrive/internal/logging/store.go:142.2,144.35 3 18
github.com/CCoupel/GhostDrive/internal/logging/store.go:144.35,145.47 1 11
github.com/CCoupel/GhostDrive/internal/logging/store.go:145.47,148.34 3 11
github.com/CCoupel/GhostDrive/internal/logging/store.go:149.17,150.46 1 3
github.com/CCoupel/GhostDrive/internal/logging/store.go:151.27,152.45 1 1
github.com/CCoupel/GhostDrive/internal/logging/store.go:153.26,154.46 1 1
github.com/CCoupel/GhostDrive/internal/logging/store.go:155.16,156.45 1 6
github.com/CCoupel/GhostDrive/internal/logging/store.go:157.12,159.21 1 0
github.com/CCoupel/GhostDrive/internal/logging/store.go:165.2,165.52 1 18
github.com/CCoupel/GhostDrive/internal/logging/store.go:165.52,166.47 1 4
github.com/CCoupel/GhostDrive/internal/logging/store.go:166.47,169.4 2 4
github.com/CCoupel/GhostDrive/internal/logging/store.go:178.2,178.44 1 18
github.com/CCoupel/GhostDrive/internal/logging/store.go:178.44,180.10 2 13
github.com/CCoupel/GhostDrive/internal/logging/store.go:181.64,182.24 1 2
github.com/CCoupel/GhostDrive/internal/logging/store.go:183.46,184.23 1 1
github.com/CCoupel/GhostDrive/internal/logging/store.go:185.63,186.24 1 0
github.com/CCoupel/GhostDrive/internal/logging/store.go:190.2,191.10 2 18
github.com/CCoupel/GhostDrive/internal/logging/store.go:194.53,195.30 1 30
github.com/CCoupel/GhostDrive/internal/logging/store.go:195.30,196.30 1 81
github.com/CCoupel/GhostDrive/internal/logging/store.go:196.30,198.4 1 3
github.com/CCoupel/GhostDrive/internal/logging/store.go:200.2,200.14 1 27
github.com/CCoupel/GhostDrive/internal/backends/manager.go:25.67,26.20 1 6
github.com/CCoupel/GhostDrive/internal/backends/manager.go:26.20,28.3 1 6
github.com/CCoupel/GhostDrive/internal/backends/manager.go:29.2,33.3 1 6
github.com/CCoupel/GhostDrive/internal/backends/manager.go:38.62,39.17 1 0
github.com/CCoupel/GhostDrive/internal/backends/manager.go:39.17,41.3 1 0
github.com/CCoupel/GhostDrive/internal/backends/manager.go:43.2,44.16 2 0
github.com/CCoupel/GhostDrive/internal/backends/manager.go:44.16,46.3 1 0
github.com/CCoupel/GhostDrive/internal/backends/manager.go:48.2,48.38 1 0
github.com/CCoupel/GhostDrive/internal/backends/manager.go:48.38,50.3 1 0
github.com/CCoupel/GhostDrive/internal/backends/manager.go:52.2,61.12 6 0
github.com/CCoupel/GhostDrive/internal/backends/manager.go:65.50,68.9 3 2
github.com/CCoupel/GhostDrive/internal/backends/manager.go:68.9,71.3 2 1
github.com/CCoupel/GhostDrive/internal/backends/manager.go:72.2,81.12 6 1
github.com/CCoupel/GhostDrive/internal/backends/manager.go:85.72,90.2 4 2
github.com/CCoupel/GhostDrive/internal/backends/manager.go:93.77,98.2 4 1
github.com/CCoupel/GhostDrive/internal/backends/manager.go:101.42,105.29 4 1
github.com/CCoupel/GhostDrive/internal/backends/manager.go:105.29,107.3 1 3
github.com/CCoupel/GhostDrive/internal/backends/manager.go:108.2,108.12 1 1
github.com/CCoupel/GhostDrive/internal/backends/manager.go:115.63,123.32 4 2
github.com/CCoupel/GhostDrive/internal/backends/manager.go:123.32,125.3 1 3
github.com/CCoupel/GhostDrive/internal/backends/manager.go:126.2,129.28 3 2
github.com/CCoupel/GhostDrive/internal/backends/manager.go:129.28,131.24 2 3
github.com/CCoupel/GhostDrive/internal/backends/manager.go:131.24,132.74 1 2
github.com/CCoupel/GhostDrive/internal/backends/manager.go:132.74,135.5 2 1
github.com/CCoupel/GhostDrive/internal/backends/manager.go:135.10,140.5 2 1
github.com/CCoupel/GhostDrive/internal/backends/manager.go:142.3,142.33 1 3
github.com/CCoupel/GhostDrive/internal/backends/manager.go:144.2,144.17 1 2
github.com/CCoupel/GhostDrive/internal/backends/manager.go:150.32,152.2 1 3
github.com/CCoupel/GhostDrive/internal/backends/manager.go:157.83,159.16 2 3
github.com/CCoupel/GhostDrive/internal/backends/manager.go:159.16,161.3 1 1
github.com/CCoupel/GhostDrive/internal/backends/manager.go:162.2,162.15 1 2
github.com/CCoupel/GhostDrive/internal/backends/manager.go:169.26,169.49 1 0
github.com/CCoupel/GhostDrive/internal/backends/manager.go:172.26,176.2 3 2
github.com/CCoupel/GhostDrive/internal/placeholder/drives_other.go:7.39,7.53 1 1
github.com/CCoupel/GhostDrive/internal/placeholder/drives_other.go:10.35,10.51 1 3
github.com/CCoupel/GhostDrive/internal/placeholder/manager.go:27.60,29.15 2 5
github.com/CCoupel/GhostDrive/internal/placeholder/manager.go:30.22,31.76 1 1
github.com/CCoupel/GhostDrive/internal/placeholder/manager.go:32.20,34.41 2 2
github.com/CCoupel/GhostDrive/internal/placeholder/manager.go:34.41,35.55 1 1
github.com/CCoupel/GhostDrive/internal/placeholder/manager.go:35.55,37.5 1 1
github.com/CCoupel/GhostDrive/internal/placeholder/manager.go:39.3,39.38 1 2
github.com/CCoupel/GhostDrive/internal/placeholder/manager.go:40.21,41.37 1 1
github.com/CCoupel/GhostDrive/internal/placeholder/manager.go:79.71,80.20 1 38
github.com/CCoupel/GhostDrive/internal/placeholder/manager.go:80.20,82.3 1 38
github.com/CCoupel/GhostDrive/internal/placeholder/manager.go:83.2,86.3 1 38
github.com/CCoupel/GhostDrive/internal/placeholder/manager.go:98.86,103.46 3 23
github.com/CCoupel/GhostDrive/internal/placeholder/manager.go:103.46,106.3 2 0
github.com/CCoupel/GhostDrive/internal/placeholder/manager.go:108.2,119.70 4 23
github.com/CCoupel/GhostDrive/internal/placeholder/manager.go:119.70,121.3 1 23
github.com/CCoupel/GhostDrive/internal/placeholder/manager.go:122.2,123.12 2 0
github.com/CCoupel/GhostDrive/internal/placeholder/manager.go:128.57,133.9 4 23
github.com/CCoupel/GhostDrive/internal/placeholder/manager.go:133.9,135.3 1 21
github.com/CCoupel/GhostDrive/internal/placeholder/manager.go:136.2,138.16 3 2
github.com/CCoupel/GhostDrive/internal/placeholder/manager.go:138.16,140.3 1 0
github.com/CCoupel/GhostDrive/internal/placeholder/manager.go:141.2,141.12 1 2
github.com/CCoupel/GhostDrive/internal/placeholder/manager.go:147.73,152.9 4 47
github.com/CCoupel/GhostDrive/internal/placeholder/manager.go:152.9,154.3 1 36
github.com/CCoupel/GhostDrive/internal/placeholder/manager.go:155.2,159.16 5 11
github.com/CCoupel/GhostDrive/internal/placeholder/manager.go:164.65,169.35 4 39
github.com/CCoupel/GhostDrive/internal/placeholder/manager.go:169.35,175.3 5 5
github.com/CCoupel/GhostDrive/internal/placeholder/manager.go:176.2,176.15 1 39
github.com/CCoupel/GhostDrive/internal/placeholder/manager.go:184.64,189.9 4 11
github.com/CCoupel/GhostDrive/internal/placeholder/manager.go:189.9,191.3 1 1
github.com/CCoupel/GhostDrive/internal/placeholder/manager.go:192.2,193.30 2 10
github.com/CCoupel/GhostDrive/internal/placeholder/manager.go:202.76,204.32 2 4
[...]
github.com/CCoupel/GhostDrive/plugins/moosefs/internal/mfsclient/csclient.go:378.11,380.6 1 0
github.com/CCoupel/GhostDrive/plugins/moosefs/internal/mfsclient/csclient.go:381.5,381.12 1 0
github.com/CCoupel/GhostDrive/plugins/moosefs/internal/mfsclient/csclient.go:381.35,381.35 0 0
github.com/CCoupel/GhostDrive/plugins/moosefs/internal/mfsclient/csclient.go:381.44,381.44 0 0
github.com/CCoupel/GhostDrive/plugins/moosefs/internal/mfsclient/csclient.go:382.5,383.11 2 0
github.com/CCoupel/GhostDrive/plugins/moosefs/internal/mfsclient/csclient.go:385.4,386.25 2 23
github.com/CCoupel/GhostDrive/plugins/moosefs/internal/mfsclient/csclient.go:386.25,387.13 1 3
github.com/CCoupel/GhostDrive/plugins/moosefs/internal/mfsclient/csclient.go:389.4,389.36 1 20
github.com/CCoupel/GhostDrive/plugins/moosefs/internal/mfsclient/csclient.go:389.36,392.12 2 0
github.com/CCoupel/GhostDrive/plugins/moosefs/internal/mfsclient/csclient.go:392.35,392.35 0 0
github.com/CCoupel/GhostDrive/plugins/moosefs/internal/mfsclient/csclient.go:392.44,392.44 0 0
github.com/CCoupel/GhostDrive/plugins/moosefs/internal/mfsclient/csclient.go:393.5,394.11 2 0
github.com/CCoupel/GhostDrive/plugins/moosefs/internal/mfsclient/csclient.go:396.4,396.22 1 20
github.com/CCoupel/GhostDrive/plugins/moosefs/internal/mfsclient/csclient.go:396.22,398.12 2 0
github.com/CCoupel/GhostDrive/plugins/moosefs/internal/mfsclient/csclient.go:398.35,398.35 0 0
github.com/CCoupel/GhostDrive/plugins/moosefs/internal/mfsclient/csclient.go:398.44,398.44 0 0
github.com/CCoupel/GhostDrive/plugins/moosefs/internal/mfsclient/csclient.go:399.5,400.11 2 0
github.com/CCoupel/GhostDrive/plugins/moosefs/internal/mfsclient/csclient.go:402.4,404.26 2 20
github.com/CCoupel/GhostDrive/plugins/moosefs/internal/mfsclient/csclient.go:404.26,407.12 2 1
github.com/CCoupel/GhostDrive/plugins/moosefs/internal/mfsclient/csclient.go:407.35,407.35 0 1
github.com/CCoupel/GhostDrive/plugins/moosefs/internal/mfsclient/csclient.go:407.44,407.44 0 0
github.com/CCoupel/GhostDrive/plugins/moosefs/internal/mfsclient/csclient.go:408.5,409.11 2 1
github.com/CCoupel/GhostDrive/plugins/moosefs/internal/mfsclient/csclient.go:423.4,425.10 3 19
github.com/CCoupel/GhostDrive/plugins/moosefs/internal/mfsclient/csclient.go:430.2,431.22 2 20
github.com/CCoupel/GhostDrive/plugins/moosefs/internal/mfsclient/csclient.go:431.22,433.10 1 31
github.com/CCoupel/GhostDrive/plugins/moosefs/internal/mfsclient/csclient.go:434.26,437.14 3 0
github.com/CCoupel/GhostDrive/plugins/moosefs/internal/mfsclient/csclient.go:438.11,438.11 0 31
github.com/CCoupel/GhostDrive/plugins/moosefs/internal/mfsclient/csclient.go:441.3,447.18 6 31
github.com/CCoupel/GhostDrive/plugins/moosefs/internal/mfsclient/csclient.go:447.18,449.4 1 18
github.com/CCoupel/GhostDrive/plugins/moosefs/internal/mfsclient/csclient.go:450.3,464.75 12 31
github.com/CCoupel/GhostDrive/plugins/moosefs/internal/mfsclient/csclient.go:464.75,473.11 5 0
github.com/CCoupel/GhostDrive/plugins/moosefs/internal/mfsclient/csclient.go:474.36,475.25 1 0
github.com/CCoupel/GhostDrive/plugins/moosefs/internal/mfsclient/csclient.go:475.25,477.6 1 0
github.com/CCoupel/GhostDrive/plugins/moosefs/internal/mfsclient/csclient.go:478.5,478.20 1 0
github.com/CCoupel/GhostDrive/plugins/moosefs/internal/mfsclient/csclient.go:479.19,480.20 1 0
github.com/CCoupel/GhostDrive/plugins/moosefs/internal/mfsclient/csclient.go:483.3,483.16 1 31
github.com/CCoupel/GhostDrive/plugins/moosefs/internal/mfsclient/csclient.go:487.2,487.9 1 20
github.com/CCoupel/GhostDrive/plugins/moosefs/internal/mfsclient/csclient.go:488.25,491.13 3 1
github.com/CCoupel/GhostDrive/plugins/moosefs/internal/mfsclient/csclient.go:492.10,492.10 0 19
github.com/CCoupel/GhostDrive/plugins/moosefs/internal/mfsclient/csclient.go:496.2,500.71 4 19
github.com/CCoupel/GhostDrive/plugins/moosefs/internal/mfsclient/csclient.go:500.71,502.13 2 0
github.com/CCoupel/GhostDrive/plugins/moosefs/internal/mfsclient/csclient.go:502.13,502.30 1 0
github.com/CCoupel/GhostDrive/plugins/moosefs/internal/mfsclient/csclient.go:503.3,503.75 1 0
github.com/CCoupel/GhostDrive/plugins/moosefs/internal/mfsclient/csclient.go:507.2,510.22 2 19
github.com/CCoupel/GhostDrive/plugins/moosefs/internal/mfsclient/ecclient.go:22.34,24.2 1 86
github.com/CCoupel/GhostDrive/plugins/moosefs/internal/mfsclient/ecclient.go:28.47,29.22 1 85
github.com/CCoupel/GhostDrive/plugins/moosefs/internal/mfsclient/ecclient.go:29.22,31.3 1 80
github.com/CCoupel/GhostDrive/plugins/moosefs/internal/mfsclient/ecclient.go:32.2,32.38 1 5
github.com/CCoupel/GhostDrive/plugins/moosefs/internal/mfsclient/ecclient.go:58.19,65.30 3 81
github.com/CCoupel/GhostDrive/plugins/moosefs/internal/mfsclient/ecclient.go:65.30,67.29 2 81
github.com/CCoupel/GhostDrive/plugins/moosefs/internal/mfsclient/ecclient.go:67.29,69.4 1 1
github.com/CCoupel/GhostDrive/plugins/moosefs/internal/mfsclient/ecclient.go:69.9,71.4 1 80
github.com/CCoupel/GhostDrive/plugins/moosefs/internal/mfsclient/ecclient.go:73.2,73.24 1 81
github.com/CCoupel/GhostDrive/plugins/moosefs/internal/mfsclient/ecclient.go:73.24,75.3 1 0
github.com/CCoupel/GhostDrive/plugins/moosefs/internal/mfsclient/ecclient.go:79.2,87.40 5 81
github.com/CCoupel/GhostDrive/plugins/moosefs/internal/mfsclient/ecclient.go:87.40,92.3 1 1
github.com/CCoupel/GhostDrive/plugins/moosefs/internal/mfsclient/ecclient.go:96.2,103.43 4 80
github.com/CCoupel/GhostDrive/plugins/moosefs/internal/mfsclient/ecclient.go:103.43,105.21 2 83
github.com/CCoupel/GhostDrive/plugins/moosefs/internal/mfsclient/ecclient.go:105.21,108.4 1 0
github.com/CCoupel/GhostDrive/plugins/moosefs/internal/mfsclient/ecclient.go:110.3,111.21 2 83
github.com/CCoupel/GhostDrive/plugins/moosefs/internal/mfsclient/ecclient.go:111.21,113.47 2 4
github.com/CCoupel/GhostDrive/plugins/moosefs/internal/mfsclient/ecclient.go:113.47,116.13 2 3
github.com/CCoupel/GhostDrive/plugins/moosefs/internal/mfsclient/ecclient.go:118.4,119.37 1 1
github.com/CCoupel/GhostDrive/plugins/moosefs/internal/mfsclient/ecclient.go:122.3,123.21 2 79
github.com/CCoupel/GhostDrive/plugins/moosefs/internal/mfsclient/ecclient.go:127.2,128.26 1 0
github.com/CCoupel/GhostDrive/plugins/moosefs/internal/mfsclient/protocol.go:162.62,164.2 1 123
github.com/CCoupel/GhostDrive/plugins/moosefs/internal/mfsclient/protocol.go:193.35,194.11 1 7
github.com/CCoupel/GhostDrive/plugins/moosefs/internal/mfsclient/protocol.go:195.16,196.14 1 0
github.com/CCoupel/GhostDrive/plugins/moosefs/internal/mfsclient/protocol.go:197.20,198.18 1 0
github.com/CCoupel/GhostDrive/plugins/moosefs/internal/mfsclient/protocol.go:199.20,200.18 1 0
github.com/CCoupel/GhostDrive/plugins/moosefs/internal/mfsclient/protocol.go:201.20,202.18 1 0
github.com/CCoupel/GhostDrive/plugins/moosefs/internal/mfsclient/protocol.go:203.23,204.21 1 0
github.com/CCoupel/GhostDrive/plugins/moosefs/internal/mfsclient/protocol.go:205.27,206.23 1 0
github.com/CCoupel/GhostDrive/plugins/moosefs/internal/mfsclient/protocol.go:207.27,208.23 1 6
github.com/CCoupel/GhostDrive/plugins/moosefs/internal/mfsclient/protocol.go:209.28,210.24 1 0
github.com/CCoupel/GhostDrive/plugins/moosefs/internal/mfsclient/protocol.go:211.28,212.24 1 1
github.com/CCoupel/GhostDrive/plugins/moosefs/internal/mfsclient/protocol.go:213.19,214.15 1 0
github.com/CCoupel/GhostDrive/plugins/moosefs/internal/mfsclient/protocol.go:215.19,216.17 1 0
github.com/CCoupel/GhostDrive/plugins/moosefs/internal/mfsclient/protocol.go:217.10,218.19 1 0
github.com/CCoupel/GhostDrive/plugins/moosefs/internal/mfsclient/protocol.go:280.29,280.59 1 3
github.com/CCoupel/GhostDrive/plugins/moosefs/internal/mfsclient/protocol.go:312.66,317.43 4 780
github.com/CCoupel/GhostDrive/plugins/moosefs/internal/mfsclient/protocol.go:317.43,319.3 1 2
github.com/CCoupel/GhostDrive/plugins/moosefs/internal/mfsclient/protocol.go:320.2,320.22 1 778
github.com/CCoupel/GhostDrive/plugins/moosefs/internal/mfsclient/protocol.go:320.22,321.48 1 769
github.com/CCoupel/GhostDrive/plugins/moosefs/internal/mfsclient/protocol.go:321.48,323.4 1 0
github.com/CCoupel/GhostDrive/plugins/moosefs/internal/mfsclient/protocol.go:325.2,325.12 1 778
github.com/CCoupel/GhostDrive/plugins/moosefs/internal/mfsclient/protocol.go:335.71,337.49 2 855
github.com/CCoupel/GhostDrive/plugins/moosefs/internal/mfsclient/protocol.go:337.49,339.3 1 71
github.com/CCoupel/GhostDrive/plugins/moosefs/internal/mfsclient/protocol.go:341.2,344.30 3 771
github.com/CCoupel/GhostDrive/plugins/moosefs/internal/mfsclient/protocol.go:344.30,346.3 1 1
github.com/CCoupel/GhostDrive/plugins/moosefs/internal/mfsclient/protocol.go:348.2,348.16 1 770
github.com/CCoupel/GhostDrive/plugins/moosefs/internal/mfsclient/protocol.go:348.16,350.54 2 761
github.com/CCoupel/GhostDrive/plugins/moosefs/internal/mfsclient/protocol.go:350.54,352.4 1 0
github.com/CCoupel/GhostDrive/plugins/moosefs/internal/mfsclient/protocol.go:354.2,354.26 1 770
github.com/CCoupel/GhostDrive/plugins/moosefs/internal/mfsclient/protocol.go:360.43,362.2 1 513
github.com/CCoupel/GhostDrive/plugins/moosefs/internal/mfsclient/protocol.go:365.45,369.2 3 456
github.com/CCoupel/GhostDrive/plugins/moosefs/internal/mfsclient/protocol.go:372.45,376.2 3 2434
github.com/CCoupel/GhostDrive/plugins/moosefs/internal/mfsclient/protocol.go:379.45,383.2 3 690
github.com/CCoupel/GhostDrive/plugins/moosefs/internal/mfsclient/protocol.go:386.43,390.2 3 0
github.com/CCoupel/GhostDrive/plugins/moosefs/internal/mfsclient/protocol.go:394.47,397.2 2 32
github.com/CCoupel/GhostDrive/plugins/moosefs/internal/mfsclient/protocol.go:403.45,408.2 4 0
github.com/CCoupel/GhostDrive/plugins/moosefs/internal/mfsclient/protocol.go:414.55,415.19 1 18
github.com/CCoupel/GhostDrive/plugins/moosefs/internal/mfsclient/protocol.go:415.19,417.3 1 0
github.com/CCoupel/GhostDrive/plugins/moosefs/internal/mfsclient/protocol.go:418.2,418.29 1 18
github.com/CCoupel/GhostDrive/plugins/moosefs/internal/mfsclient/protocol.go:422.57,423.20 1 262
github.com/CCoupel/GhostDrive/plugins/moosefs/internal/mfsclient/protocol.go:423.20,425.3 1 0
github.com/CCoupel/GhostDrive/plugins/moosefs/internal/mfsclient/protocol.go:426.2,426.62 1 262
github.com/CCoupel/GhostDrive/plugins/moosefs/internal/mfsclient/protocol.go:431.57,432.20 1 1372
github.com/CCoupel/GhostDrive/plugins/moosefs/internal/mfsclient/protocol.go:432.20,434.3 1 0
github.com/CCoupel/GhostDrive/plugins/moosefs/internal/mfsclient/protocol.go:435.2,435.62 1 1372
github.com/CCoupel/GhostDrive/plugins/moosefs/internal/mfsclient/protocol.go:439.57,440.20 1 324
github.com/CCoupel/GhostDrive/plugins/moosefs/internal/mfsclient/protocol.go:440.20,442.3 1 0
github.com/CCoupel/GhostDrive/plugins/moosefs/internal/mfsclient/protocol.go:443.2,443.62 1 324
github.com/CCoupel/GhostDrive/plugins/moosefs/internal/mfsclient/protocol.go:447.55,450.2 2 0
github.com/CCoupel/GhostDrive/plugins/moosefs/internal/mfsclient/protocol.go:454.59,455.19 1 32
github.com/CCoupel/GhostDrive/plugins/moosefs/internal/mfsclient/protocol.go:455.19,457.3 1 0
github.com/CCoupel/GhostDrive/plugins/moosefs/internal/mfsclient/protocol.go:458.2,460.25 3 32
github.com/CCoupel/GhostDrive/plugins/moosefs/internal/mfsclient/protocol.go:460.25,462.3 1 0
github.com/CCoupel/GhostDrive/plugins/moosefs/internal/mfsclient/protocol.go:463.2,463.55 1 32
github.com/CCoupel/GhostDrive/plugins/moosefs/internal/mfsclient/protocol.go:470.57,471.20 1 0
github.com/CCoupel/GhostDrive/plugins/moosefs/internal/mfsclient/protocol.go:471.20,473.3 1 0
github.com/CCoupel/GhostDrive/plugins/moosefs/internal/mfsclient/protocol.go:474.2,476.25 3 0
github.com/CCoupel/GhostDrive/plugins/moosefs/internal/mfsclient/protocol.go:476.25,478.3 1 0
github.com/CCoupel/GhostDrive/plugins/moosefs/internal/mfsclient/protocol.go:479.2,479.55 1 0
github.com/CCoupel/GhostDrive/plugins/moosefs/internal/mfsclient/protocol.go:494.62,496.33 2 14
github.com/CCoupel/GhostDrive/plugins/moosefs/internal/mfsclient/protocol.go:496.33,499.3 1 0
github.com/CCoupel/GhostDrive/plugins/moosefs/internal/mfsclient/protocol.go:501.2,505.16 4 14
github.com/CCoupel/GhostDrive/plugins/moosefs/internal/mfsclient/protocol.go:505.16,507.3 1 0
github.com/CCoupel/GhostDrive/plugins/moosefs/internal/mfsclient/protocol.go:508.2,509.16 2 14
github.com/CCoupel/GhostDrive/plugins/moosefs/internal/mfsclient/protocol.go:509.16,511.3 1 0
github.com/CCoupel/GhostDrive/plugins/moosefs/internal/mfsclient/protocol.go:512.2,513.16 2 14
github.com/CCoupel/GhostDrive/plugins/moosefs/internal/mfsclient/protocol.go:513.16,515.3 1 0
github.com/CCoupel/GhostDrive/plugins/moosefs/internal/mfsclient/protocol.go:516.2,517.16 2 14
github.com/CCoupel/GhostDrive/plugins/moosefs/internal/mfsclient/protocol.go:517.16,519.3 1 0
github.com/CCoupel/GhostDrive/plugins/moosefs/internal/mfsclient/protocol.go:520.2,521.16 2 14
github.com/CCoupel/GhostDrive/plugins/moosefs/internal/mfsclient/protocol.go:521.16,523.3 1 0
github.com/CCoupel/GhostDrive/plugins/moosefs/internal/mfsclient/protocol.go:524.2,525.16 2 14
github.com/CCoupel/GhostDrive/plugins/moosefs/internal/mfsclient/protocol.go:525.16,527.3 1 0
github.com/CCoupel/GhostDrive/plugins/moosefs/internal/mfsclient/protocol.go:528.2,529.16 2 14
github.com/CCoupel/GhostDrive/plugins/moosefs/internal/mfsclient/protocol.go:529.16,531.3 1 0
github.com/CCoupel/GhostDrive/plugins/moosefs/internal/mfsclient/protocol.go:532.2,533.16 2 14
github.com/CCoupel/GhostDrive/plugins/moosefs/internal/mfsclient/protocol.go:533.16,535.3 1 0
github.com/CCoupel/GhostDrive/plugins/moosefs/internal/mfsclient/protocol.go:536.2,537.16 2 14
github.com/CCoupel/GhostDrive/plugins/moosefs/internal/mfsclient/protocol.go:537.16,539.3 1 0
github.com/CCoupel/GhostDrive/plugins/moosefs/internal/mfsclient/protocol.go:543.2,543.24 1 14
github.com/CCoupel/GhostDrive/plugins/moosefs/internal/mfsclient/protocol.go:543.24,545.3 1 0
github.com/CCoupel/GhostDrive/plugins/moosefs/internal/mfsclient/protocol.go:548.2,549.21 2 14
github.com/CCoupel/GhostDrive/plugins/moosefs/internal/mfsclient/protocol.go:556.43,556.71 1 45
github.com/CCoupel/GhostDrive/plugins/loader/grpc_loader.go:102.34,104.2 1 8
github.com/CCoupel/GhostDrive/plugins/loader/grpc_loader.go:112.63,114.22 2 12
github.com/CCoupel/GhostDrive/plugins/loader/grpc_loader.go:114.22,116.3 1 8
github.com/CCoupel/GhostDrive/plugins/loader/grpc_loader.go:117.2,120.3 1 12
github.com/CCoupel/GhostDrive/plugins/loader/grpc_loader.go:132.52,139.16 5 11
github.com/CCoupel/GhostDrive/plugins/loader/grpc_loader.go:139.16,141.3 1 0
github.com/CCoupel/GhostDrive/plugins/loader/grpc_loader.go:143.2,143.31 1 11
github.com/CCoupel/GhostDrive/plugins/loader/grpc_loader.go:143.31,145.3 1 8
github.com/CCoupel/GhostDrive/plugins/loader/grpc_loader.go:146.2,146.12 1 11
github.com/CCoupel/GhostDrive/plugins/loader/grpc_loader.go:160.46,165.16 3 8
github.com/CCoupel/GhostDrive/plugins/loader/grpc_loader.go:165.16,176.3 5 4
github.com/CCoupel/GhostDrive/plugins/loader/grpc_loader.go:178.2,188.61 5 4
github.com/CCoupel/GhostDrive/plugins/loader/grpc_loader.go:188.61,190.22 2 3
github.com/CCoupel/GhostDrive/plugins/loader/grpc_loader.go:190.22,193.4 2 0
github.com/CCoupel/GhostDrive/plugins/loader/grpc_loader.go:194.3,197.11 4 3
github.com/CCoupel/GhostDrive/plugins/loader/grpc_loader.go:202.2,218.81 7 4
github.com/CCoupel/GhostDrive/plugins/loader/grpc_loader.go:223.99,251.16 8 11
github.com/CCoupel/GhostDrive/plugins/loader/grpc_loader.go:251.16,254.3 2 4
github.com/CCoupel/GhostDrive/plugins/loader/grpc_loader.go:256.2,257.16 2 7
github.com/CCoupel/GhostDrive/plugins/loader/grpc_loader.go:257.16,260.3 2 0
github.com/CCoupel/GhostDrive/plugins/loader/grpc_loader.go:262.2,263.9 2 7
github.com/CCoupel/GhostDrive/plugins/loader/grpc_loader.go:263.9,266.3 2 0
github.com/CCoupel/GhostDrive/plugins/loader/grpc_loader.go:268.2,268.29 1 7
github.com/CCoupel/GhostDrive/plugins/loader/grpc_loader.go:276.72,279.53 2 0
github.com/CCoupel/GhostDrive/plugins/loader/grpc_loader.go:279.53,281.10 1 0
github.com/CCoupel/GhostDrive/plugins/loader/grpc_loader.go:282.21,283.10 1 0
github.com/CCoupel/GhostDrive/plugins/loader/grpc_loader.go:284.41,284.41 0 0
github.com/CCoupel/GhostDrive/plugins/loader/grpc_loader.go:288.3,288.10 1 0
github.com/CCoupel/GhostDrive/plugins/loader/grpc_loader.go:289.21,290.10 1 0
github.com/CCoupel/GhostDrive/plugins/loader/grpc_loader.go:291.11,291.11 0 0
github.com/CCoupel/GhostDrive/plugins/loader/grpc_loader.go:294.3,301.10 5 0
github.com/CCoupel/GhostDrive/plugins/loader/grpc_loader.go:302.21,303.10 1 0
github.com/CCoupel/GhostDrive/plugins/loader/grpc_loader.go:304.38,304.38 0 0
github.com/CCoupel/GhostDrive/plugins/loader/grpc_loader.go:307.3,308.17 2 0
github.com/CCoupel/GhostDrive/plugins/loader/grpc_loader.go:308.17,318.12 6 0
github.com/CCoupel/GhostDrive/plugins/loader/grpc_loader.go:322.3,329.69 6 0
github.com/CCoupel/GhostDrive/plugins/loader/grpc_loader.go:329.69,329.90 1 0
github.com/CCoupel/GhostDrive/plugins/loader/grpc_loader.go:331.3,333.15 2 0
github.com/CCoupel/GhostDrive/plugins/loader/grpc_loader.go:337.2,343.15 5 0
github.com/CCoupel/GhostDrive/plugins/loader/grpc_loader.go:347.80,349.12 2 0
github.com/CCoupel/GhostDrive/plugins/loader/grpc_loader.go:349.12,351.7 2 0
github.com/CCoupel/GhostDrive/plugins/loader/grpc_loader.go:351.7,352.11 1 0
github.com/CCoupel/GhostDrive/plugins/loader/grpc_loader.go:353.22,354.11 1 0
github.com/CCoupel/GhostDrive/plugins/loader/grpc_loader.go:355.46,356.24 1 0
github.com/CCoupel/GhostDrive/plugins/loader/grpc_loader.go:356.24,358.6 1 0
github.com/CCoupel/GhostDrive/plugins/loader/grpc_loader.go:362.2,362.11 1 0
github.com/CCoupel/GhostDrive/plugins/loader/grpc_loader.go:366.39,369.37 2 9
github.com/CCoupel/GhostDrive/plugins/loader/grpc_loader.go:369.37,371.3 1 3
github.com/CCoupel/GhostDrive/plugins/loader/grpc_loader.go:372.2,378.37 5 9
github.com/CCoupel/GhostDrive/plugins/loader/grpc_loader.go:378.37,380.34 1 6
github.com/CCoupel/GhostDrive/plugins/loader/grpc_loader.go:380.34,382.4 1 4
github.com/CCoupel/GhostDrive/plugins/loader/grpc_loader.go:383.3,383.26 1 6
github.com/CCoupel/GhostDrive/plugins/loader/grpc_loader.go:383.26,385.4 1 0
github.com/CCoupel/GhostDrive/plugins/loader/grpc_loader.go:386.3,386.48 1 6
github.com/CCoupel/GhostDrive/plugins/loader/grpc_loader.go:389.2,390.12 2 9
github.com/CCoupel/GhostDrive/plugins/loader/grpc_loader.go:395.72,400.30 4 0
github.com/CCoupel/GhostDrive/plugins/loader/grpc_loader.go:400.30,401.27 1 0
github.com/CCoupel/GhostDrive/plugins/loader/grpc_loader.go:401.27,403.4 1 0
github.com/CCoupel/GhostDrive/plugins/loader/grpc_loader.go:405.2,405.15 1 0
github.com/CCoupel/GhostDrive/plugins/loader/grpc_loader.go:409.54,414.30 4 11
github.com/CCoupel/GhostDrive/plugins/loader/grpc_loader.go:414.30,416.44 2 7
github.com/CCoupel/GhostDrive/plugins/loader/grpc_loader.go:416.44,419.4 1 7
github.com/CCoupel/GhostDrive/plugins/loader/grpc_loader.go:420.3,426.5 1 7
github.com/CCoupel/GhostDrive/plugins/loader/grpc_loader.go:428.2,428.15 1 11
github.com/CCoupel/GhostDrive/plugins/loader/grpc_loader.go:454.59,458.9 4 0
github.com/CCoupel/GhostDrive/plugins/loader/grpc_loader.go:458.9,460.3 1 0
github.com/CCoupel/GhostDrive/plugins/loader/grpc_loader.go:461.2,461.25 1 0
github.com/CCoupel/GhostDrive/plugins/loader/grpc_loader.go:461.25,463.3 1 0
github.com/CCoupel/GhostDrive/plugins/loader/grpc_loader.go:464.2,464.12 1 0
github.com/CCoupel/GhostDrive/plugins/loader/grpc_loader.go:475.39,476.73 1 15
github.com/CCoupel/GhostDrive/plugins/loader/grpc_loader.go:476.73,478.3 1 5
github.com/CCoupel/GhostDrive/plugins/loader/grpc_loader.go:479.2,479.18 1 10
github.com/CCoupel/GhostDrive/plugins/loader/grpc_loader.go:484.45,487.15 3 8
github.com/CCoupel/GhostDrive/plugins/loader/grpc_loader.go:487.15,489.3 1 8
github.com/CCoupel/GhostDrive/plugins/loader/grpc_loader.go:490.2,490.13 1 0
github.com/CCoupel/GhostDrive/plugins/loader/grpc_loader.go:494.41,496.2 1 11
github.com/CCoupel/GhostDrive/plugins/loader/proc_other.go:8.36,8.37 0 11
