mode: atomic
github.com/CCoupel/GhostDrive/internal/backends/manager.go:25.67,26.20 1 0
github.com/CCoupel/GhostDrive/internal/backends/manager.go:26.20,28.3 1 0
github.com/CCoupel/GhostDrive/internal/backends/manager.go:29.2,33.3 1 0
github.com/CCoupel/GhostDrive/internal/backends/manager.go:38.62,39.17 1 0
github.com/CCoupel/GhostDrive/internal/backends/manager.go:39.17,41.3 1 0
github.com/CCoupel/GhostDrive/internal/backends/manager.go:43.2,44.16 2 0
github.com/CCoupel/GhostDrive/internal/backends/manager.go:44.16,46.3 1 0
github.com/CCoupel/GhostDrive/internal/backends/manager.go:48.2,48.38 1 0
github.com/CCoupel/GhostDrive/internal/backends/manager.go:48.38,50.3 1 0
github.com/CCoupel/GhostDrive/internal/backends/manager.go:52.2,61.12 6 0
github.com/CCoupel/GhostDrive/internal/backends/manager.go:65.50,68.9 3 0
github.com/CCoupel/GhostDrive/internal/backends/manager.go:68.9,71.3 2 0
github.com/CCoupel/GhostDrive/internal/backends/manager.go:72.2,81.12 6 0
github.com/CCoupel/GhostDrive/internal/backends/manager.go:85.72,90.2 4 0
github.com/CCoupel/GhostDrive/internal/backends/manager.go:93.77,98.2 4 0
github.com/CCoupel/GhostDrive/internal/backends/manager.go:101.42,105.29 4 0
github.com/CCoupel/GhostDrive/internal/backends/manager.go:105.29,107.3 1 0
github.com/CCoupel/GhostDrive/internal/backends/manager.go:108.2,108.12 1 0
github.com/CCoupel/GhostDrive/internal/backends/manager.go:115.63,123.32 4 0
github.com/CCoupel/GhostDrive/internal/backends/manager.go:123.32,125.3 1 0
github.com/CCoupel/GhostDrive/internal/backends/manager.go:126.2,129.28 3 0
github.com/CCoupel/GhostDrive/internal/backends/manager.go:129.28,131.24 2 0
github.com/CCoupel/GhostDrive/internal/backends/manager.go:131.24,132.74 1 0
github.com/CCoupel/GhostDrive/internal/backends/manager.go:132.74,135.5 2 0
github.com/CCoupel/GhostDrive/internal/backends/manager.go:135.10,140.5 2 0
github.com/CCoupel/GhostDrive/internal/backends/manager.go:142.3,142.33 1 0
github.com/CCoupel/GhostDrive/internal/backends/manager.go:144.2,144.17 1 0
github.com/CCoupel/GhostDrive/internal/backends/manager.go:150.32,152.2 1 0
github.com/CCoupel/GhostDrive/internal/backends/manager.go:157.83,159.16 2 0
github.com/CCoupel/GhostDrive/internal/backends/manager.go:159.16,161.3 1 0
github.com/CCoupel/GhostDrive/internal/backends/manager.go:162.2,162.15 1 0
github.com/CCoupel/GhostDrive/internal/backends/manager.go:169.26,169.49 1 0
github.com/CCoupel/GhostDrive/internal/backends/manager.go:172.26,176.2 3 0
github.com/CCoupel/GhostDrive/internal/config/config.go:38.32,48.2 1 0
github.com/CCoupel/GhostDrive/internal/config/config.go:51.34,53.31 2 0
github.com/CCoupel/GhostDrive/internal/config/config.go:53.31,55.20 2 0
github.com/CCoupel/GhostDrive/internal/config/config.go:55.20,57.4 1 0
github.com/CCoupel/GhostDrive/internal/config/config.go:58.3,58.17 1 0
github.com/CCoupel/GhostDrive/internal/config/config.go:59.8,61.17 2 0
github.com/CCoupel/GhostDrive/internal/config/config.go:61.17,63.4 1 0
github.com/CCoupel/GhostDrive/internal/config/config.go:64.3,65.16 2 0
github.com/CCoupel/GhostDrive/internal/config/config.go:65.16,67.4 1 0
github.com/CCoupel/GhostDrive/internal/config/config.go:67.9,69.4 1 0
github.com/CCoupel/GhostDrive/internal/config/config.go:72.2,72.31 1 0
github.com/CCoupel/GhostDrive/internal/config/config.go:72.31,74.3 1 0
github.com/CCoupel/GhostDrive/internal/config/config.go:75.2,75.47 1 0
github.com/CCoupel/GhostDrive/internal/config/config.go:79.35,81.16 2 0
github.com/CCoupel/GhostDrive/internal/config/config.go:81.16,83.3 1 0
github.com/CCoupel/GhostDrive/internal/config/config.go:84.2,84.47 1 0
github.com/CCoupel/GhostDrive/internal/config/config.go:89.43,93.16 3 0
github.com/CCoupel/GhostDrive/internal/config/config.go:93.16,94.25 1 0
github.com/CCoupel/GhostDrive/internal/config/config.go:94.25,96.4 1 0
github.com/CCoupel/GhostDrive/internal/config/config.go:97.3,97.59 1 0
github.com/CCoupel/GhostDrive/internal/config/config.go:100.2,100.51 1 0
github.com/CCoupel/GhostDrive/internal/config/config.go:100.51,102.3 1 0
github.com/CCoupel/GhostDrive/internal/config/config.go:105.2,105.29 1 0
github.com/CCoupel/GhostDrive/internal/config/config.go:105.29,107.3 1 0
github.com/CCoupel/GhostDrive/internal/config/config.go:108.2,108.25 1 0
github.com/CCoupel/GhostDrive/internal/config/config.go:108.25,110.3 1 0
github.com/CCoupel/GhostDrive/internal/config/config.go:112.2,112.17 1 0
github.com/CCoupel/GhostDrive/internal/config/config.go:116.39,118.16 2 0
github.com/CCoupel/GhostDrive/internal/config/config.go:118.16,120.3 1 0
github.com/CCoupel/GhostDrive/internal/config/config.go:121.2,121.19 1 0
github.com/CCoupel/GhostDrive/internal/config/config.go:127.45,129.47 2 0
github.com/CCoupel/GhostDrive/internal/config/config.go:129.47,131.3 1 0
github.com/CCoupel/GhostDrive/internal/config/config.go:133.2,134.16 2 0
github.com/CCoupel/GhostDrive/internal/config/config.go:134.16,136.3 1 0
github.com/CCoupel/GhostDrive/internal/config/config.go:138.2,138.55 1 0
github.com/CCoupel/GhostDrive/internal/config/config.go:138.55,140.3 1 0
github.com/CCoupel/GhostDrive/internal/config/config.go:142.2,142.12 1 0
github.com/CCoupel/GhostDrive/internal/config/config.go:146.39,148.16 2 0
github.com/CCoupel/GhostDrive/internal/config/config.go:148.16,150.3 1 0
github.com/CCoupel/GhostDrive/internal/config/config.go:151.2,151.24 1 0
github.com/CCoupel/GhostDrive/internal/sync/conflict.go:16.96,18.41 2 0
github.com/CCoupel/GhostDrive/internal/sync/conflict.go:18.41,20.3 1 0
github.com/CCoupel/GhostDrive/internal/sync/conflict.go:22.2,30.19 2 0
github.com/CCoupel/GhostDrive/internal/sync/conflict.go:30.19,31.69 1 0
github.com/CCoupel/GhostDrive/internal/sync/conflict.go:31.69,33.4 1 0
github.com/CCoupel/GhostDrive/internal/sync/conflict.go:36.2,36.15 1 0
github.com/CCoupel/GhostDrive/internal/sync/conflict.go:40.87,42.16 2 0
github.com/CCoupel/GhostDrive/internal/sync/conflict.go:42.16,44.3 1 0
github.com/CCoupel/GhostDrive/internal/sync/conflict.go:45.2,54.51 3 0
github.com/CCoupel/GhostDrive/internal/sync/conflict.go:54.51,56.3 1 0
github.com/CCoupel/GhostDrive/internal/sync/conflict.go:57.2,57.12 1 0
github.com/CCoupel/GhostDrive/internal/sync/dispatcher.go:22.46,22.47 0 0
github.com/CCoupel/GhostDrive/internal/sync/dispatcher.go:34.104,35.20 1 0
github.com/CCoupel/GhostDrive/internal/sync/dispatcher.go:35.20,37.3 1 0
github.com/CCoupel/GhostDrive/internal/sync/dispatcher.go:38.2,43.3 1 0
github.com/CCoupel/GhostDrive/internal/sync/dispatcher.go:48.80,55.33 2 0
github.com/CCoupel/GhostDrive/internal/sync/dispatcher.go:55.33,60.10 3 0
github.com/CCoupel/GhostDrive/internal/sync/dispatcher.go:61.28,61.28 0 0
github.com/CCoupel/GhostDrive/internal/sync/dispatcher.go:62.21,64.9 2 0
github.com/CCoupel/GhostDrive/internal/sync/dispatcher.go:67.3,67.13 1 0
github.com/CCoupel/GhostDrive/internal/sync/dispatcher.go:67.13,69.17 2 0
github.com/CCoupel/GhostDrive/internal/sync/dispatcher.go:69.17,69.28 1 0
github.com/CCoupel/GhostDrive/internal/sync/dispatcher.go:71.4,71.44 1 0
github.com/CCoupel/GhostDrive/internal/sync/dispatcher.go:71.44,73.24 2 0
github.com/CCoupel/GhostDrive/internal/sync/dispatcher.go:73.24,75.6 1 0
github.com/CCoupel/GhostDrive/internal/sync/dispatcher.go:76.5,76.16 1 0
github.com/CCoupel/GhostDrive/internal/sync/dispatcher.go:81.2,82.17 2 0
github.com/CCoupel/GhostDrive/internal/sync/dispatcher.go:86.71,87.16 1 0
github.com/CCoupel/GhostDrive/internal/sync/dispatcher.go:88.20,95.65 2 0
github.com/CCoupel/GhostDrive/internal/sync/dispatcher.go:95.65,97.4 1 0
github.com/CCoupel/GhostDrive/internal/sync/dispatcher.go:99.22,106.67 2 0
github.com/CCoupel/GhostDrive/internal/sync/dispatcher.go:106.67,108.4 1 0
github.com/CCoupel/GhostDrive/internal/sync/dispatcher.go:110.20,111.61 1 0
github.com/CCoupel/GhostDrive/internal/sync/dispatcher.go:111.61,117.4 2 0
github.com/CCoupel/GhostDrive/internal/sync/dispatcher.go:119.19,120.64 1 0
github.com/CCoupel/GhostDrive/internal/sync/dispatcher.go:120.64,126.4 2 0
github.com/CCoupel/GhostDrive/internal/sync/dispatcher.go:128.10,129.64 1 0
github.com/CCoupel/GhostDrive/internal/sync/dispatcher.go:132.2,132.12 1 0
github.com/CCoupel/GhostDrive/internal/sync/download.go:17.108,18.74 1 0
github.com/CCoupel/GhostDrive/internal/sync/download.go:18.74,21.3 2 0
github.com/CCoupel/GhostDrive/internal/sync/download.go:22.2,22.72 1 0
github.com/CCoupel/GhostDrive/internal/sync/download.go:22.72,25.3 2 0
github.com/CCoupel/GhostDrive/internal/sync/download.go:28.2,35.38 3 0
github.com/CCoupel/GhostDrive/internal/sync/download.go:35.38,38.50 3 0
github.com/CCoupel/GhostDrive/internal/sync/download.go:38.50,40.4 1 0
github.com/CCoupel/GhostDrive/internal/sync/download.go:41.3,49.16 3 0
github.com/CCoupel/GhostDrive/internal/sync/download.go:49.16,51.4 1 0
github.com/CCoupel/GhostDrive/internal/sync/download.go:52.3,52.38 1 0
github.com/CCoupel/GhostDrive/internal/sync/download.go:56.2,61.95 2 0
github.com/CCoupel/GhostDrive/internal/sync/download.go:61.95,65.3 3 0
github.com/CCoupel/GhostDrive/internal/sync/download.go:67.2,67.59 1 0
github.com/CCoupel/GhostDrive/internal/sync/download.go:67.59,71.3 3 0
github.com/CCoupel/GhostDrive/internal/sync/download.go:73.2,73.12 1 0
github.com/CCoupel/GhostDrive/internal/sync/engine.go:40.11,41.20 1 0
github.com/CCoupel/GhostDrive/internal/sync/engine.go:41.20,43.3 1 0
github.com/CCoupel/GhostDrive/internal/sync/engine.go:44.2,56.3 1 0
github.com/CCoupel/GhostDrive/internal/sync/engine.go:62.51,63.30 1 0
github.com/CCoupel/GhostDrive/internal/sync/engine.go:63.30,65.3 1 0
github.com/CCoupel/GhostDrive/internal/sync/engine.go:67.2,69.25 3 0
github.com/CCoupel/GhostDrive/internal/sync/engine.go:69.25,73.3 3 0
github.com/CCoupel/GhostDrive/internal/sync/engine.go:74.2,78.12 4 0
github.com/CCoupel/GhostDrive/internal/sync/engine.go:82.25,85.25 3 0
github.com/CCoupel/GhostDrive/internal/sync/engine.go:85.25,88.3 2 0
github.com/CCoupel/GhostDrive/internal/sync/engine.go:92.26,95.15 3 0
github.com/CCoupel/GhostDrive/internal/sync/engine.go:95.15,102.3 2 0
github.com/CCoupel/GhostDrive/internal/sync/engine.go:106.27,109.14 3 0
github.com/CCoupel/GhostDrive/internal/sync/engine.go:109.14,116.3 2 0
github.com/CCoupel/GhostDrive/internal/sync/engine.go:120.55,122.2 1 0
github.com/CCoupel/GhostDrive/internal/sync/engine.go:127.45,132.21 4 0
github.com/CCoupel/GhostDrive/internal/sync/engine.go:132.21,134.3 1 0
github.com/CCoupel/GhostDrive/internal/sync/engine.go:135.2,135.23 1 0
github.com/CCoupel/GhostDrive/internal/sync/engine.go:135.23,137.3 1 0
github.com/CCoupel/GhostDrive/internal/sync/engine.go:138.2,138.30 1 0
github.com/CCoupel/GhostDrive/internal/sync/engine.go:138.30,140.3 1 0
github.com/CCoupel/GhostDrive/internal/sync/engine.go:141.2,141.10 1 0
github.com/CCoupel/GhostDrive/internal/sync/engine.go:146.43,148.63 1 0
github.com/CCoupel/GhostDrive/internal/sync/engine.go:148.63,150.3 1 0
github.com/CCoupel/GhostDrive/internal/sync/engine.go:153.2,154.16 2 0
github.com/CCoupel/GhostDrive/internal/sync/engine.go:154.16,157.3 2 0
github.com/CCoupel/GhostDrive/internal/sync/engine.go:159.2,160.16 2 0
github.com/CCoupel/GhostDrive/internal/sync/engine.go:160.16,163.3 2 0
github.com/CCoupel/GhostDrive/internal/sync/engine.go:164.2,168.16 3 0
github.com/CCoupel/GhostDrive/internal/sync/engine.go:168.16,171.3 1 0
github.com/CCoupel/GhostDrive/internal/sync/engine.go:173.2,173.6 1 0
github.com/CCoupel/GhostDrive/internal/sync/engine.go:173.6,174.10 1 0
github.com/CCoupel/GhostDrive/internal/sync/engine.go:175.21,181.10 2 0
github.com/CCoupel/GhostDrive/internal/sync/engine.go:183.28,184.11 1 0
github.com/CCoupel/GhostDrive/internal/sync/engine.go:184.11,186.5 1 0
github.com/CCoupel/GhostDrive/internal/sync/engine.go:187.4,187.20 1 0
github.com/CCoupel/GhostDrive/internal/sync/engine.go:187.20,188.13 1 0
github.com/CCoupel/GhostDrive/internal/sync/engine.go:190.4,191.75 2 0
github.com/CCoupel/GhostDrive/internal/sync/engine.go:191.75,193.5 1 0
github.com/CCoupel/GhostDrive/internal/sync/engine.go:195.34,196.11 1 0
github.com/CCoupel/GhostDrive/internal/sync/engine.go:196.11,198.13 2 0
github.com/CCoupel/GhostDrive/internal/sync/engine.go:200.4,200.20 1 0
github.com/CCoupel/GhostDrive/internal/sync/engine.go:200.20,201.13 1 0
github.com/CCoupel/GhostDrive/internal/sync/engine.go:203.4,204.76 2 0
github.com/CCoupel/GhostDrive/internal/sync/engine.go:204.76,206.5 1 0
github.com/CCoupel/GhostDrive/internal/sync/engine.go:211.57,213.14 2 0
github.com/CCoupel/GhostDrive/internal/sync/engine.go:213.14,216.3 2 0
github.com/CCoupel/GhostDrive/internal/sync/engine.go:217.2,231.16 8 0
github.com/CCoupel/GhostDrive/internal/sync/engine.go:231.16,239.3 3 0
github.com/CCoupel/GhostDrive/internal/sync/engine.go:241.2,245.78 4 0
github.com/CCoupel/GhostDrive/internal/sync/engine.go:245.78,247.3 1 0
github.com/CCoupel/GhostDrive/internal/sync/engine.go:249.2,257.12 4 0
github.com/CCoupel/GhostDrive/internal/sync/engine.go:260.85,264.18 3 0
github.com/CCoupel/GhostDrive/internal/sync/engine.go:265.59,270.6 1 0
github.com/CCoupel/GhostDrive/internal/sync/engine.go:271.32,276.6 1 0
github.com/CCoupel/GhostDrive/internal/sync/engine.go:278.2,278.12 1 0
github.com/CCoupel/GhostDrive/internal/sync/engine.go:281.86,285.18 3 0
github.com/CCoupel/GhostDrive/internal/sync/engine.go:286.59,291.6 1 0
github.com/CCoupel/GhostDrive/internal/sync/engine.go:292.32,297.5 1 0
github.com/CCoupel/GhostDrive/internal/sync/engine.go:299.2,299.12 1 0
github.com/CCoupel/GhostDrive/internal/sync/engine.go:302.46,306.2 3 0
github.com/CCoupel/GhostDrive/internal/sync/engine.go:308.34,312.2 3 0
github.com/CCoupel/GhostDrive/internal/sync/engine.go:314.52,329.2 6 0
github.com/CCoupel/GhostDrive/internal/sync/queue.go:33.35,35.2 1 0
github.com/CCoupel/GhostDrive/internal/sync/queue.go:38.41,40.2 1 0
github.com/CCoupel/GhostDrive/internal/sync/queue.go:44.36,48.2 3 0
github.com/CCoupel/GhostDrive/internal/sync/queue.go:57.45,61.2 3 0
github.com/CCoupel/GhostDrive/internal/sync/queue.go:65.49,69.31 3 0
github.com/CCoupel/GhostDrive/internal/sync/queue.go:69.31,70.27 1 0
github.com/CCoupel/GhostDrive/internal/sync/queue.go:70.27,74.4 2 0
github.com/CCoupel/GhostDrive/internal/sync/queue.go:75.3,75.21 1 0
github.com/CCoupel/GhostDrive/internal/sync/queue.go:75.21,78.4 2 0
github.com/CCoupel/GhostDrive/internal/sync/queue.go:81.2,81.19 1 0
github.com/CCoupel/GhostDrive/internal/sync/queue.go:86.50,88.26 2 0
github.com/CCoupel/GhostDrive/internal/sync/queue.go:88.26,90.3 1 0
github.com/CCoupel/GhostDrive/internal/sync/queue.go:91.2,92.13 2 0
github.com/CCoupel/GhostDrive/internal/sync/queue.go:96.32,100.2 3 0
github.com/CCoupel/GhostDrive/internal/sync/queue.go:103.41,110.2 6 0
github.com/CCoupel/GhostDrive/internal/sync/reconciler.go:50.90,56.2 1 0
github.com/CCoupel/GhostDrive/internal/sync/reconciler.go:67.94,70.16 2 0
github.com/CCoupel/GhostDrive/internal/sync/reconciler.go:70.16,72.3 1 0
github.com/CCoupel/GhostDrive/internal/sync/reconciler.go:75.2,76.16 2 0
github.com/CCoupel/GhostDrive/internal/sync/reconciler.go:76.16,78.3 1 0
github.com/CCoupel/GhostDrive/internal/sync/reconciler.go:80.2,84.28 3 0
github.com/CCoupel/GhostDrive/internal/sync/reconciler.go:84.28,87.3 2 0
github.com/CCoupel/GhostDrive/internal/sync/reconciler.go:90.2,91.29 2 0
github.com/CCoupel/GhostDrive/internal/sync/reconciler.go:91.29,93.3 1 0
github.com/CCoupel/GhostDrive/internal/sync/reconciler.go:98.2,98.37 1 0
github.com/CCoupel/GhostDrive/internal/sync/reconciler.go:98.37,103.22 4 0
github.com/CCoupel/GhostDrive/internal/sync/reconciler.go:103.22,104.21 1 0
github.com/CCoupel/GhostDrive/internal/sync/reconciler.go:104.21,110.5 1 0
github.com/CCoupel/GhostDrive/internal/sync/reconciler.go:111.4,111.12 1 0
github.com/CCoupel/GhostDrive/internal/sync/reconciler.go:114.3,114.20 1 0
github.com/CCoupel/GhostDrive/internal/sync/reconciler.go:114.20,121.12 2 0
github.com/CCoupel/GhostDrive/internal/sync/reconciler.go:125.3,125.65 1 0
github.com/CCoupel/GhostDrive/internal/sync/reconciler.go:125.65,127.49 1 0
github.com/CCoupel/GhostDrive/internal/sync/reconciler.go:127.49,140.5 2 0
github.com/CCoupel/GhostDrive/internal/sync/reconciler.go:140.10,153.5 2 0
github.com/CCoupel/GhostDrive/internal/sync/reconciler.go:159.2,159.39 1 0
github.com/CCoupel/GhostDrive/internal/sync/reconciler.go:159.39,160.52 1 0
github.com/CCoupel/GhostDrive/internal/sync/reconciler.go:160.52,164.22 3 0
github.com/CCoupel/GhostDrive/internal/sync/reconciler.go:164.22,171.5 1 0
github.com/CCoupel/GhostDrive/internal/sync/reconciler.go:171.10,177.5 1 0
github.com/CCoupel/GhostDrive/internal/sync/reconciler.go:181.2,181.21 1 0
github.com/CCoupel/GhostDrive/internal/sync/reconciler.go:185.110,187.16 2 0
github.com/CCoupel/GhostDrive/internal/sync/reconciler.go:187.16,189.3 1 0
github.com/CCoupel/GhostDrive/internal/sync/reconciler.go:191.2,192.28 2 0
github.com/CCoupel/GhostDrive/internal/sync/reconciler.go:192.28,194.14 2 0
github.com/CCoupel/GhostDrive/internal/sync/reconciler.go:194.14,196.18 2 0
github.com/CCoupel/GhostDrive/internal/sync/reconciler.go:196.18,198.5 1 0
github.com/CCoupel/GhostDrive/internal/sync/reconciler.go:199.4,199.35 1 0
github.com/CCoupel/GhostDrive/internal/sync/reconciler.go:202.2,202.20 1 0
github.com/CCoupel/GhostDrive/internal/sync/reconciler.go:206.66,208.88 2 0
github.com/CCoupel/GhostDrive/internal/sync/reconciler.go:208.88,209.17 1 0
github.com/CCoupel/GhostDrive/internal/sync/reconciler.go:209.17,211.4 1 0
github.com/CCoupel/GhostDrive/internal/sync/reconciler.go:212.3,212.25 1 0
github.com/CCoupel/GhostDrive/internal/sync/reconciler.go:212.25,214.4 1 0
github.com/CCoupel/GhostDrive/internal/sync/reconciler.go:215.3,216.17 2 0
github.com/CCoupel/GhostDrive/internal/sync/reconciler.go:216.17,218.4 1 0
github.com/CCoupel/GhostDrive/internal/sync/reconciler.go:219.3,220.13 2 0
github.com/CCoupel/GhostDrive/internal/sync/reconciler.go:222.2,222.20 1 0
github.com/CCoupel/GhostDrive/internal/sync/reconciler.go:227.70,231.2 3 0
github.com/CCoupel/GhostDrive/internal/sync/reconciler.go:234.101,235.30 1 0
github.com/CCoupel/GhostDrive/internal/sync/reconciler.go:235.30,237.3 1 0
github.com/CCoupel/GhostDrive/internal/sync/reconciler.go:239.2,239.80 1 0
github.com/CCoupel/GhostDrive/internal/sync/reconciler.go:239.80,241.3 1 0
github.com/CCoupel/GhostDrive/internal/sync/reconciler.go:242.2,242.13 1 0
github.com/CCoupel/GhostDrive/internal/sync/reconciler.go:246.55,247.21 1 0
github.com/CCoupel/GhostDrive/internal/sync/reconciler.go:247.21,249.3 1 0
github.com/CCoupel/GhostDrive/internal/sync/reconciler.go:251.2,252.16 2 0
github.com/CCoupel/GhostDrive/internal/sync/reconciler.go:252.16,254.3 1 0
github.com/CCoupel/GhostDrive/internal/sync/reconciler.go:255.2,264.32 3 0
github.com/CCoupel/GhostDrive/internal/sync/upload.go:17.106,18.74 1 0
github.com/CCoupel/GhostDrive/internal/sync/upload.go:18.74,21.3 2 0
github.com/CCoupel/GhostDrive/internal/sync/upload.go:22.2,22.51 1 0
github.com/CCoupel/GhostDrive/internal/sync/upload.go:22.51,25.3 2 0
github.com/CCoupel/GhostDrive/internal/sync/upload.go:27.2,32.38 2 0
github.com/CCoupel/GhostDrive/internal/sync/upload.go:32.38,35.50 3 0
github.com/CCoupel/GhostDrive/internal/sync/upload.go:35.50,37.4 1 0
github.com/CCoupel/GhostDrive/internal/sync/upload.go:38.3,46.16 3 0
github.com/CCoupel/GhostDrive/internal/sync/upload.go:46.16,48.4 1 0
github.com/CCoupel/GhostDrive/internal/sync/upload.go:49.3,49.38 1 0
github.com/CCoupel/GhostDrive/internal/sync/upload.go:52.2,52.87 1 0
github.com/CCoupel/GhostDrive/internal/sync/upload.go:52.87,55.3 2 0
github.com/CCoupel/GhostDrive/internal/sync/upload.go:56.2,56.12 1 0
github.com/CCoupel/GhostDrive/internal/sync/upload.go:60.61,66.2 1 0
github.com/CCoupel/GhostDrive/internal/sync/upload.go:70.59,72.21 2 0
github.com/CCoupel/GhostDrive/internal/sync/upload.go:72.21,74.94 2 0
github.com/CCoupel/GhostDrive/internal/sync/upload.go:74.94,76.4 1 0
github.com/CCoupel/GhostDrive/internal/sync/upload.go:78.2,78.12 1 0
github.com/CCoupel/GhostDrive/internal/sync/watcher.go:23.47,25.16 2 0
github.com/CCoupel/GhostDrive/internal/sync/watcher.go:25.16,27.3 1 0
github.com/CCoupel/GhostDrive/internal/sync/watcher.go:28.2,28.44 1 0
github.com/CCoupel/GhostDrive/internal/sync/watcher.go:33.80,34.45 1 0
github.com/CCoupel/GhostDrive/internal/sync/watcher.go:34.45,36.3 1 0
github.com/CCoupel/GhostDrive/internal/sync/watcher.go:38.2,40.12 2 0
github.com/CCoupel/GhostDrive/internal/sync/watcher.go:40.12,49.39 5 0
github.com/CCoupel/GhostDrive/internal/sync/watcher.go:49.39,50.11 1 0
github.com/CCoupel/GhostDrive/internal/sync/watcher.go:51.19,51.19 0 0
github.com/CCoupel/GhostDrive/internal/sync/watcher.go:52.22,52.22 0 0
github.com/CCoupel/GhostDrive/internal/sync/watcher.go:56.3,56.7 1 0
github.com/CCoupel/GhostDrive/internal/sync/watcher.go:56.7,57.11 1 0
github.com/CCoupel/GhostDrive/internal/sync/watcher.go:58.22,59.31 1 0
github.com/CCoupel/GhostDrive/internal/sync/watcher.go:59.31,61.6 1 0
github.com/CCoupel/GhostDrive/internal/sync/watcher.go:62.5,62.11 1 0
github.com/CCoupel/GhostDrive/internal/sync/watcher.go:64.39,65.12 1 0
github.com/CCoupel/GhostDrive/internal/sync/watcher.go:65.12,67.6 1 0
github.com/CCoupel/GhostDrive/internal/sync/watcher.go:68.5,68.12 1 0
github.com/CCoupel/GhostDrive/internal/sync/watcher.go:70.43,71.12 1 0
github.com/CCoupel/GhostDrive/internal/sync/watcher.go:71.12,73.6 1 0
github.com/CCoupel/GhostDrive/internal/sync/watcher.go:75.5,77.22 3 0
github.com/CCoupel/GhostDrive/internal/sync/watcher.go:77.22,78.14 1 0
github.com/CCoupel/GhostDrive/internal/sync/watcher.go:81.5,81.43 1 0
github.com/CCoupel/GhostDrive/internal/sync/watcher.go:81.43,86.6 3 0
github.com/CCoupel/GhostDrive/internal/sync/watcher.go:86.11,88.6 1 0
github.com/CCoupel/GhostDrive/internal/sync/watcher.go:90.5,94.69 4 0
github.com/CCoupel/GhostDrive/internal/sync/watcher.go:94.69,95.13 1 0
github.com/CCoupel/GhostDrive/internal/sync/watcher.go:96.32,97.13 1 0
github.com/CCoupel/GhostDrive/internal/sync/watcher.go:98.14,98.14 0 0
github.com/CCoupel/GhostDrive/internal/sync/watcher.go:100.6,105.8 1 0
github.com/CCoupel/GhostDrive/internal/sync/watcher.go:111.2,111.16 1 0
github.com/CCoupel/GhostDrive/internal/sync/watcher.go:115.32,117.2 1 0
github.com/CCoupel/GhostDrive/internal/sync/watcher.go:120.56,121.9 1 0
github.com/CCoupel/GhostDrive/internal/sync/watcher.go:122.31,123.34 1 0
github.com/CCoupel/GhostDrive/internal/sync/watcher.go:124.30,125.35 1 0
github.com/CCoupel/GhostDrive/internal/sync/watcher.go:126.31,127.34 1 0
github.com/CCoupel/GhostDrive/internal/sync/watcher.go:128.31,129.34 1 0
github.com/CCoupel/GhostDrive/internal/sync/watcher.go:130.10,131.12 1 0
github.com/CCoupel/GhostDrive/plugins/grpc/client.go:40.57,45.2 1 0
github.com/CCoupel/GhostDrive/plugins/grpc/client.go:50.37,52.16 2 0
github.com/CCoupel/GhostDrive/plugins/grpc/client.go:52.16,54.3 1 0
github.com/CCoupel/GhostDrive/plugins/grpc/client.go:55.2,55.23 1 0
github.com/CCoupel/GhostDrive/plugins/grpc/client.go:60.40,62.2 1 0
github.com/CCoupel/GhostDrive/plugins/grpc/client.go:67.64,71.16 2 0
github.com/CCoupel/GhostDrive/plugins/grpc/client.go:71.16,73.3 1 0
github.com/CCoupel/GhostDrive/plugins/grpc/client.go:74.2,74.27 1 0
github.com/CCoupel/GhostDrive/plugins/grpc/client.go:74.27,76.3 1 0
github.com/CCoupel/GhostDrive/plugins/grpc/client.go:77.2,77.12 1 0
github.com/CCoupel/GhostDrive/plugins/grpc/client.go:81.42,83.16 2 0
github.com/CCoupel/GhostDrive/plugins/grpc/client.go:83.16,85.3 1 0
github.com/CCoupel/GhostDrive/plugins/grpc/client.go:86.2,86.27 1 0
github.com/CCoupel/GhostDrive/plugins/grpc/client.go:86.27,88.3 1 0
github.com/CCoupel/GhostDrive/plugins/grpc/client.go:89.2,89.12 1 0
github.com/CCoupel/GhostDrive/plugins/grpc/client.go:93.42,95.16 2 0
github.com/CCoupel/GhostDrive/plugins/grpc/client.go:95.16,97.3 1 0
github.com/CCoupel/GhostDrive/plugins/grpc/client.go:98.2,98.28 1 0
github.com/CCoupel/GhostDrive/plugins/grpc/client.go:105.114,107.16 2 0
github.com/CCoupel/GhostDrive/plugins/grpc/client.go:107.16,109.3 1 0
github.com/CCoupel/GhostDrive/plugins/grpc/client.go:110.2,113.16 3 0
github.com/CCoupel/GhostDrive/plugins/grpc/client.go:113.16,115.3 1 0
github.com/CCoupel/GhostDrive/plugins/grpc/client.go:116.2,119.16 3 0
github.com/CCoupel/GhostDrive/plugins/grpc/client.go:119.16,121.3 1 0
github.com/CCoupel/GhostDrive/plugins/grpc/client.go:125.2,129.21 1 0
github.com/CCoupel/GhostDrive/plugins/grpc/client.go:129.21,131.3 1 0
github.com/CCoupel/GhostDrive/plugins/grpc/client.go:133.2,136.6 3 0
github.com/CCoupel/GhostDrive/plugins/grpc/client.go:136.6,137.10 1 0
github.com/CCoupel/GhostDrive/plugins/grpc/client.go:138.21,139.20 1 0
github.com/CCoupel/GhostDrive/plugins/grpc/client.go:140.11,140.11 0 0
github.com/CCoupel/GhostDrive/plugins/grpc/client.go:143.3,144.12 2 0
github.com/CCoupel/GhostDrive/plugins/grpc/client.go:144.12,145.85 1 0
github.com/CCoupel/GhostDrive/plugins/grpc/client.go:145.85,147.5 1 0
github.com/CCoupel/GhostDrive/plugins/grpc/client.go:148.4,149.23 2 0
github.com/CCoupel/GhostDrive/plugins/grpc/client.go:149.23,151.5 1 0
github.com/CCoupel/GhostDrive/plugins/grpc/client.go:153.3,153.33 1 0
github.com/CCoupel/GhostDrive/plugins/grpc/client.go:153.33,154.9 1 0
github.com/CCoupel/GhostDrive/plugins/grpc/client.go:156.3,156.21 1 0
github.com/CCoupel/GhostDrive/plugins/grpc/client.go:156.21,158.4 1 0
github.com/CCoupel/GhostDrive/plugins/grpc/client.go:161.2,162.16 2 0
github.com/CCoupel/GhostDrive/plugins/grpc/client.go:162.16,164.3 1 0
github.com/CCoupel/GhostDrive/plugins/grpc/client.go:165.2,165.29 1 0
github.com/CCoupel/GhostDrive/plugins/grpc/client.go:165.29,167.3 1 0
github.com/CCoupel/GhostDrive/plugins/grpc/client.go:168.2,168.12 1 0
github.com/CCoupel/GhostDrive/plugins/grpc/client.go:173.116,178.16 2 0
github.com/CCoupel/GhostDrive/plugins/grpc/client.go:178.16,180.3 1 0
github.com/CCoupel/GhostDrive/plugins/grpc/client.go:183.2,183.60 1 0
github.com/CCoupel/GhostDrive/plugins/grpc/client.go:183.60,185.3 1 0
github.com/CCoupel/GhostDrive/plugins/grpc/client.go:187.2,188.16 2 0
github.com/CCoupel/GhostDrive/plugins/grpc/client.go:188.16,190.3 1 0
github.com/CCoupel/GhostDrive/plugins/grpc/client.go:191.2,193.6 2 0
github.com/CCoupel/GhostDrive/plugins/grpc/client.go:193.6,195.29 2 0
github.com/CCoupel/GhostDrive/plugins/grpc/client.go:195.29,196.9 1 0
github.com/CCoupel/GhostDrive/plugins/grpc/client.go:198.3,198.17 1 0
github.com/CCoupel/GhostDrive/plugins/grpc/client.go:198.17,200.4 1 0
github.com/CCoupel/GhostDrive/plugins/grpc/client.go:201.3,201.29 1 0
github.com/CCoupel/GhostDrive/plugins/grpc/client.go:201.29,203.4 1 0
github.com/CCoupel/GhostDrive/plugins/grpc/client.go:204.3,204.31 1 0
github.com/CCoupel/GhostDrive/plugins/grpc/client.go:204.31,205.64 1 0
github.com/CCoupel/GhostDrive/plugins/grpc/client.go:205.64,207.5 1 0
github.com/CCoupel/GhostDrive/plugins/grpc/client.go:209.3,209.51 1 0
github.com/CCoupel/GhostDrive/plugins/grpc/client.go:209.51,211.4 1 0
github.com/CCoupel/GhostDrive/plugins/grpc/client.go:213.2,213.12 1 0
github.com/CCoupel/GhostDrive/plugins/grpc/client.go:217.72,219.16 2 0
github.com/CCoupel/GhostDrive/plugins/grpc/client.go:219.16,221.3 1 0
github.com/CCoupel/GhostDrive/plugins/grpc/client.go:222.2,222.27 1 0
github.com/CCoupel/GhostDrive/plugins/grpc/client.go:222.27,224.3 1 0
github.com/CCoupel/GhostDrive/plugins/grpc/client.go:225.2,225.12 1 0
github.com/CCoupel/GhostDrive/plugins/grpc/client.go:229.80,231.16 2 0
github.com/CCoupel/GhostDrive/plugins/grpc/client.go:231.16,233.3 1 0
github.com/CCoupel/GhostDrive/plugins/grpc/client.go:234.2,234.27 1 0
github.com/CCoupel/GhostDrive/plugins/grpc/client.go:234.27,236.3 1 0
github.com/CCoupel/GhostDrive/plugins/grpc/client.go:237.2,237.12 1 0
github.com/CCoupel/GhostDrive/plugins/grpc/client.go:243.90,245.16 2 0
github.com/CCoupel/GhostDrive/plugins/grpc/client.go:245.16,247.3 1 0
github.com/CCoupel/GhostDrive/plugins/grpc/client.go:248.2,248.27 1 0
github.com/CCoupel/GhostDrive/plugins/grpc/client.go:248.27,250.3 1 0
github.com/CCoupel/GhostDrive/plugins/grpc/client.go:251.2,252.37 2 0
github.com/CCoupel/GhostDrive/plugins/grpc/client.go:252.37,254.3 1 0
github.com/CCoupel/GhostDrive/plugins/grpc/client.go:255.2,255.19 1 0
github.com/CCoupel/GhostDrive/plugins/grpc/client.go:259.89,261.16 2 0
github.com/CCoupel/GhostDrive/plugins/grpc/client.go:261.16,263.3 1 0
github.com/CCoupel/GhostDrive/plugins/grpc/client.go:264.2,264.27 1 0
github.com/CCoupel/GhostDrive/plugins/grpc/client.go:264.27,266.3 1 0
github.com/CCoupel/GhostDrive/plugins/grpc/client.go:267.2,268.17 2 0
github.com/CCoupel/GhostDrive/plugins/grpc/client.go:272.73,274.16 2 0
github.com/CCoupel/GhostDrive/plugins/grpc/client.go:274.16,276.3 1 0
github.com/CCoupel/GhostDrive/plugins/grpc/client.go:277.2,277.27 1 0
github.com/CCoupel/GhostDrive/plugins/grpc/client.go:277.27,279.3 1 0
github.com/CCoupel/GhostDrive/plugins/grpc/client.go:280.2,280.12 1 0
github.com/CCoupel/GhostDrive/plugins/grpc/client.go:288.97,290.16 2 0
github.com/CCoupel/GhostDrive/plugins/grpc/client.go:290.16,292.3 1 0
github.com/CCoupel/GhostDrive/plugins/grpc/client.go:294.2,295.12 2 0
github.com/CCoupel/GhostDrive/plugins/grpc/client.go:295.12,297.7 2 0
github.com/CCoupel/GhostDrive/plugins/grpc/client.go:297.7,299.30 2 0
github.com/CCoupel/GhostDrive/plugins/grpc/client.go:299.30,301.5 1 0
github.com/CCoupel/GhostDrive/plugins/grpc/client.go:302.4,302.18 1 0
github.com/CCoupel/GhostDrive/plugins/grpc/client.go:302.18,305.5 1 0
github.com/CCoupel/GhostDrive/plugins/grpc/client.go:306.4,306.27 1 0
github.com/CCoupel/GhostDrive/plugins/grpc/client.go:306.27,308.5 1 0
github.com/CCoupel/GhostDrive/plugins/grpc/client.go:309.4,309.11 1 0
github.com/CCoupel/GhostDrive/plugins/grpc/client.go:310.49,310.49 0 0
github.com/CCoupel/GhostDrive/plugins/grpc/client.go:311.22,312.11 1 0
github.com/CCoupel/GhostDrive/plugins/grpc/client.go:316.2,316.16 1 0
github.com/CCoupel/GhostDrive/plugins/grpc/client.go:328.84,330.20 2 0
github.com/CCoupel/GhostDrive/plugins/grpc/client.go:330.20,332.3 1 0
github.com/CCoupel/GhostDrive/plugins/grpc/client.go:334.2,334.27 1 0
github.com/CCoupel/GhostDrive/plugins/grpc/client.go:334.27,336.3 1 0
github.com/CCoupel/GhostDrive/plugins/grpc/client.go:337.2,337.45 1 0
github.com/CCoupel/GhostDrive/plugins/grpc/client.go:344.59,346.16 2 0
github.com/CCoupel/GhostDrive/plugins/grpc/client.go:346.16,348.3 1 0
github.com/CCoupel/GhostDrive/plugins/grpc/client.go:349.2,350.37 2 0
github.com/CCoupel/GhostDrive/plugins/grpc/client.go:350.37,361.3 1 0
github.com/CCoupel/GhostDrive/plugins/grpc/client.go:362.2,368.3 1 0
github.com/CCoupel/GhostDrive/plugins/grpc/client.go:374.51,375.16 1 0
github.com/CCoupel/GhostDrive/plugins/grpc/client.go:375.16,377.3 1 0
github.com/CCoupel/GhostDrive/plugins/grpc/client.go:378.2,378.26 1 0
github.com/CCoupel/GhostDrive/plugins/grpc/client.go:379.22,380.63 1 0
github.com/CCoupel/GhostDrive/plugins/grpc/client.go:381.32,382.63 1 0
github.com/CCoupel/GhostDrive/plugins/grpc/client.go:383.10,384.43 1 0
github.com/CCoupel/GhostDrive/plugins/grpc/client.go:389.83,401.2 1 0
github.com/CCoupel/GhostDrive/plugins/grpc/client.go:404.70,405.15 1 0
github.com/CCoupel/GhostDrive/plugins/grpc/client.go:405.15,407.3 1 0
github.com/CCoupel/GhostDrive/plugins/grpc/client.go:408.2,417.3 1 0
github.com/CCoupel/GhostDrive/plugins/grpc/client.go:421.73,422.15 1 0
github.com/CCoupel/GhostDrive/plugins/grpc/client.go:422.15,424.3 1 0
github.com/CCoupel/GhostDrive/plugins/grpc/client.go:425.2,431.3 1 0
github.com/CCoupel/GhostDrive/plugins/grpc/client.go:435.36,436.38 1 0
github.com/CCoupel/GhostDrive/plugins/grpc/client.go:436.38,437.40 1 0
github.com/CCoupel/GhostDrive/plugins/grpc/client.go:437.40,439.4 1 0
github.com/CCoupel/GhostDrive/plugins/grpc/client.go:441.2,441.12 1 0
github.com/CCoupel/GhostDrive/plugins/grpc/inprocess.go:29.80,34.12 4 0
github.com/CCoupel/GhostDrive/plugins/grpc/inprocess.go:34.12,34.32 1 0
github.com/CCoupel/GhostDrive/plugins/grpc/inprocess.go:36.2,36.66 1 0
github.com/CCoupel/GhostDrive/plugins/grpc/inprocess.go:36.66,38.3 1 0
github.com/CCoupel/GhostDrive/plugins/grpc/inprocess.go:41.2,46.16 2 0
github.com/CCoupel/GhostDrive/plugins/grpc/inprocess.go:46.16,50.3 3 0
github.com/CCoupel/GhostDrive/plugins/grpc/inprocess.go:52.2,52.20 1 0
github.com/CCoupel/GhostDrive/plugins/grpc/inprocess.go:52.20,56.3 3 0
github.com/CCoupel/GhostDrive/plugins/grpc/inprocess.go:57.2,57.43 1 0
github.com/CCoupel/GhostDrive/plugins/grpc/server.go:37.112,39.2 1 0
github.com/CCoupel/GhostDrive/plugins/grpc/server.go:43.123,45.44 2 0
github.com/CCoupel/GhostDrive/plugins/grpc/server.go:45.44,47.3 1 0
github.com/CCoupel/GhostDrive/plugins/grpc/server.go:48.2,48.42 1 0
github.com/CCoupel/GhostDrive/plugins/grpc/server.go:51.130,52.44 1 0
github.com/CCoupel/GhostDrive/plugins/grpc/server.go:52.44,54.3 1 0
github.com/CCoupel/GhostDrive/plugins/grpc/server.go:55.2,55.45 1 0
github.com/CCoupel/GhostDrive/plugins/grpc/server.go:58.133,60.2 1 0
github.com/CCoupel/GhostDrive/plugins/grpc/server.go:66.88,72.16 5 0
github.com/CCoupel/GhostDrive/plugins/grpc/server.go:72.16,74.3 1 0
github.com/CCoupel/GhostDrive/plugins/grpc/server.go:75.2,78.6 3 0
github.com/CCoupel/GhostDrive/plugins/grpc/server.go:78.6,80.24 2 0
github.com/CCoupel/GhostDrive/plugins/grpc/server.go:80.24,81.9 1 0
github.com/CCoupel/GhostDrive/plugins/grpc/server.go:83.3,83.21 1 0
github.com/CCoupel/GhostDrive/plugins/grpc/server.go:83.21,86.4 2 0
github.com/CCoupel/GhostDrive/plugins/grpc/server.go:87.3,87.15 1 0
github.com/CCoupel/GhostDrive/plugins/grpc/server.go:87.15,90.4 2 0
github.com/CCoupel/GhostDrive/plugins/grpc/server.go:91.3,91.39 1 0
github.com/CCoupel/GhostDrive/plugins/grpc/server.go:91.39,93.36 2 0
github.com/CCoupel/GhostDrive/plugins/grpc/server.go:93.36,97.5 2 0
github.com/CCoupel/GhostDrive/plugins/grpc/server.go:98.4,98.70 1 0
github.com/CCoupel/GhostDrive/plugins/grpc/server.go:98.70,101.5 2 0
github.com/CCoupel/GhostDrive/plugins/grpc/server.go:104.2,106.82 2 0
github.com/CCoupel/GhostDrive/plugins/grpc/server.go:106.82,108.3 1 0
github.com/CCoupel/GhostDrive/plugins/grpc/server.go:109.2,109.55 1 0
github.com/CCoupel/GhostDrive/plugins/grpc/server.go:113.124,118.16 4 0
github.com/CCoupel/GhostDrive/plugins/grpc/server.go:118.16,120.3 1 0
github.com/CCoupel/GhostDrive/plugins/grpc/server.go:121.2,125.71 4 0
github.com/CCoupel/GhostDrive/plugins/grpc/server.go:125.71,128.3 2 0
github.com/CCoupel/GhostDrive/plugins/grpc/server.go:130.2,131.16 2 0
github.com/CCoupel/GhostDrive/plugins/grpc/server.go:131.16,133.3 1 0
github.com/CCoupel/GhostDrive/plugins/grpc/server.go:134.2,138.15 4 0
github.com/CCoupel/GhostDrive/plugins/grpc/server.go:138.15,140.3 1 0
github.com/CCoupel/GhostDrive/plugins/grpc/server.go:142.2,144.6 3 0
github.com/CCoupel/GhostDrive/plugins/grpc/server.go:144.6,146.12 2 0
github.com/CCoupel/GhostDrive/plugins/grpc/server.go:146.12,152.23 2 0
github.com/CCoupel/GhostDrive/plugins/grpc/server.go:152.23,154.5 1 0
github.com/CCoupel/GhostDrive/plugins/grpc/server.go:156.3,156.24 1 0
github.com/CCoupel/GhostDrive/plugins/grpc/server.go:156.24,157.9 1 0
github.com/CCoupel/GhostDrive/plugins/grpc/server.go:159.3,159.21 1 0
github.com/CCoupel/GhostDrive/plugins/grpc/server.go:159.21,161.4 1 0
github.com/CCoupel/GhostDrive/plugins/grpc/server.go:163.2,163.12 1 0
github.com/CCoupel/GhostDrive/plugins/grpc/server.go:166.122,167.58 1 0
github.com/CCoupel/GhostDrive/plugins/grpc/server.go:167.58,169.3 1 0
github.com/CCoupel/GhostDrive/plugins/grpc/server.go:170.2,170.41 1 0
github.com/CCoupel/GhostDrive/plugins/grpc/server.go:173.116,174.77 1 0
github.com/CCoupel/GhostDrive/plugins/grpc/server.go:174.77,176.3 1 0
github.com/CCoupel/GhostDrive/plugins/grpc/server.go:177.2,177.39 1 0
github.com/CCoupel/GhostDrive/plugins/grpc/server.go:182.116,184.16 2 0
github.com/CCoupel/GhostDrive/plugins/grpc/server.go:184.16,186.3 1 0
github.com/CCoupel/GhostDrive/plugins/grpc/server.go:187.2,188.27 2 0
github.com/CCoupel/GhostDrive/plugins/grpc/server.go:188.27,190.3 1 0
github.com/CCoupel/GhostDrive/plugins/grpc/server.go:191.2,191.52 1 0
github.com/CCoupel/GhostDrive/plugins/grpc/server.go:194.116,196.16 2 0
github.com/CCoupel/GhostDrive/plugins/grpc/server.go:196.16,198.3 1 0
github.com/CCoupel/GhostDrive/plugins/grpc/server.go:199.2,199.65 1 0
github.com/CCoupel/GhostDrive/plugins/grpc/server.go:202.131,203.61 1 0
github.com/CCoupel/GhostDrive/plugins/grpc/server.go:203.61,205.3 1 0
github.com/CCoupel/GhostDrive/plugins/grpc/server.go:206.2,206.44 1 0
github.com/CCoupel/GhostDrive/plugins/grpc/server.go:212.115,215.16 3 0
github.com/CCoupel/GhostDrive/plugins/grpc/server.go:215.16,218.3 2 0
github.com/CCoupel/GhostDrive/plugins/grpc/server.go:219.2,219.6 1 0
github.com/CCoupel/GhostDrive/plugins/grpc/server.go:219.6,220.10 1 0
github.com/CCoupel/GhostDrive/plugins/grpc/server.go:221.21,222.14 1 0
github.com/CCoupel/GhostDrive/plugins/grpc/server.go:223.23,224.11 1 0
github.com/CCoupel/GhostDrive/plugins/grpc/server.go:224.11,226.5 1 0
github.com/CCoupel/GhostDrive/plugins/grpc/server.go:227.4,227.98 1 0
github.com/CCoupel/GhostDrive/plugins/grpc/server.go:227.98,229.5 1 0
github.com/CCoupel/GhostDrive/plugins/grpc/server.go:240.120,242.16 2 0
github.com/CCoupel/GhostDrive/plugins/grpc/server.go:242.16,244.3 1 0
github.com/CCoupel/GhostDrive/plugins/grpc/server.go:245.2,245.64 1 0
github.com/CCoupel/GhostDrive/plugins/grpc/server.go:251.124,254.29 3 0
github.com/CCoupel/GhostDrive/plugins/grpc/server.go:254.29,265.3 1 0
github.com/CCoupel/GhostDrive/plugins/grpc/server.go:266.2,272.8 1 0
github.com/CCoupel/GhostDrive/plugins/grpc/server.go:286.39,287.16 1 0
github.com/CCoupel/GhostDrive/plugins/grpc/server.go:287.16,289.3 1 0
github.com/CCoupel/GhostDrive/plugins/grpc/server.go:291.2,291.40 1 0
github.com/CCoupel/GhostDrive/plugins/grpc/server.go:291.40,293.3 1 0
github.com/CCoupel/GhostDrive/plugins/grpc/server.go:294.2,294.9 1 0
github.com/CCoupel/GhostDrive/plugins/grpc/server.go:295.47,296.51 1 0
github.com/CCoupel/GhostDrive/plugins/grpc/server.go:297.47,298.61 1 0
github.com/CCoupel/GhostDrive/plugins/grpc/server.go:299.10,300.51 1 0
github.com/CCoupel/GhostDrive/plugins/grpc/server.go:307.84,308.14 1 0
github.com/CCoupel/GhostDrive/plugins/grpc/server.go:308.14,310.3 1 0
github.com/CCoupel/GhostDrive/plugins/grpc/server.go:311.2,321.3 1 0
github.com/CCoupel/GhostDrive/plugins/grpc/server.go:325.68,336.2 1 0
github.com/CCoupel/GhostDrive/plugins/grpc/server.go:339.71,347.2 1 0
github.com/CCoupel/GhostDrive/plugins/grpc/server.go:372.79,375.2 2 0
github.com/CCoupel/GhostDrive/plugins/grpc/server.go:379.120,381.2 1 0
github.com/CCoupel/GhostDrive/plugins/loader/grpc_loader.go:102.34,104.2 1 0
github.com/CCoupel/GhostDrive/plugins/loader/grpc_loader.go:112.63,114.22 2 0
github.com/CCoupel/GhostDrive/plugins/loader/grpc_loader.go:114.22,116.3 1 0
github.com/CCoupel/GhostDrive/plugins/loader/grpc_loader.go:117.2,120.3 1 0
github.com/CCoupel/GhostDrive/plugins/loader/grpc_loader.go:132.52,139.16 5 0
github.com/CCoupel/GhostDrive/plugins/loader/grpc_loader.go:139.16,141.3 1 0
github.com/CCoupel/GhostDrive/plugins/loader/grpc_loader.go:143.2,143.31 1 0
github.com/CCoupel/GhostDrive/plugins/loader/grpc_loader.go:143.31,145.3 1 0
github.com/CCoupel/GhostDrive/plugins/loader/grpc_loader.go:146.2,146.12 1 0
github.com/CCoupel/GhostDrive/plugins/loader/grpc_loader.go:160.46,165.16 3 0
github.com/CCoupel/GhostDrive/plugins/loader/grpc_loader.go:165.16,176.3 5 0
github.com/CCoupel/GhostDrive/plugins/loader/grpc_loader.go:178.2,188.61 5 0
github.com/CCoupel/GhostDrive/plugins/loader/grpc_loader.go:188.61,190.22 2 0
github.com/CCoupel/GhostDrive/plugins/loader/grpc_loader.go:190.22,193.4 2 0
github.com/CCoupel/GhostDrive/plugins/loader/grpc_loader.go:194.3,197.11 4 0
github.com/CCoupel/GhostDrive/plugins/loader/grpc_loader.go:202.2,218.81 7 0
github.com/CCoupel/GhostDrive/plugins/loader/grpc_loader.go:223.99,251.16 8 0
github.com/CCoupel/GhostDrive/plugins/loader/grpc_loader.go:251.16,254.3 2 0
github.com/CCoupel/GhostDrive/plugins/loader/grpc_loader.go:256.2,257.16 2 0
github.com/CCoupel/GhostDrive/plugins/loader/grpc_loader.go:257.16,260.3 2 0
github.com/CCoupel/GhostDrive/plugins/loader/grpc_loader.go:262.2,263.9 2 0
github.com/CCoupel/GhostDrive/plugins/loader/grpc_loader.go:263.9,266.3 2 0
github.com/CCoupel/GhostDrive/plugins/loader/grpc_loader.go:268.2,268.29 1 0
github.com/CCoupel/GhostDrive/plugins/loader/grpc_loader.go:276.72,279.53 2 0
github.com/CCoupel/GhostDrive/plugins/loader/grpc_loader.go:279.53,281.10 1 0
github.com/CCoupel/GhostDrive/plugins/loader/grpc_loader.go:282.21,283.10 1 0
github.com/CCoupel/GhostDrive/plugins/loader/grpc_loader.go:284.41,284.41 0 0
github.com/CCoupel/GhostDrive/plugins/loader/grpc_loader.go:288.3,288.10 1 0
github.com/CCoupel/GhostDrive/plugins/loader/grpc_loader.go:289.21,290.10 1 0
github.com/CCoupel/GhostDrive/plugins/loader/grpc_loader.go:291.11,291.11 0 0
github.com/CCoupel/GhostDrive/plugins/loader/grpc_loader.go:294.3,301.10 5 0
github.com/CCoupel/GhostDrive/plugins/loader/grpc_loader.go:302.21,303.10 1 0
github.com/CCoupel/GhostDrive/plugins/loader/grpc_loader.go:304.38,304.38 0 0
github.com/CCoupel/GhostDrive/plugins/loader/grpc_loader.go:307.3,308.17 2 0
github.com/CCoupel/GhostDrive/plugins/loader/grpc_loader.go:308.17,318.12 6 0
github.com/CCoupel/GhostDrive/plugins/loader/grpc_loader.go:322.3,329.69 6 0
github.com/CCoupel/GhostDrive/plugins/loader/grpc_loader.go:329.69,329.90 1 0
github.com/CCoupel/GhostDrive/plugins/loader/grpc_loader.go:331.3,333.15 2 0
github.com/CCoupel/GhostDrive/plugins/loader/grpc_loader.go:337.2,343.15 5 0
github.com/CCoupel/GhostDrive/plugins/loader/grpc_loader.go:347.80,349.12 2 0
github.com/CCoupel/GhostDrive/plugins/loader/grpc_loader.go:349.12,351.7 2 0
github.com/CCoupel/GhostDrive/plugins/loader/grpc_loader.go:351.7,352.11 1 0
github.com/CCoupel/GhostDrive/plugins/loader/grpc_loader.go:353.22,354.11 1 0
github.com/CCoupel/GhostDrive/plugins/loader/grpc_loader.go:355.46,356.24 1 0
github.com/CCoupel/GhostDrive/plugins/loader/grpc_loader.go:356.24,358.6 1 0
github.com/CCoupel/GhostDrive/plugins/loader/grpc_loader.go:362.2,362.11 1 0
github.com/CCoupel/GhostDrive/plugins/loader/grpc_loader.go:366.39,369.37 2 0
github.com/CCoupel/GhostDrive/plugins/loader/grpc_loader.go:369.37,371.3 1 0
github.com/CCoupel/GhostDrive/plugins/loader/grpc_loader.go:372.2,378.37 5 0
github.com/CCoupel/GhostDrive/plugins/loader/grpc_loader.go:378.37,380.34 1 0
github.com/CCoupel/GhostDrive/plugins/loader/grpc_loader.go:380.34,382.4 1 0
github.com/CCoupel/GhostDrive/plugins/loader/grpc_loader.go:383.3,383.26 1 0
github.com/CCoupel/GhostDrive/plugins/loader/grpc_loader.go:383.26,385.4 1 0
github.com/CCoupel/GhostDrive/plugins/loader/grpc_loader.go:386.3,386.48 1 0
github.com/CCoupel/GhostDrive/plugins/loader/grpc_loader.go:389.2,390.12 2 0
github.com/CCoupel/GhostDrive/plugins/loader/grpc_loader.go:395.72,400.30 4 0
github.com/CCoupel/GhostDrive/plugins/loader/grpc_loader.go:400.30,401.27 1 0
github.com/CCoupel/GhostDrive/plugins/loader/grpc_loader.go:401.27,403.4 1 0
github.com/CCoupel/GhostDrive/plugins/loader/grpc_loader.go:405.2,405.15 1 0
github.com/CCoupel/GhostDrive/plugins/loader/grpc_loader.go:409.54,414.30 4 0
github.com/CCoupel/GhostDrive/plugins/loader/grpc_loader.go:414.30,416.44 2 0
github.com/CCoupel/GhostDrive/plugins/loader/grpc_loader.go:416.44,419.4 1 0
github.com/CCoupel/GhostDrive/plugins/loader/grpc_loader.go:420.3,426.5 1 0
github.com/CCoupel/GhostDrive/plugins/loader/grpc_loader.go:428.2,428.15 1 0
github.com/CCoupel/GhostDrive/plugins/loader/grpc_loader.go:454.59,458.9 4 0
github.com/CCoupel/GhostDrive/plugins/loader/grpc_loader.go:458.9,460.3 1 0
github.com/CCoupel/GhostDrive/plugins/loader/grpc_loader.go:461.2,461.25 1 0
github.com/CCoupel/GhostDrive/plugins/loader/grpc_loader.go:461.25,463.3 1 0
github.com/CCoupel/GhostDrive/plugins/loader/grpc_loader.go:464.2,464.12 1 0
github.com/CCoupel/GhostDrive/plugins/loader/grpc_loader.go:475.39,476.73 1 0
github.com/CCoupel/GhostDrive/plugins/loader/grpc_loader.go:476.73,478.3 1 0
github.com/CCoupel/GhostDrive/plugins/loader/grpc_loader.go:479.2,479.18 1 0
github.com/CCoupel/GhostDrive/plugins/loader/grpc_loader.go:484.45,487.15 3 0
github.com/CCoupel/GhostDrive/plugins/loader/grpc_loader.go:487.15,489.3 1 0
github.com/CCoupel/GhostDrive/plugins/loader/grpc_loader.go:490.2,490.13 1 0
github.com/CCoupel/GhostDrive/plugins/loader/grpc_loader.go:494.41,496.2 1 0
github.com/CCoupel/GhostDrive/plugins/loader/proc_other.go:8.36,8.37 0 0
github.com/CCoupel/GhostDrive/internal/backends/manager.go:25.67,26.20 1 0
github.com/CCoupel/GhostDrive/internal/backends/manager.go:26.20,28.3 1 0
github.com/CCoupel/GhostDrive/internal/backends/manager.go:29.2,33.3 1 0
github.com/CCoupel/GhostDrive/internal/backends/manager.go:38.62,39.17 1 0
github.com/CCoupel/GhostDrive/internal/backends/manager.go:39.17,41.3 1 0
github.com/CCoupel/GhostDrive/internal/backends/manager.go:43.2,44.16 2 0
github.com/CCoupel/GhostDrive/internal/backends/manager.go:44.16,46.3 1 0
github.com/CCoupel/GhostDrive/internal/backends/manager.go:48.2,48.38 1 0
github.com/CCoupel/GhostDrive/internal/backends/manager.go:48.38,50.3 1 0
github.com/CCoupel/GhostDrive/internal/backends/manager.go:52.2,61.12 6 0
github.com/CCoupel/GhostDrive/internal/backends/manager.go:65.50,68.9 3 0
github.com/CCoupel/GhostDrive/internal/backends/manager.go:68.9,71.3 2 0
github.com/CCoupel/GhostDrive/internal/backends/manager.go:72.2,81.12 6 0
github.com/CCoupel/GhostDrive/internal/backends/manager.go:85.72,90.2 4 0
github.com/CCoupel/GhostDrive/internal/backends/manager.go:93.77,98.2 4 0
github.com/CCoupel/GhostDrive/internal/backends/manager.go:101.42,105.29 4 0
github.com/CCoupel/GhostDrive/internal/backends/manager.go:105.29,107.3 1 0
github.com/CCoupel/GhostDrive/internal/backends/manager.go:108.2,108.12 1 0
github.com/CCoupel/GhostDrive/internal/backends/manager.go:115.63,123.32 4 0
github.com/CCoupel/GhostDrive/internal/backends/manager.go:123.32,125.3 1 0
github.com/CCoupel/GhostDrive/internal/backends/manager.go:126.2,129.28 3 0
github.com/CCoupel/GhostDrive/internal/backends/manager.go:129.28,131.24 2 0
github.com/CCoupel/GhostDrive/internal/backends/manager.go:131.24,132.74 1 0
github.com/CCoupel/GhostDrive/internal/backends/manager.go:132.74,135.5 2 0
github.com/CCoupel/GhostDrive/internal/backends/manager.go:135.10,140.5 2 0
github.com/CCoupel/GhostDrive/internal/backends/manager.go:142.3,142.33 1 0
github.com/CCoupel/GhostDrive/internal/backends/manager.go:144.2,144.17 1 0
github.com/CCoupel/GhostDrive/internal/backends/manager.go:150.32,152.2 1 0
github.com/CCoupel/GhostDrive/internal/backends/manager.go:157.83,159.16 2 0
github.com/CCoupel/GhostDrive/internal/backends/manager.go:159.16,161.3 1 0
github.com/CCoupel/GhostDrive/internal/backends/manager.go:162.2,162.15 1 0
github.com/CCoupel/GhostDrive/internal/backends/manager.go:169.26,169.49 1 0
github.com/CCoupel/GhostDrive/internal/backends/manager.go:172.26,176.2 3 0
github.com/CCoupel/GhostDrive/internal/config/config.go:38.32,48.2 1 0
github.com/CCoupel/GhostDrive/internal/config/config.go:51.34,53.31 2 0
github.com/CCoupel/GhostDrive/internal/config/config.go:53.31,55.20 2 0
github.com/CCoupel/GhostDrive/internal/config/config.go:55.20,57.4 1 0
github.com/CCoupel/GhostDrive/internal/config/config.go:58.3,58.17 1 0
github.com/CCoupel/GhostDrive/internal/config/config.go:59.8,61.17 2 0
github.com/CCoupel/GhostDrive/internal/config/config.go:61.17,63.4 1 0
github.com/CCoupel/GhostDrive/internal/config/config.go:64.3,65.16 2 0
github.com/CCoupel/GhostDrive/internal/config/config.go:65.16,67.4 1 0
github.com/CCoupel/GhostDrive/internal/config/config.go:67.9,69.4 1 0
github.com/CCoupel/GhostDrive/internal/config/config.go:72.2,72.31 1 0
github.com/CCoupel/GhostDrive/internal/config/config.go:72.31,74.3 1 0
github.com/CCoupel/GhostDrive/internal/config/config.go:75.2,75.47 1 0
github.com/CCoupel/GhostDrive/internal/config/config.go:79.35,81.16 2 0
github.com/CCoupel/GhostDrive/internal/config/config.go:81.16,83.3 1 0
github.com/CCoupel/GhostDrive/internal/config/config.go:84.2,84.47 1 0
github.com/CCoupel/GhostDrive/internal/config/config.go:89.43,93.16 3 0
github.com/CCoupel/GhostDrive/internal/config/config.go:93.16,94.25 1 0
github.com/CCoupel/GhostDrive/internal/config/config.go:94.25,96.4 1 0
github.com/CCoupel/GhostDrive/internal/config/config.go:97.3,97.59 1 0
github.com/CCoupel/GhostDrive/internal/config/config.go:100.2,100.51 1 0
github.com/CCoupel/GhostDrive/internal/config/config.go:100.51,102.3 1 0
github.com/CCoupel/GhostDrive/internal/config/config.go:105.2,105.29 1 0
github.com/CCoupel/GhostDrive/internal/config/config.go:105.29,107.3 1 0
github.com/CCoupel/GhostDrive/internal/config/config.go:108.2,108.25 1 0
github.com/CCoupel/GhostDrive/internal/config/config.go:108.25,110.3 1 0
github.com/CCoupel/GhostDrive/internal/config/config.go:112.2,112.17 1 0
github.com/CCoupel/GhostDrive/internal/config/config.go:116.39,118.16 2 0
github.com/CCoupel/GhostDrive/internal/config/config.go:118.16,120.3 1 0
github.com/CCoupel/GhostDrive/internal/config/config.go:121.2,121.19 1 0
github.com/CCoupel/GhostDrive/internal/config/config.go:127.45,129.47 2 0
github.com/CCoupel/GhostDrive/internal/config/config.go:129.47,131.3 1 0
github.com/CCoupel/GhostDrive/internal/config/config.go:133.2,134.16 2 0
github.com/CCoupel/GhostDrive/internal/config/config.go:134.16,136.3 1 0
github.com/CCoupel/GhostDrive/internal/config/config.go:138.2,138.55 1 0
github.com/CCoupel/GhostDrive/internal/config/config.go:138.55,140.3 1 0
github.com/CCoupel/GhostDrive/internal/config/config.go:142.2,142.12 1 0
github.com/CCoupel/GhostDrive/internal/config/config.go:146.39,148.16 2 0
github.com/CCoupel/GhostDrive/internal/config/config.go:148.16,150.3 1 0
github.com/CCoupel/GhostDrive/internal/config/config.go:151.2,151.24 1 0
github.com/CCoupel/GhostDrive/internal/sync/conflict.go:16.96,18.41 2 0
github.com/CCoupel/GhostDrive/internal/sync/conflict.go:18.41,20.3 1 0
github.com/CCoupel/GhostDrive/internal/sync/conflict.go:22.2,30.19 2 0
github.com/CCoupel/GhostDrive/internal/sync/conflict.go:30.19,31.69 1 0
github.com/CCoupel/GhostDrive/internal/sync/conflict.go:31.69,33.4 1 0
github.com/CCoupel/GhostDrive/internal/sync/conflict.go:36.2,36.15 1 0
github.com/CCoupel/GhostDrive/internal/sync/conflict.go:40.87,42.16 2 0
github.com/CCoupel/GhostDrive/internal/sync/conflict.go:42.16,44.3 1 0
github.com/CCoupel/GhostDrive/internal/sync/conflict.go:45.2,54.51 3 0
github.com/CCoupel/GhostDrive/internal/sync/conflict.go:54.51,56.3 1 0
github.com/CCoupel/GhostDrive/internal/sync/conflict.go:57.2,57.12 1 0
github.com/CCoupel/GhostDrive/internal/sync/dispatcher.go:22.46,22.47 0 0
github.com/CCoupel/GhostDrive/internal/sync/dispatcher.go:34.104,35.20 1 0
github.com/CCoupel/GhostDrive/internal/sync/dispatcher.go:35.20,37.3 1 0
github.com/CCoupel/GhostDrive/internal/sync/dispatcher.go:38.2,43.3 1 0
github.com/CCoupel/GhostDrive/internal/sync/dispatcher.go:48.80,55.33 2 0
github.com/CCoupel/GhostDrive/internal/sync/dispatcher.go:55.33,60.10 3 0
github.com/CCoupel/GhostDrive/internal/sync/dispatcher.go:61.28,61.28 0 0
github.com/CCoupel/GhostDrive/internal/sync/dispatcher.go:62.21,64.9 2 0
github.com/CCoupel/GhostDrive/internal/sync/dispatcher.go:67.3,67.13 1 0
github.com/CCoupel/GhostDrive/internal/sync/dispatcher.go:67.13,69.17 2 0
github.com/CCoupel/GhostDrive/internal/sync/dispatcher.go:69.17,69.28 1 0
github.com/CCoupel/GhostDrive/internal/sync/dispatcher.go:71.4,71.44 1 0
github.com/CCoupel/GhostDrive/internal/sync/dispatcher.go:71.44,73.24 2 0
github.com/CCoupel/GhostDrive/internal/sync/dispatcher.go:73.24,75.6 1 0
github.com/CCoupel/GhostDrive/internal/sync/dispatcher.go:76.5,76.16 1 0
github.com/CCoupel/GhostDrive/internal/sync/dispatcher.go:81.2,82.17 2 0
github.com/CCoupel/GhostDrive/internal/sync/dispatcher.go:86.71,87.16 1 0
github.com/CCoupel/GhostDrive/internal/sync/dispatcher.go:88.20,95.65 2 0
github.com/CCoupel/GhostDrive/internal/sync/dispatcher.go:95.65,97.4 1 0
github.com/CCoupel/GhostDrive/internal/sync/dispatcher.go:99.22,106.67 2 0
github.com/CCoupel/GhostDrive/internal/sync/dispatcher.go:106.67,108.4 1 0
github.com/CCoupel/GhostDrive/internal/sync/dispatcher.go:110.20,111.61 1 0
github.com/CCoupel/GhostDrive/internal/sync/dispatcher.go:111.61,117.4 2 0
github.com/CCoupel/GhostDrive/internal/sync/dispatcher.go:119.19,120.64 1 0
github.com/CCoupel/GhostDrive/internal/sync/dispatcher.go:120.64,126.4 2 0
github.com/CCoupel/GhostDrive/internal/sync/dispatcher.go:128.10,129.64 1 0
github.com/CCoupel/GhostDrive/internal/sync/dispatcher.go:132.2,132.12 1 0
github.com/CCoupel/GhostDrive/internal/sync/download.go:17.108,18.74 1 0
github.com/CCoupel/GhostDrive/internal/sync/download.go:18.74,21.3 2 0
github.com/CCoupel/GhostDrive/internal/sync/download.go:22.2,22.72 1 0
github.com/CCoupel/GhostDrive/internal/sync/download.go:22.72,25.3 2 0
github.com/CCoupel/GhostDrive/internal/sync/download.go:28.2,35.38 3 0
github.com/CCoupel/GhostDrive/internal/sync/download.go:35.38,38.50 3 0
github.com/CCoupel/GhostDrive/internal/sync/download.go:38.50,40.4 1 0
github.com/CCoupel/GhostDrive/internal/sync/download.go:41.3,49.16 3 0
github.com/CCoupel/GhostDrive/internal/sync/download.go:49.16,51.4 1 0
github.com/CCoupel/GhostDrive/internal/sync/download.go:52.3,52.38 1 0
github.com/CCoupel/GhostDrive/internal/sync/download.go:56.2,61.95 2 0
github.com/CCoupel/GhostDrive/internal/sync/download.go:61.95,65.3 3 0
github.com/CCoupel/GhostDrive/internal/sync/download.go:67.2,67.59 1 0
github.com/CCoupel/GhostDrive/internal/sync/download.go:67.59,71.3 3 0
github.com/CCoupel/GhostDrive/internal/sync/download.go:73.2,73.12 1 0
github.com/CCoupel/GhostDrive/internal/sync/engine.go:40.11,41.20 1 0
github.com/CCoupel/GhostDrive/internal/sync/engine.go:41.20,43.3 1 0
github.com/CCoupel/GhostDrive/internal/sync/engine.go:44.2,56.3 1 0
github.com/CCoupel/GhostDrive/internal/sync/engine.go:62.51,63.30 1 0
github.com/CCoupel/GhostDrive/internal/sync/engine.go:63.30,65.3 1 0
github.com/CCoupel/GhostDrive/internal/sync/engine.go:67.2,69.25 3 0
github.com/CCoupel/GhostDrive/internal/sync/engine.go:69.25,73.3 3 0
github.com/CCoupel/GhostDrive/internal/sync/engine.go:74.2,78.12 4 0
github.com/CCoupel/GhostDrive/internal/sync/engine.go:82.25,85.25 3 0
github.com/CCoupel/GhostDrive/internal/sync/engine.go:85.25,88.3 2 0
github.com/CCoupel/GhostDrive/internal/sync/engine.go:92.26,95.15 3 0
github.com/CCoupel/GhostDrive/internal/sync/engine.go:95.15,102.3 2 0
github.com/CCoupel/GhostDrive/internal/sync/engine.go:106.27,109.14 3 0
github.com/CCoupel/GhostDrive/internal/sync/engine.go:109.14,116.3 2 0
github.com/CCoupel/GhostDrive/internal/sync/engine.go:120.55,122.2 1 0
github.com/CCoupel/GhostDrive/internal/sync/engine.go:127.45,132.21 4 0
github.com/CCoupel/GhostDrive/internal/sync/engine.go:132.21,134.3 1 0
github.com/CCoupel/GhostDrive/internal/sync/engine.go:135.2,135.23 1 0
github.com/CCoupel/GhostDrive/internal/sync/engine.go:135.23,137.3 1 0
github.com/CCoupel/GhostDrive/internal/sync/engine.go:138.2,138.30 1 0
github.com/CCoupel/GhostDrive/internal/sync/engine.go:138.30,140.3 1 0
github.com/CCoupel/GhostDrive/internal/sync/engine.go:141.2,141.10 1 0
github.com/CCoupel/GhostDrive/internal/sync/engine.go:146.43,148.63 1 0
github.com/CCoupel/GhostDrive/internal/sync/engine.go:148.63,150.3 1 0
github.com/CCoupel/GhostDrive/internal/sync/engine.go:153.2,154.16 2 0
github.com/CCoupel/GhostDrive/internal/sync/engine.go:154.16,157.3 2 0
github.com/CCoupel/GhostDrive/internal/sync/engine.go:159.2,160.16 2 0
github.com/CCoupel/GhostDrive/internal/sync/engine.go:160.16,163.3 2 0
github.com/CCoupel/GhostDrive/internal/sync/engine.go:164.2,168.16 3 0
github.com/CCoupel/GhostDrive/internal/sync/engine.go:168.16,171.3 1 0
github.com/CCoupel/GhostDrive/internal/sync/engine.go:173.2,173.6 1 0
github.com/CCoupel/GhostDrive/internal/sync/engine.go:173.6,174.10 1 0
github.com/CCoupel/GhostDrive/internal/sync/engine.go:175.21,181.10 2 0
github.com/CCoupel/GhostDrive/internal/sync/engine.go:183.28,184.11 1 0
github.com/CCoupel/GhostDrive/internal/sync/engine.go:184.11,186.5 1 0
github.com/CCoupel/GhostDrive/internal/sync/engine.go:187.4,187.20 1 0
github.com/CCoupel/GhostDrive/internal/sync/engine.go:187.20,188.13 1 0
github.com/CCoupel/GhostDrive/internal/sync/engine.go:190.4,191.75 2 0
github.com/CCoupel/GhostDrive/internal/sync/engine.go:191.75,193.5 1 0
github.com/CCoupel/GhostDrive/internal/sync/engine.go:195.34,196.11 1 0
github.com/CCoupel/GhostDrive/internal/sync/engine.go:196.11,198.13 2 0
github.com/CCoupel/GhostDrive/internal/sync/engine.go:200.4,200.20 1 0
github.com/CCoupel/GhostDrive/internal/sync/engine.go:200.20,201.13 1 0
github.com/CCoupel/GhostDrive/internal/sync/engine.go:203.4,204.76 2 0
github.com/CCoupel/GhostDrive/internal/sync/engine.go:204.76,206.5 1 0
github.com/CCoupel/GhostDrive/internal/sync/engine.go:211.57,213.14 2 0
github.com/CCoupel/GhostDrive/internal/sync/engine.go:213.14,216.3 2 0
github.com/CCoupel/GhostDrive/internal/sync/engine.go:217.2,231.16 8 0
github.com/CCoupel/GhostDrive/internal/sync/engine.go:231.16,239.3 3 0
github.com/CCoupel/GhostDrive/internal/sync/engine.go:241.2,245.78 4 0
github.com/CCoupel/GhostDrive/internal/sync/engine.go:245.78,247.3 1 0
github.com/CCoupel/GhostDrive/internal/sync/engine.go:249.2,257.12 4 0
github.com/CCoupel/GhostDrive/internal/sync/engine.go:260.85,264.18 3 0
github.com/CCoupel/GhostDrive/internal/sync/engine.go:265.59,270.6 1 0
github.com/CCoupel/GhostDrive/internal/sync/engine.go:271.32,276.6 1 0
github.com/CCoupel/GhostDrive/internal/sync/engine.go:278.2,278.12 1 0
github.com/CCoupel/GhostDrive/internal/sync/engine.go:281.86,285.18 3 0
github.com/CCoupel/GhostDrive/internal/sync/engine.go:286.59,291.6 1 0
github.com/CCoupel/GhostDrive/internal/sync/engine.go:292.32,297.5 1 0
github.com/CCoupel/GhostDrive/internal/sync/engine.go:299.2,299.12 1 0
github.com/CCoupel/GhostDrive/internal/sync/engine.go:302.46,306.2 3 0
github.com/CCoupel/GhostDrive/internal/sync/engine.go:308.34,312.2 3 0
github.com/CCoupel/GhostDrive/internal/sync/engine.go:314.52,329.2 6 0
github.com/CCoupel/GhostDrive/internal/sync/queue.go:33.35,35.2 1 0
github.com/CCoupel/GhostDrive/internal/sync/queue.go:38.41,40.2 1 0
github.com/CCoupel/GhostDrive/internal/sync/queue.go:44.36,48.2 3 0
github.com/CCoupel/GhostDrive/internal/sync/queue.go:57.45,61.2 3 0
github.com/CCoupel/GhostDrive/internal/sync/queue.go:65.49,69.31 3 0
github.com/CCoupel/GhostDrive/internal/sync/queue.go:69.31,70.27 1 0
github.com/CCoupel/GhostDrive/internal/sync/queue.go:70.27,74.4 2 0
github.com/CCoupel/GhostDrive/internal/sync/queue.go:75.3,75.21 1 0
github.com/CCoupel/GhostDrive/internal/sync/queue.go:75.21,78.4 2 0
github.com/CCoupel/GhostDrive/internal/sync/queue.go:81.2,81.19 1 0
github.com/CCoupel/GhostDrive/internal/sync/queue.go:86.50,88.26 2 0
github.com/CCoupel/GhostDrive/internal/sync/queue.go:88.26,90.3 1 0
github.com/CCoupel/GhostDrive/internal/sync/queue.go:91.2,92.13 2 0
github.com/CCoupel/GhostDrive/internal/sync/queue.go:96.32,100.2 3 0
github.com/CCoupel/GhostDrive/internal/sync/queue.go:103.41,110.2 6 0
github.com/CCoupel/GhostDrive/internal/sync/reconciler.go:50.90,56.2 1 0
github.com/CCoupel/GhostDrive/internal/sync/reconciler.go:67.94,70.16 2 0
github.com/CCoupel/GhostDrive/internal/sync/reconciler.go:70.16,72.3 1 0
github.com/CCoupel/GhostDrive/internal/sync/reconciler.go:75.2,76.16 2 0
github.com/CCoupel/GhostDrive/internal/sync/reconciler.go:76.16,78.3 1 0
github.com/CCoupel/GhostDrive/internal/sync/reconciler.go:80.2,84.28 3 0
github.com/CCoupel/GhostDrive/internal/sync/reconciler.go:84.28,87.3 2 0
github.com/CCoupel/GhostDrive/internal/sync/reconciler.go:90.2,91.29 2 0
github.com/CCoupel/GhostDrive/internal/sync/reconciler.go:91.29,93.3 1 0
github.com/CCoupel/GhostDrive/internal/sync/reconciler.go:98.2,98.37 1 0
github.com/CCoupel/GhostDrive/internal/sync/reconciler.go:98.37,103.22 4 0
github.com/CCoupel/GhostDrive/internal/sync/reconciler.go:103.22,104.21 1 0
github.com/CCoupel/GhostDrive/internal/sync/reconciler.go:104.21,110.5 1 0
github.com/CCoupel/GhostDrive/internal/sync/reconciler.go:111.4,111.12 1 0
github.com/CCoupel/GhostDrive/internal/sync/reconciler.go:114.3,114.20 1 0
github.com/CCoupel/GhostDrive/internal/sync/reconciler.go:114.20,121.12 2 0
github.com/CCoupel/GhostDrive/internal/sync/reconciler.go:125.3,125.65 1 0
github.com/CCoupel/GhostDrive/internal/sync/reconciler.go:125.65,127.49 1 0
github.com/CCoupel/GhostDrive/internal/sync/reconciler.go:127.49,140.5 2 0
github.com/CCoupel/GhostDrive/internal/sync/reconciler.go:140.10,153.5 2 0
github.com/CCoupel/GhostDrive/internal/sync/reconciler.go:159.2,159.39 1 0
github.com/CCoupel/GhostDrive/internal/sync/reconciler.go:159.39,160.52 1 0
github.com/CCoupel/GhostDrive/internal/sync/reconciler.go:160.52,164.22 3 0
github.com/CCoupel/GhostDrive/internal/sync/reconciler.go:164.22,171.5 1 0
github.com/CCoupel/GhostDrive/internal/sync/reconciler.go:171.10,177.5 1 0
github.com/CCoupel/GhostDrive/internal/sync/reconciler.go:181.2,181.21 1 0
github.com/CCoupel/GhostDrive/internal/sync/reconciler.go:185.110,187.16 2 0
github.com/CCoupel/GhostDrive/internal/sync/reconciler.go:187.16,189.3 1 0
github.com/CCoupel/GhostDrive/internal/sync/reconciler.go:191.2,192.28 2 0
github.com/CCoupel/GhostDrive/internal/sync/reconciler.go:192.28,194.14 2 0
github.com/CCoupel/GhostDrive/internal/sync/reconciler.go:194.14,196.18 2 0
github.com/CCoupel/GhostDrive/internal/sync/reconciler.go:196.18,198.5 1 0
github.com/CCoupel/GhostDrive/internal/sync/reconciler.go:199.4,199.35 1 0
github.com/CCoupel/GhostDrive/internal/sync/reconciler.go:202.2,202.20 1 0
github.com/CCoupel/GhostDrive/internal/sync/reconciler.go:206.66,208.88 2 0
github.com/CCoupel/GhostDrive/internal/sync/reconciler.go:208.88,209.17 1 0
github.com/CCoupel/GhostDrive/internal/sync/reconciler.go:209.17,211.4 1 0
github.com/CCoupel/GhostDrive/internal/sync/reconciler.go:212.3,212.25 1 0
github.com/CCoupel/GhostDrive/internal/sync/reconciler.go:212.25,214.4 1 0
github.com/CCoupel/GhostDrive/internal/sync/reconciler.go:215.3,216.17 2 0
github.com/CCoupel/GhostDrive/internal/sync/reconciler.go:216.17,218.4 1 0
github.com/CCoupel/GhostDrive/internal/sync/reconciler.go:219.3,220.13 2 0
github.com/CCoupel/GhostDrive/internal/sync/reconciler.go:222.2,222.20 1 0
github.com/CCoupel/GhostDrive/internal/sync/reconciler.go:227.70,231.2 3 0
github.com/CCoupel/GhostDrive/internal/sync/reconciler.go:234.101,235.30 1 0
github.com/CCoupel/GhostDrive/internal/sync/reconciler.go:235.30,237.3 1 0
github.com/CCoupel/GhostDrive/internal/sync/reconciler.go:239.2,239.80 1 0
github.com/CCoupel/GhostDrive/internal/sync/reconciler.go:239.80,241.3 1 0
github.com/CCoupel/GhostDrive/internal/sync/reconciler.go:242.2,242.13 1 0
github.com/CCoupel/GhostDrive/internal/sync/reconciler.go:246.55,247.21 1 0
github.com/CCoupel/GhostDrive/internal/sync/reconciler.go:247.21,249.3 1 0
github.com/CCoupel/GhostDrive/internal/sync/reconciler.go:251.2,252.16 2 0
github.com/CCoupel/GhostDrive/internal/sync/reconciler.go:252.16,254.3 1 0
github.com/CCoupel/GhostDrive/internal/sync/reconciler.go:255.2,264.32 3 0
github.com/CCoupel/GhostDrive/internal/sync/upload.go:17.106,18.74 1 0
github.com/CCoupel/GhostDrive/internal/sync/upload.go:18.74,21.3 2 0
github.com/CCoupel/GhostDrive/internal/sync/upload.go:22.2,22.51 1 0
github.com/CCoupel/GhostDrive/internal/sync/upload.go:22.51,25.3 2 0
github.com/CCoupel/GhostDrive/internal/sync/upload.go:27.2,32.38 2 0
github.com/CCoupel/GhostDrive/internal/sync/upload.go:32.38,35.50 3 0
github.com/CCoupel/GhostDrive/internal/sync/upload.go:35.50,37.4 1 0
github.com/CCoupel/GhostDrive/internal/sync/upload.go:38.3,46.16 3 0
github.com/CCoupel/GhostDrive/internal/sync/upload.go:46.16,48.4 1 0
github.com/CCoupel/GhostDrive/internal/sync/upload.go:49.3,49.38 1 0
github.com/CCoupel/GhostDrive/internal/sync/upload.go:52.2,52.87 1 0
github.com/CCoupel/GhostDrive/internal/sync/upload.go:52.87,55.3 2 0
github.com/CCoupel/GhostDrive/internal/sync/upload.go:56.2,56.12 1 0
github.com/CCoupel/GhostDrive/internal/sync/upload.go:60.61,66.2 1 0
github.com/CCoupel/GhostDrive/internal/sync/upload.go:70.59,72.21 2 0
github.com/CCoupel/GhostDrive/internal/sync/upload.go:72.21,74.94 2 0
github.com/CCoupel/GhostDrive/internal/sync/upload.go:74.94,76.4 1 0
github.com/CCoupel/GhostDrive/internal/sync/upload.go:78.2,78.12 1 0
github.com/CCoupel/GhostDrive/internal/sync/watcher.go:23.47,25.16 2 0
github.com/CCoupel/GhostDrive/internal/sync/watcher.go:25.16,27.3 1 0
github.com/CCoupel/GhostDrive/internal/sync/watcher.go:28.2,28.44 1 0
github.com/CCoupel/GhostDrive/internal/sync/watcher.go:33.80,34.45 1 0
github.com/CCoupel/GhostDrive/internal/sync/watcher.go:34.45,36.3 1 0
github.com/CCoupel/GhostDrive/internal/sync/watcher.go:38.2,40.12 2 0
github.com/CCoupel/GhostDrive/internal/sync/watcher.go:40.12,49.39 5 0
github.com/CCoupel/GhostDrive/internal/sync/watcher.go:49.39,50.11 1 0
github.com/CCoupel/GhostDrive/internal/sync/watcher.go:51.19,51.19 0 0
github.com/CCoupel/GhostDrive/internal/sync/watcher.go:52.22,52.22 0 0
github.com/CCoupel/GhostDrive/internal/sync/watcher.go:56.3,56.7 1 0
github.com/CCoupel/GhostDrive/internal/sync/watcher.go:56.7,57.11 1 0
github.com/CCoupel/GhostDrive/internal/sync/watcher.go:58.22,59.31 1 0
github.com/CCoupel/GhostDrive/internal/sync/watcher.go:59.31,61.6 1 0
github.com/CCoupel/GhostDrive/internal/sync/watcher.go:62.5,62.11 1 0
github.com/CCoupel/GhostDrive/internal/sync/watcher.go:64.39,65.12 1 0
github.com/CCoupel/GhostDrive/internal/sync/watcher.go:65.12,67.6 1 0
github.com/CCoupel/GhostDrive/internal/sync/watcher.go:68.5,68.12 1 0
github.com/CCoupel/GhostDrive/internal/sync/watcher.go:70.43,71.12 1 0
github.com/CCoupel/GhostDrive/internal/sync/watcher.go:71.12,73.6 1 0
github.com/CCoupel/GhostDrive/internal/sync/watcher.go:75.5,77.22 3 0
github.com/CCoupel/GhostDrive/internal/sync/watcher.go:77.22,78.14 1 0
github.com/CCoupel/GhostDrive/internal/sync/watcher.go:81.5,81.43 1 0
github.com/CCoupel/GhostDrive/internal/sync/watcher.go:81.43,86.6 3 0
github.com/CCoupel/GhostDrive/internal/sync/watcher.go:86.11,88.6 1 0
github.com/CCoupel/GhostDrive/internal/sync/watcher.go:90.5,94.69 4 0
github.com/CCoupel/GhostDrive/internal/sync/watcher.go:94.69,95.13 1 0
github.com/CCoupel/GhostDrive/internal/sync/watcher.go:96.32,97.13 1 0
github.com/CCoupel/GhostDrive/internal/sync/watcher.go:98.14,98.14 0 0
github.com/CCoupel/GhostDrive/internal/sync/watcher.go:100.6,105.8 1 0
github.com/CCoupel/GhostDrive/internal/sync/watcher.go:111.2,111.16 1 0
github.com/CCoupel/GhostDrive/internal/sync/watcher.go:115.32,117.2 1 0
github.com/CCoupel/GhostDrive/internal/sync/watcher.go:120.56,121.9 1 0
github.com/CCoupel/GhostDrive/internal/sync/watcher.go:122.31,123.34 1 0
github.com/CCoupel/GhostDrive/internal/sync/watcher.go:124.30,125.35 1 0
github.com/CCoupel/GhostDrive/internal/sync/watcher.go:126.31,127.34 1 0
github.com/CCoupel/GhostDrive/internal/sync/watcher.go:128.31,129.34 1 0
github.com/CCoupel/GhostDrive/internal/sync/watcher.go:130.10,131.12 1 0
github.com/CCoupel/GhostDrive/plugins/grpc/client.go:40.57,45.2 1 0
github.com/CCoupel/GhostDrive/plugins/grpc/client.go:50.37,52.16 2 0
github.com/CCoupel/GhostDrive/plugins/grpc/client.go:52.16,54.3 1 0
github.com/CCoupel/GhostDrive/plugins/grpc/client.go:55.2,55.23 1 0
github.com/CCoupel/GhostDrive/plugins/grpc/client.go:60.40,62.2 1 0
github.com/CCoupel/GhostDrive/plugins/grpc/client.go:67.64,71.16 2 0
github.com/CCoupel/GhostDrive/plugins/grpc/client.go:71.16,73.3 1 0
github.com/CCoupel/GhostDrive/plugins/grpc/client.go:74.2,74.27 1 0
github.com/CCoupel/GhostDrive/plugins/grpc/client.go:74.27,76.3 1 0
github.com/CCoupel/GhostDrive/plugins/grpc/client.go:77.2,77.12 1 0
github.com/CCoupel/GhostDrive/plugins/grpc/client.go:81.42,83.16 2 0
github.com/CCoupel/GhostDrive/plugins/grpc/client.go:83.16,85.3 1 0
github.com/CCoupel/GhostDrive/plugins/grpc/client.go:86.2,86.27 1 0
github.com/CCoupel/GhostDrive/plugins/grpc/client.go:86.27,88.3 1 0
github.com/CCoupel/GhostDrive/plugins/grpc/client.go:89.2,89.12 1 0
github.com/CCoupel/GhostDrive/plugins/grpc/client.go:93.42,95.16 2 0
github.com/CCoupel/GhostDrive/plugins/grpc/client.go:95.16,97.3 1 0
github.com/CCoupel/GhostDrive/plugins/grpc/client.go:98.2,98.28 1 0
github.com/CCoupel/GhostDrive/plugins/grpc/client.go:105.114,107.16 2 0
github.com/CCoupel/GhostDrive/plugins/grpc/client.go:107.16,109.3 1 0
github.com/CCoupel/GhostDrive/plugins/grpc/client.go:110.2,113.16 3 0
github.com/CCoupel/GhostDrive/plugins/grpc/client.go:113.16,115.3 1 0
github.com/CCoupel/GhostDrive/plugins/grpc/client.go:116.2,119.16 3 0
github.com/CCoupel/GhostDrive/plugins/grpc/client.go:119.16,121.3 1 0
github.com/CCoupel/GhostDrive/plugins/grpc/client.go:125.2,129.21 1 0
github.com/CCoupel/GhostDrive/plugins/grpc/client.go:129.21,131.3 1 0
github.com/CCoupel/GhostDrive/plugins/grpc/client.go:133.2,136.6 3 0
github.com/CCoupel/GhostDrive/plugins/grpc/client.go:136.6,137.10 1 0
github.com/CCoupel/GhostDrive/plugins/grpc/client.go:138.21,139.20 1 0
github.com/CCoupel/GhostDrive/plugins/grpc/client.go:140.11,140.11 0 0
github.com/CCoupel/GhostDrive/plugins/grpc/client.go:143.3,144.12 2 0
github.com/CCoupel/GhostDrive/plugins/grpc/client.go:144.12,145.85 1 0
github.com/CCoupel/GhostDrive/plugins/grpc/client.go:145.85,147.5 1 0
github.com/CCoupel/GhostDrive/plugins/grpc/client.go:148.4,149.23 2 0
github.com/CCoupel/GhostDrive/plugins/grpc/client.go:149.23,151.5 1 0
github.com/CCoupel/GhostDrive/plugins/grpc/client.go:153.3,153.33 1 0
github.com/CCoupel/GhostDrive/plugins/grpc/client.go:153.33,154.9 1 0
github.com/CCoupel/GhostDrive/plugins/grpc/client.go:156.3,156.21 1 0
github.com/CCoupel/GhostDrive/plugins/grpc/client.go:156.21,158.4 1 0
github.com/CCoupel/GhostDrive/plugins/grpc/client.go:161.2,162.16 2 0
github.com/CCoupel/GhostDrive/plugins/grpc/client.go:162.16,164.3 1 0
github.com/CCoupel/GhostDrive/plugins/grpc/client.go:165.2,165.29 1 0
github.com/CCoupel/GhostDrive/plugins/grpc/client.go:165.29,167.3 1 0
github.com/CCoupel/GhostDrive/plugins/grpc/client.go:168.2,168.12 1 0
github.com/CCoupel/GhostDrive/plugins/grpc/client.go:173.116,178.16 2 0
github.com/CCoupel/GhostDrive/plugins/grpc/client.go:178.16,180.3 1 0
github.com/CCoupel/GhostDrive/plugins/grpc/client.go:183.2,183.60 1 0
github.com/CCoupel/GhostDrive/plugins/grpc/client.go:183.60,185.3 1 0
github.com/CCoupel/GhostDrive/plugins/grpc/client.go:187.2,188.16 2 0
github.com/CCoupel/GhostDrive/plugins/grpc/client.go:188.16,190.3 1 0
github.com/CCoupel/GhostDrive/plugins/grpc/client.go:191.2,193.6 2 0
github.com/CCoupel/GhostDrive/plugins/grpc/client.go:193.6,195.29 2 0
github.com/CCoupel/GhostDrive/plugins/grpc/client.go:195.29,196.9 1 0
github.com/CCoupel/GhostDrive/plugins/grpc/client.go:198.3,198.17 1 0
github.com/CCoupel/GhostDrive/plugins/grpc/client.go:198.17,200.4 1 0
github.com/CCoupel/GhostDrive/plugins/grpc/client.go:201.3,201.29 1 0
github.com/CCoupel/GhostDrive/plugins/grpc/client.go:201.29,203.4 1 0
github.com/CCoupel/GhostDrive/plugins/grpc/client.go:204.3,204.31 1 0
github.com/CCoupel/GhostDrive/plugins/grpc/client.go:204.31,205.64 1 0
github.com/CCoupel/GhostDrive/plugins/grpc/client.go:205.64,207.5 1 0
github.com/CCoupel/GhostDrive/plugins/grpc/client.go:209.3,209.51 1 0
github.com/CCoupel/GhostDrive/plugins/grpc/client.go:209.51,211.4 1 0
github.com/CCoupel/GhostDrive/plugins/grpc/client.go:213.2,213.12 1 0
github.com/CCoupel/GhostDrive/plugins/grpc/client.go:217.72,219.16 2 0
github.com/CCoupel/GhostDrive/plugins/grpc/client.go:219.16,221.3 1 0
github.com/CCoupel/GhostDrive/plugins/grpc/client.go:222.2,222.27 1 0
github.com/CCoupel/GhostDrive/plugins/grpc/client.go:222.27,224.3 1 0
github.com/CCoupel/GhostDrive/plugins/grpc/client.go:225.2,225.12 1 0
github.com/CCoupel/GhostDrive/plugins/grpc/client.go:229.80,231.16 2 0
github.com/CCoupel/GhostDrive/plugins/grpc/client.go:231.16,233.3 1 0
github.com/CCoupel/GhostDrive/plugins/grpc/client.go:234.2,234.27 1 0
github.com/CCoupel/GhostDrive/plugins/grpc/client.go:234.27,236.3 1 0
github.com/CCoupel/GhostDrive/plugins/grpc/client.go:237.2,237.12 1 0
github.com/CCoupel/GhostDrive/plugins/grpc/client.go:243.90,245.16 2 0
github.com/CCoupel/GhostDrive/plugins/grpc/client.go:245.16,247.3 1 0
github.com/CCoupel/GhostDrive/plugins/grpc/client.go:248.2,248.27 1 0
github.com/CCoupel/GhostDrive/plugins/grpc/client.go:248.27,250.3 1 0
github.com/CCoupel/GhostDrive/plugins/grpc/client.go:251.2,252.37 2 0
github.com/CCoupel/GhostDrive/plugins/grpc/client.go:252.37,254.3 1 0
github.com/CCoupel/GhostDrive/plugins/grpc/client.go:255.2,255.19 1 0
github.com/CCoupel/GhostDrive/plugins/grpc/client.go:259.89,261.16 2 0
github.com/CCoupel/GhostDrive/plugins/grpc/client.go:261.16,263.3 1 0
github.com/CCoupel/GhostDrive/plugins/grpc/client.go:264.2,264.27 1 0
github.com/CCoupel/GhostDrive/plugins/grpc/client.go:264.27,266.3 1 0
github.com/CCoupel/GhostDrive/plugins/grpc/client.go:267.2,268.17 2 0
github.com/CCoupel/GhostDrive/plugins/grpc/client.go:272.73,274.16 2 0
github.com/CCoupel/GhostDrive/plugins/grpc/client.go:274.16,276.3 1 0
github.com/CCoupel/GhostDrive/plugins/grpc/client.go:277.2,277.27 1 0
github.com/CCoupel/GhostDrive/plugins/grpc/client.go:277.27,279.3 1 0
github.com/CCoupel/GhostDrive/plugins/grpc/client.go:280.2,280.12 1 0
github.com/CCoupel/GhostDrive/plugins/grpc/client.go:288.97,290.16 2 0
github.com/CCoupel/GhostDrive/plugins/grpc/client.go:290.16,292.3 1 0
github.com/CCoupel/GhostDrive/plugins/grpc/client.go:294.2,295.12 2 0
github.com/CCoupel/GhostDrive/plugins/grpc/client.go:295.12,297.7 2 0
github.com/CCoupel/GhostDrive/plugins/grpc/client.go:297.7,299.30 2 0
github.com/CCoupel/GhostDrive/plugins/grpc/client.go:299.30,301.5 1 0
github.com/CCoupel/GhostDrive/plugins/grpc/client.go:302.4,302.18 1 0
github.com/CCoupel/GhostDrive/plugins/grpc/client.go:302.18,305.5 1 0
github.com/CCoupel/GhostDrive/plugins/grpc/client.go:306.4,306.27 1 0
github.com/CCoupel/GhostDrive/plugins/grpc/client.go:306.27,308.5 1 0
github.com/CCoupel/GhostDrive/plugins/grpc/client.go:309.4,309.11 1 0
github.com/CCoupel/GhostDrive/plugins/grpc/client.go:310.49,310.49 0 0
github.com/CCoupel/GhostDrive/plugins/grpc/client.go:311.22,312.11 1 0
github.com/CCoupel/GhostDrive/plugins/grpc/client.go:316.2,316.16 1 0
github.com/CCoupel/GhostDrive/plugins/grpc/client.go:328.84,330.20 2 0
github.com/CCoupel/GhostDrive/plugins/grpc/client.go:330.20,332.3 1 0
github.com/CCoupel/GhostDrive/plugins/grpc/client.go:334.2,334.27 1 0
github.com/CCoupel/GhostDrive/plugins/grpc/client.go:334.27,336.3 1 0
github.com/CCoupel/GhostDrive/plugins/grpc/client.go:337.2,337.45 1 0
github.com/CCoupel/GhostDrive/plugins/grpc/client.go:344.59,346.16 2 0
github.com/CCoupel/GhostDrive/plugins/grpc/client.go:346.16,348.3 1 0
github.com/CCoupel/GhostDrive/plugins/grpc/client.go:349.2,350.37 2 0
github.com/CCoupel/GhostDrive/plugins/grpc/client.go:350.37,361.3 1 0
github.com/CCoupel/GhostDrive/plugins/grpc/client.go:362.2,368.3 1 0
github.com/CCoupel/GhostDrive/plugins/grpc/client.go:374.51,375.16 1 0
github.com/CCoupel/GhostDrive/plugins/grpc/client.go:375.16,377.3 1 0
github.com/CCoupel/GhostDrive/plugins/grpc/client.go:378.2,378.26 1 0
github.com/CCoupel/GhostDrive/plugins/grpc/client.go:379.22,380.63 1 0
github.com/CCoupel/GhostDrive/plugins/grpc/client.go:381.32,382.63 1 0
github.com/CCoupel/GhostDrive/plugins/grpc/client.go:383.10,384.43 1 0
github.com/CCoupel/GhostDrive/plugins/grpc/client.go:389.83,401.2 1 0
github.com/CCoupel/GhostDrive/plugins/grpc/client.go:404.70,405.15 1 0
github.com/CCoupel/GhostDrive/plugins/grpc/client.go:405.15,407.3 1 0
github.com/CCoupel/GhostDrive/plugins/grpc/client.go:408.2,417.3 1 0
github.com/CCoupel/GhostDrive/plugins/grpc/client.go:421.73,422.15 1 0
github.com/CCoupel/GhostDrive/plugins/grpc/client.go:422.15,424.3 1 0
github.com/CCoupel/GhostDrive/plugins/grpc/client.go:425.2,431.3 1 0
github.com/CCoupel/GhostDrive/plugins/grpc/client.go:435.36,436.38 1 0
github.com/CCoupel/GhostDrive/plugins/grpc/client.go:436.38,437.40 1 0
github.com/CCoupel/GhostDrive/plugins/grpc/client.go:437.40,439.4 1 0
github.com/CCoupel/GhostDrive/plugins/grpc/client.go:441.2,441.12 1 0
github.com/CCoupel/GhostDrive/plugins/grpc/inprocess.go:29.80,34.12 4 0
github.com/CCoupel/GhostDrive/plugins/grpc/inprocess.go:34.12,34.32 1 0
github.com/CCoupel/GhostDrive/plugins/grpc/inprocess.go:36.2,36.66 1 0
github.com/CCoupel/GhostDrive/plugins/grpc/inprocess.go:36.66,38.3 1 0
github.com/CCoupel/GhostDrive/plugins/grpc/inprocess.go:41.2,46.16 2 0
github.com/CCoupel/GhostDrive/plugins/grpc/inprocess.go:46.16,50.3 3 0
github.com/CCoupel/GhostDrive/plugins/grpc/inprocess.go:52.2,52.20 1 0
github.com/CCoupel/GhostDrive/plugins/grpc/inprocess.go:52.20,56.3 3 0
github.com/CCoupel/GhostDrive/plugins/grpc/inprocess.go:57.2,57.43 1 0
github.com/CCoupel/GhostDrive/plugins/grpc/server.go:37.112,39.2 1 0
github.com/CCoupel/GhostDrive/plugins/grpc/server.go:43.123,45.44 2 0
github.com/CCoupel/GhostDrive/plugins/grpc/server.go:45.44,47.3 1 0
github.com/CCoupel/GhostDrive/plugins/grpc/server.go:48.2,48.42 1 0
github.com/CCoupel/GhostDrive/plugins/grpc/server.go:51.130,52.44 1 0
github.com/CCoupel/GhostDrive/plugins/grpc/server.go:52.44,54.3 1 0
github.com/CCoupel/GhostDrive/plugins/grpc/server.go:55.2,55.45 1 0
github.com/CCoupel/GhostDrive/plugins/grpc/server.go:58.133,60.2 1 0
github.com/CCoupel/GhostDrive/plugins/grpc/server.go:66.88,72.16 5 0
github.com/CCoupel/GhostDrive/plugins/grpc/server.go:72.16,74.3 1 0
github.com/CCoupel/GhostDrive/plugins/grpc/server.go:75.2,78.6 3 0
github.com/CCoupel/GhostDrive/plugins/grpc/server.go:78.6,80.24 2 0
github.com/CCoupel/GhostDrive/plugins/grpc/server.go:80.24,81.9 1 0
github.com/CCoupel/GhostDrive/plugins/grpc/server.go:83.3,83.21 1 0
github.com/CCoupel/GhostDrive/plugins/grpc/server.go:83.21,86.4 2 0
github.com/CCoupel/GhostDrive/plugins/grpc/server.go:87.3,87.15 1 0
github.com/CCoupel/GhostDrive/plugins/grpc/server.go:87.15,90.4 2 0
github.com/CCoupel/GhostDrive/plugins/grpc/server.go:91.3,91.39 1 0
github.com/CCoupel/GhostDrive/plugins/grpc/server.go:91.39,93.36 2 0
github.com/CCoupel/GhostDrive/plugins/grpc/server.go:93.36,97.5 2 0
github.com/CCoupel/GhostDrive/plugins/grpc/server.go:98.4,98.70 1 0
github.com/CCoupel/GhostDrive/plugins/grpc/server.go:98.70,101.5 2 0
github.com/CCoupel/GhostDrive/plugins/grpc/server.go:104.2,106.82 2 0
github.com/CCoupel/GhostDrive/plugins/grpc/server.go:106.82,108.3 1 0
github.com/CCoupel/GhostDrive/plugins/grpc/server.go:109.2,109.55 1 0
github.com/CCoupel/GhostDrive/plugins/grpc/server.go:113.124,118.16 4 0
github.com/CCoupel/GhostDrive/plugins/grpc/server.go:118.16,120.3 1 0
github.com/CCoupel/GhostDrive/plugins/grpc/server.go:121.2,125.71 4 0
github.com/CCoupel/GhostDrive/plugins/grpc/server.go:125.71,128.3 2 0
github.com/CCoupel/GhostDrive/plugins/grpc/server.go:130.2,131.16 2 0
github.com/CCoupel/GhostDrive/plugins/grpc/server.go:131.16,133.3 1 0
github.com/CCoupel/GhostDrive/plugins/grpc/server.go:134.2,138.15 4 0
github.com/CCoupel/GhostDrive/plugins/grpc/server.go:138.15,140.3 1 0
github.com/CCoupel/GhostDrive/plugins/grpc/server.go:142.2,144.6 3 0
github.com/CCoupel/GhostDrive/plugins/grpc/server.go:144.6,146.12 2 0
github.com/CCoupel/GhostDrive/plugins/grpc/server.go:146.12,152.23 2 0
github.com/CCoupel/GhostDrive/plugins/grpc/server.go:152.23,154.5 1 0
github.com/CCoupel/GhostDrive/plugins/grpc/server.go:156.3,156.24 1 0
github.com/CCoupel/GhostDrive/plugins/grpc/server.go:156.24,157.9 1 0
github.com/CCoupel/GhostDrive/plugins/grpc/server.go:159.3,159.21 1 0
[...]
github.com/CCoupel/GhostDrive/plugins/grpc/client.go:140.11,140.11 0 0
github.com/CCoupel/GhostDrive/plugins/grpc/client.go:143.3,144.12 2 0
github.com/CCoupel/GhostDrive/plugins/grpc/client.go:144.12,145.85 1 0
github.com/CCoupel/GhostDrive/plugins/grpc/client.go:145.85,147.5 1 0
github.com/CCoupel/GhostDrive/plugins/grpc/client.go:148.4,149.23 2 0
github.com/CCoupel/GhostDrive/plugins/grpc/client.go:149.23,151.5 1 0
github.com/CCoupel/GhostDrive/plugins/grpc/client.go:153.3,153.33 1 0
github.com/CCoupel/GhostDrive/plugins/grpc/client.go:153.33,154.9 1 0
github.com/CCoupel/GhostDrive/plugins/grpc/client.go:156.3,156.21 1 0
github.com/CCoupel/GhostDrive/plugins/grpc/client.go:156.21,158.4 1 0
github.com/CCoupel/GhostDrive/plugins/grpc/client.go:161.2,162.16 2 0
github.com/CCoupel/GhostDrive/plugins/grpc/client.go:162.16,164.3 1 0
github.com/CCoupel/GhostDrive/plugins/grpc/client.go:165.2,165.29 1 0
github.com/CCoupel/GhostDrive/plugins/grpc/client.go:165.29,167.3 1 0
github.com/CCoupel/GhostDrive/plugins/grpc/client.go:168.2,168.12 1 0
github.com/CCoupel/GhostDrive/plugins/grpc/client.go:173.116,178.16 2 0
github.com/CCoupel/GhostDrive/plugins/grpc/client.go:178.16,180.3 1 0
github.com/CCoupel/GhostDrive/plugins/grpc/client.go:183.2,183.60 1 0
github.com/CCoupel/GhostDrive/plugins/grpc/client.go:183.60,185.3 1 0
github.com/CCoupel/GhostDrive/plugins/grpc/client.go:187.2,188.16 2 0
github.com/CCoupel/GhostDrive/plugins/grpc/client.go:188.16,190.3 1 0
github.com/CCoupel/GhostDrive/plugins/grpc/client.go:191.2,193.6 2 0
github.com/CCoupel/GhostDrive/plugins/grpc/client.go:193.6,195.29 2 0
github.com/CCoupel/GhostDrive/plugins/grpc/client.go:195.29,196.9 1 0
github.com/CCoupel/GhostDrive/plugins/grpc/client.go:198.3,198.17 1 0
github.com/CCoupel/GhostDrive/plugins/grpc/client.go:198.17,200.4 1 0
github.com/CCoupel/GhostDrive/plugins/grpc/client.go:201.3,201.29 1 0
github.com/CCoupel/GhostDrive/plugins/grpc/client.go:201.29,203.4 1 0
github.com/CCoupel/GhostDrive/plugins/grpc/client.go:204.3,204.31 1 0
github.com/CCoupel/GhostDrive/plugins/grpc/client.go:204.31,205.64 1 0
github.com/CCoupel/GhostDrive/plugins/grpc/client.go:205.64,207.5 1 0
github.com/CCoupel/GhostDrive/plugins/grpc/client.go:209.3,209.51 1 0
github.com/CCoupel/GhostDrive/plugins/grpc/client.go:209.51,211.4 1 0
github.com/CCoupel/GhostDrive/plugins/grpc/client.go:213.2,213.12 1 0
github.com/CCoupel/GhostDrive/plugins/grpc/client.go:217.72,219.16 2 0
github.com/CCoupel/GhostDrive/plugins/grpc/client.go:219.16,221.3 1 0
github.com/CCoupel/GhostDrive/plugins/grpc/client.go:222.2,222.27 1 0
github.com/CCoupel/GhostDrive/plugins/grpc/client.go:222.27,224.3 1 0
github.com/CCoupel/GhostDrive/plugins/grpc/client.go:225.2,225.12 1 0
github.com/CCoupel/GhostDrive/plugins/grpc/client.go:229.80,231.16 2 0
github.com/CCoupel/GhostDrive/plugins/grpc/client.go:231.16,233.3 1 0
github.com/CCoupel/GhostDrive/plugins/grpc/client.go:234.2,234.27 1 0
github.com/CCoupel/GhostDrive/plugins/grpc/client.go:234.27,236.3 1 0
github.com/CCoupel/GhostDrive/plugins/grpc/client.go:237.2,237.12 1 0
github.com/CCoupel/GhostDrive/plugins/grpc/client.go:243.90,245.16 2 0
github.com/CCoupel/GhostDrive/plugins/grpc/client.go:245.16,247.3 1 0
github.com/CCoupel/GhostDrive/plugins/grpc/client.go:248.2,248.27 1 0
github.com/CCoupel/GhostDrive/plugins/grpc/client.go:248.27,250.3 1 0
github.com/CCoupel/GhostDrive/plugins/grpc/client.go:251.2,252.37 2 0
github.com/CCoupel/GhostDrive/plugins/grpc/client.go:252.37,254.3 1 0
github.com/CCoupel/GhostDrive/plugins/grpc/client.go:255.2,255.19 1 0
github.com/CCoupel/GhostDrive/plugins/grpc/client.go:259.89,261.16 2 0
github.com/CCoupel/GhostDrive/plugins/grpc/client.go:261.16,263.3 1 0
github.com/CCoupel/GhostDrive/plugins/grpc/client.go:264.2,264.27 1 0
github.com/CCoupel/GhostDrive/plugins/grpc/client.go:264.27,266.3 1 0
github.com/CCoupel/GhostDrive/plugins/grpc/client.go:267.2,268.17 2 0
github.com/CCoupel/GhostDrive/plugins/grpc/client.go:272.73,274.16 2 0
github.com/CCoupel/GhostDrive/plugins/grpc/client.go:274.16,276.3 1 0
github.com/CCoupel/GhostDrive/plugins/grpc/client.go:277.2,277.27 1 0
github.com/CCoupel/GhostDrive/plugins/grpc/client.go:277.27,279.3 1 0
github.com/CCoupel/GhostDrive/plugins/grpc/client.go:280.2,280.12 1 0
github.com/CCoupel/GhostDrive/plugins/grpc/client.go:288.97,290.16 2 0
github.com/CCoupel/GhostDrive/plugins/grpc/client.go:290.16,292.3 1 0
github.com/CCoupel/GhostDrive/plugins/grpc/client.go:294.2,295.12 2 0
github.com/CCoupel/GhostDrive/plugins/grpc/client.go:295.12,297.7 2 0
github.com/CCoupel/GhostDrive/plugins/grpc/client.go:297.7,299.30 2 0
github.com/CCoupel/GhostDrive/plugins/grpc/client.go:299.30,301.5 1 0
github.com/CCoupel/GhostDrive/plugins/grpc/client.go:302.4,302.18 1 0
github.com/CCoupel/GhostDrive/plugins/grpc/client.go:302.18,305.5 1 0
github.com/CCoupel/GhostDrive/plugins/grpc/client.go:306.4,306.27 1 0
github.com/CCoupel/GhostDrive/plugins/grpc/client.go:306.27,308.5 1 0
github.com/CCoupel/GhostDrive/plugins/grpc/client.go:309.4,309.11 1 0
github.com/CCoupel/GhostDrive/plugins/grpc/client.go:310.49,310.49 0 0
github.com/CCoupel/GhostDrive/plugins/grpc/client.go:311.22,312.11 1 0
github.com/CCoupel/GhostDrive/plugins/grpc/client.go:316.2,316.16 1 0
github.com/CCoupel/GhostDrive/plugins/grpc/client.go:328.84,330.20 2 0
github.com/CCoupel/GhostDrive/plugins/grpc/client.go:330.20,332.3 1 0
github.com/CCoupel/GhostDrive/plugins/grpc/client.go:334.2,334.27 1 0
github.com/CCoupel/GhostDrive/plugins/grpc/client.go:334.27,336.3 1 0
github.com/CCoupel/GhostDrive/plugins/grpc/client.go:337.2,337.45 1 0
github.com/CCoupel/GhostDrive/plugins/grpc/client.go:344.59,346.16 2 4
github.com/CCoupel/GhostDrive/plugins/grpc/client.go:346.16,348.3 1 0
github.com/CCoupel/GhostDrive/plugins/grpc/client.go:349.2,350.37 2 4
github.com/CCoupel/GhostDrive/plugins/grpc/client.go:350.37,361.3 1 0
github.com/CCoupel/GhostDrive/plugins/grpc/client.go:362.2,368.3 1 4
github.com/CCoupel/GhostDrive/plugins/grpc/client.go:374.51,375.16 1 0
github.com/CCoupel/GhostDrive/plugins/grpc/client.go:375.16,377.3 1 0
github.com/CCoupel/GhostDrive/plugins/grpc/client.go:378.2,378.26 1 0
github.com/CCoupel/GhostDrive/plugins/grpc/client.go:379.22,380.63 1 0
github.com/CCoupel/GhostDrive/plugins/grpc/client.go:381.32,382.63 1 0
github.com/CCoupel/GhostDrive/plugins/grpc/client.go:383.10,384.43 1 0
github.com/CCoupel/GhostDrive/plugins/grpc/client.go:389.83,401.2 1 0
github.com/CCoupel/GhostDrive/plugins/grpc/client.go:404.70,405.15 1 0
github.com/CCoupel/GhostDrive/plugins/grpc/client.go:405.15,407.3 1 0
github.com/CCoupel/GhostDrive/plugins/grpc/client.go:408.2,417.3 1 0
github.com/CCoupel/GhostDrive/plugins/grpc/client.go:421.73,422.15 1 0
github.com/CCoupel/GhostDrive/plugins/grpc/client.go:422.15,424.3 1 0
github.com/CCoupel/GhostDrive/plugins/grpc/client.go:425.2,431.3 1 0
github.com/CCoupel/GhostDrive/plugins/grpc/client.go:435.36,436.38 1 0
github.com/CCoupel/GhostDrive/plugins/grpc/client.go:436.38,437.40 1 0
github.com/CCoupel/GhostDrive/plugins/grpc/client.go:437.40,439.4 1 0
github.com/CCoupel/GhostDrive/plugins/grpc/client.go:441.2,441.12 1 0
github.com/CCoupel/GhostDrive/plugins/grpc/inprocess.go:29.80,34.12 4 0
github.com/CCoupel/GhostDrive/plugins/grpc/inprocess.go:34.12,34.32 1 0
github.com/CCoupel/GhostDrive/plugins/grpc/inprocess.go:36.2,36.66 1 0
github.com/CCoupel/GhostDrive/plugins/grpc/inprocess.go:36.66,38.3 1 0
github.com/CCoupel/GhostDrive/plugins/grpc/inprocess.go:41.2,46.16 2 0
github.com/CCoupel/GhostDrive/plugins/grpc/inprocess.go:46.16,50.3 3 0
github.com/CCoupel/GhostDrive/plugins/grpc/inprocess.go:52.2,52.20 1 0
github.com/CCoupel/GhostDrive/plugins/grpc/inprocess.go:52.20,56.3 3 0
github.com/CCoupel/GhostDrive/plugins/grpc/inprocess.go:57.2,57.43 1 0
github.com/CCoupel/GhostDrive/plugins/grpc/server.go:37.112,39.2 1 0
github.com/CCoupel/GhostDrive/plugins/grpc/server.go:43.123,45.44 2 0
github.com/CCoupel/GhostDrive/plugins/grpc/server.go:45.44,47.3 1 0
github.com/CCoupel/GhostDrive/plugins/grpc/server.go:48.2,48.42 1 0
github.com/CCoupel/GhostDrive/plugins/grpc/server.go:51.130,52.44 1 0
github.com/CCoupel/GhostDrive/plugins/grpc/server.go:52.44,54.3 1 0
github.com/CCoupel/GhostDrive/plugins/grpc/server.go:55.2,55.45 1 0
github.com/CCoupel/GhostDrive/plugins/grpc/server.go:58.133,60.2 1 0
github.com/CCoupel/GhostDrive/plugins/grpc/server.go:66.88,72.16 5 0
github.com/CCoupel/GhostDrive/plugins/grpc/server.go:72.16,74.3 1 0
github.com/CCoupel/GhostDrive/plugins/grpc/server.go:75.2,78.6 3 0
github.com/CCoupel/GhostDrive/plugins/grpc/server.go:78.6,80.24 2 0
github.com/CCoupel/GhostDrive/plugins/grpc/server.go:80.24,81.9 1 0
github.com/CCoupel/GhostDrive/plugins/grpc/server.go:83.3,83.21 1 0
github.com/CCoupel/GhostDrive/plugins/grpc/server.go:83.21,86.4 2 0
github.com/CCoupel/GhostDrive/plugins/grpc/server.go:87.3,87.15 1 0
github.com/CCoupel/GhostDrive/plugins/grpc/server.go:87.15,90.4 2 0
github.com/CCoupel/GhostDrive/plugins/grpc/server.go:91.3,91.39 1 0
github.com/CCoupel/GhostDrive/plugins/grpc/server.go:91.39,93.36 2 0
github.com/CCoupel/GhostDrive/plugins/grpc/server.go:93.36,97.5 2 0
github.com/CCoupel/GhostDrive/plugins/grpc/server.go:98.4,98.70 1 0
github.com/CCoupel/GhostDrive/plugins/grpc/server.go:98.70,101.5 2 0
github.com/CCoupel/GhostDrive/plugins/grpc/server.go:104.2,106.82 2 0
github.com/CCoupel/GhostDrive/plugins/grpc/server.go:106.82,108.3 1 0
github.com/CCoupel/GhostDrive/plugins/grpc/server.go:109.2,109.55 1 0
github.com/CCoupel/GhostDrive/plugins/grpc/server.go:113.124,118.16 4 0
github.com/CCoupel/GhostDrive/plugins/grpc/server.go:118.16,120.3 1 0
github.com/CCoupel/GhostDrive/plugins/grpc/server.go:121.2,125.71 4 0
github.com/CCoupel/GhostDrive/plugins/grpc/server.go:125.71,128.3 2 0
github.com/CCoupel/GhostDrive/plugins/grpc/server.go:130.2,131.16 2 0
github.com/CCoupel/GhostDrive/plugins/grpc/server.go:131.16,133.3 1 0
github.com/CCoupel/GhostDrive/plugins/grpc/server.go:134.2,138.15 4 0
github.com/CCoupel/GhostDrive/plugins/grpc/server.go:138.15,140.3 1 0
github.com/CCoupel/GhostDrive/plugins/grpc/server.go:142.2,144.6 3 0
github.com/CCoupel/GhostDrive/plugins/grpc/server.go:144.6,146.12 2 0
github.com/CCoupel/GhostDrive/plugins/grpc/server.go:146.12,152.23 2 0
github.com/CCoupel/GhostDrive/plugins/grpc/server.go:152.23,154.5 1 0
github.com/CCoupel/GhostDrive/plugins/grpc/server.go:156.3,156.24 1 0
github.com/CCoupel/GhostDrive/plugins/grpc/server.go:156.24,157.9 1 0
github.com/CCoupel/GhostDrive/plugins/grpc/server.go:159.3,159.21 1 0
github.com/CCoupel/GhostDrive/plugins/grpc/server.go:159.21,161.4 1 0
github.com/CCoupel/GhostDrive/plugins/grpc/server.go:163.2,163.12 1 0
github.com/CCoupel/GhostDrive/plugins/grpc/server.go:166.122,167.58 1 0
github.com/CCoupel/GhostDrive/plugins/grpc/server.go:167.58,169.3 1 0
github.com/CCoupel/GhostDrive/plugins/grpc/server.go:170.2,170.41 1 0
github.com/CCoupel/GhostDrive/plugins/grpc/server.go:173.116,174.77 1 0
github.com/CCoupel/GhostDrive/plugins/grpc/server.go:174.77,176.3 1 0
github.com/CCoupel/GhostDrive/plugins/grpc/server.go:177.2,177.39 1 0
github.com/CCoupel/GhostDrive/plugins/grpc/server.go:182.116,184.16 2 0
github.com/CCoupel/GhostDrive/plugins/grpc/server.go:184.16,186.3 1 0
github.com/CCoupel/GhostDrive/plugins/grpc/server.go:187.2,188.27 2 0
github.com/CCoupel/GhostDrive/plugins/grpc/server.go:188.27,190.3 1 0
github.com/CCoupel/GhostDrive/plugins/grpc/server.go:191.2,191.52 1 0
github.com/CCoupel/GhostDrive/plugins/grpc/server.go:194.116,196.16 2 0
github.com/CCoupel/GhostDrive/plugins/grpc/server.go:196.16,198.3 1 0
github.com/CCoupel/GhostDrive/plugins/grpc/server.go:199.2,199.65 1 0
github.com/CCoupel/GhostDrive/plugins/grpc/server.go:202.131,203.61 1 0
github.com/CCoupel/GhostDrive/plugins/grpc/server.go:203.61,205.3 1 0
github.com/CCoupel/GhostDrive/plugins/grpc/server.go:206.2,206.44 1 0
github.com/CCoupel/GhostDrive/plugins/grpc/server.go:212.115,215.16 3 0
github.com/CCoupel/GhostDrive/plugins/grpc/server.go:215.16,218.3 2 0
github.com/CCoupel/GhostDrive/plugins/grpc/server.go:219.2,219.6 1 0
github.com/CCoupel/GhostDrive/plugins/grpc/server.go:219.6,220.10 1 0
github.com/CCoupel/GhostDrive/plugins/grpc/server.go:221.21,222.14 1 0
github.com/CCoupel/GhostDrive/plugins/grpc/server.go:223.23,224.11 1 0
github.com/CCoupel/GhostDrive/plugins/grpc/server.go:224.11,226.5 1 0
github.com/CCoupel/GhostDrive/plugins/grpc/server.go:227.4,227.98 1 0
github.com/CCoupel/GhostDrive/plugins/grpc/server.go:227.98,229.5 1 0
github.com/CCoupel/GhostDrive/plugins/grpc/server.go:240.120,242.16 2 0
github.com/CCoupel/GhostDrive/plugins/grpc/server.go:242.16,244.3 1 0
github.com/CCoupel/GhostDrive/plugins/grpc/server.go:245.2,245.64 1 0
github.com/CCoupel/GhostDrive/plugins/grpc/server.go:251.124,254.29 3 0
github.com/CCoupel/GhostDrive/plugins/grpc/server.go:254.29,265.3 1 0
github.com/CCoupel/GhostDrive/plugins/grpc/server.go:266.2,272.8 1 0
github.com/CCoupel/GhostDrive/plugins/grpc/server.go:286.39,287.16 1 0
github.com/CCoupel/GhostDrive/plugins/grpc/server.go:287.16,289.3 1 0
github.com/CCoupel/GhostDrive/plugins/grpc/server.go:291.2,291.40 1 0
github.com/CCoupel/GhostDrive/plugins/grpc/server.go:291.40,293.3 1 0
github.com/CCoupel/GhostDrive/plugins/grpc/server.go:294.2,294.9 1 0
github.com/CCoupel/GhostDrive/plugins/grpc/server.go:295.47,296.51 1 0
github.com/CCoupel/GhostDrive/plugins/grpc/server.go:297.47,298.61 1 0
github.com/CCoupel/GhostDrive/plugins/grpc/server.go:299.10,300.51 1 0
github.com/CCoupel/GhostDrive/plugins/grpc/server.go:307.84,308.14 1 0
github.com/CCoupel/GhostDrive/plugins/grpc/server.go:308.14,310.3 1 0
github.com/CCoupel/GhostDrive/plugins/grpc/server.go:311.2,321.3 1 0
github.com/CCoupel/GhostDrive/plugins/grpc/server.go:325.68,336.2 1 0
github.com/CCoupel/GhostDrive/plugins/grpc/server.go:339.71,347.2 1 0
github.com/CCoupel/GhostDrive/plugins/grpc/server.go:372.79,375.2 2 0
github.com/CCoupel/GhostDrive/plugins/grpc/server.go:379.120,381.2 1 7
github.com/CCoupel/GhostDrive/plugins/loader/grpc_loader.go:102.34,104.2 1 8
github.com/CCoupel/GhostDrive/plugins/loader/grpc_loader.go:112.63,114.22 2 12
github.com/CCoupel/GhostDrive/plugins/loader/grpc_loader.go:114.22,116.3 1 8
github.com/CCoupel/GhostDrive/plugins/loader/grpc_loader.go:117.2,120.3 1 12
github.com/CCoupel/GhostDrive/plugins/loader/grpc_loader.go:132.52,139.16 5 11
github.com/CCoupel/GhostDrive/plugins/loader/grpc_loader.go:139.16,141.3 1 0
github.com/CCoupel/GhostDrive/plugins/loader/grpc_loader.go:143.2,143.31 1 11
github.com/CCoupel/GhostDrive/plugins/loader/grpc_loader.go:143.31,145.3 1 8
github.com/CCoupel/GhostDrive/plugins/loader/grpc_loader.go:146.2,146.12 1 11
github.com/CCoupel/GhostDrive/plugins/loader/grpc_loader.go:160.46,165.16 3 8
github.com/CCoupel/GhostDrive/plugins/loader/grpc_loader.go:165.16,176.3 5 4
github.com/CCoupel/GhostDrive/plugins/loader/grpc_loader.go:178.2,188.61 5 4
github.com/CCoupel/GhostDrive/plugins/loader/grpc_loader.go:188.61,190.22 2 3
github.com/CCoupel/GhostDrive/plugins/loader/grpc_loader.go:190.22,193.4 2 0
github.com/CCoupel/GhostDrive/plugins/loader/grpc_loader.go:194.3,197.11 4 3
github.com/CCoupel/GhostDrive/plugins/loader/grpc_loader.go:202.2,218.81 7 4
github.com/CCoupel/GhostDrive/plugins/loader/grpc_loader.go:223.99,251.16 8 11
github.com/CCoupel/GhostDrive/plugins/loader/grpc_loader.go:251.16,254.3 2 4
github.com/CCoupel/GhostDrive/plugins/loader/grpc_loader.go:256.2,257.16 2 7
github.com/CCoupel/GhostDrive/plugins/loader/grpc_loader.go:257.16,260.3 2 0
github.com/CCoupel/GhostDrive/plugins/loader/grpc_loader.go:262.2,263.9 2 7
github.com/CCoupel/GhostDrive/plugins/loader/grpc_loader.go:263.9,266.3 2 0
github.com/CCoupel/GhostDrive/plugins/loader/grpc_loader.go:268.2,268.29 1 7
github.com/CCoupel/GhostDrive/plugins/loader/grpc_loader.go:276.72,279.53 2 0
github.com/CCoupel/GhostDrive/plugins/loader/grpc_loader.go:279.53,281.10 1 0
github.com/CCoupel/GhostDrive/plugins/loader/grpc_loader.go:282.21,283.10 1 0
github.com/CCoupel/GhostDrive/plugins/loader/grpc_loader.go:284.41,284.41 0 0
github.com/CCoupel/GhostDrive/plugins/loader/grpc_loader.go:288.3,288.10 1 0
github.com/CCoupel/GhostDrive/plugins/loader/grpc_loader.go:289.21,290.10 1 0
github.com/CCoupel/GhostDrive/plugins/loader/grpc_loader.go:291.11,291.11 0 0
github.com/CCoupel/GhostDrive/plugins/loader/grpc_loader.go:294.3,301.10 5 0
github.com/CCoupel/GhostDrive/plugins/loader/grpc_loader.go:302.21,303.10 1 0
github.com/CCoupel/GhostDrive/plugins/loader/grpc_loader.go:304.38,304.38 0 0
github.com/CCoupel/GhostDrive/plugins/loader/grpc_loader.go:307.3,308.17 2 0
github.com/CCoupel/GhostDrive/plugins/loader/grpc_loader.go:308.17,318.12 6 0
github.com/CCoupel/GhostDrive/plugins/loader/grpc_loader.go:322.3,329.69 6 0
github.com/CCoupel/GhostDrive/plugins/loader/grpc_loader.go:329.69,329.90 1 0
github.com/CCoupel/GhostDrive/plugins/loader/grpc_loader.go:331.3,333.15 2 0
github.com/CCoupel/GhostDrive/plugins/loader/grpc_loader.go:337.2,343.15 5 0
github.com/CCoupel/GhostDrive/plugins/loader/grpc_loader.go:347.80,349.12 2 0
github.com/CCoupel/GhostDrive/plugins/loader/grpc_loader.go:349.12,351.7 2 0
github.com/CCoupel/GhostDrive/plugins/loader/grpc_loader.go:351.7,352.11 1 0
github.com/CCoupel/GhostDrive/plugins/loader/grpc_loader.go:353.22,354.11 1 0
github.com/CCoupel/GhostDrive/plugins/loader/grpc_loader.go:355.46,356.24 1 0
github.com/CCoupel/GhostDrive/plugins/loader/grpc_loader.go:356.24,358.6 1 0
github.com/CCoupel/GhostDrive/plugins/loader/grpc_loader.go:362.2,362.11 1 0
github.com/CCoupel/GhostDrive/plugins/loader/grpc_loader.go:366.39,369.37 2 9
github.com/CCoupel/GhostDrive/plugins/loader/grpc_loader.go:369.37,371.3 1 3
github.com/CCoupel/GhostDrive/plugins/loader/grpc_loader.go:372.2,378.37 5 9
github.com/CCoupel/GhostDrive/plugins/loader/grpc_loader.go:378.37,380.34 1 6
github.com/CCoupel/GhostDrive/plugins/loader/grpc_loader.go:380.34,382.4 1 4
github.com/CCoupel/GhostDrive/plugins/loader/grpc_loader.go:383.3,383.26 1 6
github.com/CCoupel/GhostDrive/plugins/loader/grpc_loader.go:383.26,385.4 1 0
github.com/CCoupel/GhostDrive/plugins/loader/grpc_loader.go:386.3,386.48 1 6
github.com/CCoupel/GhostDrive/plugins/loader/grpc_loader.go:389.2,390.12 2 9
github.com/CCoupel/GhostDrive/plugins/loader/grpc_loader.go:395.72,400.30 4 0
github.com/CCoupel/GhostDrive/plugins/loader/grpc_loader.go:400.30,401.27 1 0
github.com/CCoupel/GhostDrive/plugins/loader/grpc_loader.go:401.27,403.4 1 0
github.com/CCoupel/GhostDrive/plugins/loader/grpc_loader.go:405.2,405.15 1 0
github.com/CCoupel/GhostDrive/plugins/loader/grpc_loader.go:409.54,414.30 4 11
github.com/CCoupel/GhostDrive/plugins/loader/grpc_loader.go:414.30,416.44 2 7
github.com/CCoupel/GhostDrive/plugins/loader/grpc_loader.go:416.44,419.4 1 7
github.com/CCoupel/GhostDrive/plugins/loader/grpc_loader.go:420.3,426.5 1 7
github.com/CCoupel/GhostDrive/plugins/loader/grpc_loader.go:428.2,428.15 1 11
github.com/CCoupel/GhostDrive/plugins/loader/grpc_loader.go:454.59,458.9 4 0
github.com/CCoupel/GhostDrive/plugins/loader/grpc_loader.go:458.9,460.3 1 0
github.com/CCoupel/GhostDrive/plugins/loader/grpc_loader.go:461.2,461.25 1 0
github.com/CCoupel/GhostDrive/plugins/loader/grpc_loader.go:461.25,463.3 1 0
github.com/CCoupel/GhostDrive/plugins/loader/grpc_loader.go:464.2,464.12 1 0
github.com/CCoupel/GhostDrive/plugins/loader/grpc_loader.go:475.39,476.73 1 15
github.com/CCoupel/GhostDrive/plugins/loader/grpc_loader.go:476.73,478.3 1 5
github.com/CCoupel/GhostDrive/plugins/loader/grpc_loader.go:479.2,479.18 1 10
github.com/CCoupel/GhostDrive/plugins/loader/grpc_loader.go:484.45,487.15 3 8
github.com/CCoupel/GhostDrive/plugins/loader/grpc_loader.go:487.15,489.3 1 8
github.com/CCoupel/GhostDrive/plugins/loader/grpc_loader.go:490.2,490.13 1 0
github.com/CCoupel/GhostDrive/plugins/loader/grpc_loader.go:494.41,496.2 1 11
github.com/CCoupel/GhostDrive/plugins/loader/proc_other.go:8.36,8.37 0 11
